2024-05-15 11:37:29,140 [INFO] Activator:176 - 


2024-05-15 11:37:29,142 [INFO] Activator:177 - !SESSION log4j initialized
2024-05-15 11:37:33,463 [INFO] LogOutputStream:77 - [STDOUT_REDIRECT] 
2024-05-15 11:37:36,879 [INFO] ApplicationProperties:184 - Using Application install path: C:\ST\STM32CubeIDE_1.13.2\STM32CubeIDE\plugins\com.st.stm32cube.common.mx_6.9.2.202309101412
2024-05-15 11:37:36,902 [INFO] DbMcusXml:78 - Set database path to: C:\ST\STM32CubeIDE_1.13.2\STM32CubeIDE\plugins\com.st.stm32cube.common.mx_6.9.2.202309101412\\db\/mcu/
2024-05-15 11:37:36,902 [INFO] ApiDb:274 - Set plugin database path to: C:\ST\STM32CubeIDE_1.13.2\STM32CubeIDE\plugins\com.st.stm32cube.common.mx_6.9.2.202309101412\\db\/plugins/boardmanager/
2024-05-15 11:37:36,903 [WARN] ApiDb:259 - Overriding images path with different value:  => C:\ST\STM32CubeIDE_1.13.2\STM32CubeIDE\plugins\com.st.stm32cube.common.mx_6.9.2.202309101412\\db\/plugins/mcufinder/images/
2024-05-15 11:37:36,920 [INFO] ApiDb:250 - Set database path to: C:\Users\jammu\.stmcufinder\plugins\mcufinder//mcu/
2024-05-15 11:37:36,922 [INFO] DbMcusAds:125 - Set database path to: C:\Users\jammu\.stmcufinder\plugins\mcufinder//mcu/
2024-05-15 11:37:36,926 [INFO] CrossReferenceDbSqlite:203 - Set database path to: C:\Users\jammu\.stmcufinder\plugins\mcufinder//mcu/cs/
2024-05-15 11:37:37,104 [INFO] RulesReader:64 - Compatibility file has been processed (293 Rules)
2024-05-15 11:37:37,239 [INFO] DbMcusXml:78 - Set database path to: C:\ST\STM32CubeIDE_1.13.2\STM32CubeIDE\plugins\com.st.stm32cube.common.mx_6.9.2.202309101412\\db\/mcu/
2024-05-15 11:37:37,239 [INFO] ApiDb:274 - Set plugin database path to: C:\ST\STM32CubeIDE_1.13.2\STM32CubeIDE\plugins\com.st.stm32cube.common.mx_6.9.2.202309101412\\db\/plugins/boardmanager/
2024-05-15 11:37:37,239 [INFO] ApiDb:261 - Set plugin images path to: C:\ST\STM32CubeIDE_1.13.2\STM32CubeIDE\plugins\com.st.stm32cube.common.mx_6.9.2.202309101412\\db\/plugins/mcufinder/images/
2024-05-15 11:37:37,240 [WARN] DbFile:41 - Overriding database path with different value: C:\Users\jammu\.stmcufinder\plugins\mcufinder/ => C:\Users\jammu\.stmcufinder\plugins\mcufinder
2024-05-15 11:37:37,240 [INFO] ApiDb:250 - Set database path to: C:\Users\jammu\.stmcufinder\plugins\mcufinder//mcu/
2024-05-15 11:37:37,240 [WARN] DbFile:41 - Overriding database path with different value: C:\Users\jammu\.stmcufinder\plugins\mcufinder/ => C:\Users\jammu\.stmcufinder\plugins\mcufinder
2024-05-15 11:37:37,240 [INFO] DbMcusAds:125 - Set database path to: C:\Users\jammu\.stmcufinder\plugins\mcufinder//mcu/
2024-05-15 11:37:37,240 [WARN] DbFile:41 - Overriding database path with different value: C:\Users\jammu\.stmcufinder\plugins\mcufinder/ => C:\Users\jammu\.stmcufinder\plugins\mcufinder
2024-05-15 11:37:37,240 [WARN] DbFile:41 - Overriding database path with different value: C:\Users\jammu\.stmcufinder\plugins\mcufinder/ => C:\Users\jammu\.stmcufinder\plugins\mcufinder
2024-05-15 11:37:37,241 [INFO] CrossReferenceDbSqlite:203 - Set database path to: C:\Users\jammu\.stmcufinder\plugins\mcufinder//mcu/cs/
2024-05-15 11:37:37,359 [INFO] MainPanel:262 - HeapMemory: 268435456
2024-05-15 11:37:37,478 [INFO] DbMcusXml:78 - Set database path to: C:\ST\STM32CubeIDE_1.13.2\STM32CubeIDE\plugins\com.st.stm32cube.common.mx_6.9.2.202309101412\\db\/mcu/
2024-05-15 11:37:37,478 [INFO] ApiDb:274 - Set plugin database path to: C:\ST\STM32CubeIDE_1.13.2\STM32CubeIDE\plugins\com.st.stm32cube.common.mx_6.9.2.202309101412\\db\/plugins/boardmanager/
2024-05-15 11:37:37,478 [INFO] ApiDb:261 - Set plugin images path to: C:\ST\STM32CubeIDE_1.13.2\STM32CubeIDE\plugins\com.st.stm32cube.common.mx_6.9.2.202309101412\\db\/plugins/mcufinder/images/
2024-05-15 11:37:37,479 [WARN] DbFile:41 - Overriding database path with different value: C:\Users\jammu\.stmcufinder\plugins\mcufinder/ => C:\Users\jammu\.stmcufinder\plugins\mcufinder
2024-05-15 11:37:37,479 [INFO] ApiDb:250 - Set database path to: C:\Users\jammu\.stmcufinder\plugins\mcufinder//mcu/
2024-05-15 11:37:37,479 [WARN] DbFile:41 - Overriding database path with different value: C:\Users\jammu\.stmcufinder\plugins\mcufinder/ => C:\Users\jammu\.stmcufinder\plugins\mcufinder
2024-05-15 11:37:37,479 [INFO] DbMcusAds:125 - Set database path to: C:\Users\jammu\.stmcufinder\plugins\mcufinder//mcu/
2024-05-15 11:37:37,480 [WARN] DbFile:41 - Overriding database path with different value: C:\Users\jammu\.stmcufinder\plugins\mcufinder/ => C:\Users\jammu\.stmcufinder\plugins\mcufinder
2024-05-15 11:37:37,480 [WARN] DbFile:41 - Overriding database path with different value: C:\Users\jammu\.stmcufinder\plugins\mcufinder/ => C:\Users\jammu\.stmcufinder\plugins\mcufinder
2024-05-15 11:37:37,480 [INFO] CrossReferenceDbSqlite:203 - Set database path to: C:\Users\jammu\.stmcufinder\plugins\mcufinder//mcu/cs/
2024-05-15 11:37:37,505 [INFO] ApplicationProperties:184 - Using Application install path: C:\ST\STM32CubeIDE_1.13.2\STM32CubeIDE\plugins\com.st.stm32cube.common.mx_6.9.2.202309101412
2024-05-15 11:37:37,507 [INFO] PluginManage:196 - Search for loadable plugins [exclusion list=, ]
2024-05-15 11:37:37,508 [INFO] PluginManage:310 - Check plugin analytics
2024-05-15 11:37:37,773 [INFO] AnalyticsPlugin:253 - Accepted Software Licenses: 
2024-05-15 11:37:37,774 [INFO] AnalyticsPlugin:255 - Accepted CMSIS Pack Licenses: 
2024-05-15 11:37:37,774 [INFO] AnalyticsPlugin:257 - Accepted Firmware Licenses: FW.F4.1.27.0
2024-05-15 11:37:37,779 [INFO] PluginManage:359 - Loaded plugin analytics (category:tool,tabindex:-1)
2024-05-15 11:37:37,780 [INFO] PluginManage:310 - Check plugin cadmodel
2024-05-15 11:37:37,796 [INFO] CADModel:105 - Init CAD model plugin
2024-05-15 11:37:37,796 [INFO] PluginManage:359 - Loaded plugin cadmodel (category:power,tabindex:5)
2024-05-15 11:37:37,796 [INFO] PluginManage:310 - Check plugin clock
2024-05-15 11:37:37,822 [INFO] PluginManage:359 - Loaded plugin clock (category:base,tabindex:2)
2024-05-15 11:37:37,822 [INFO] PluginManage:310 - Check plugin ddr
2024-05-15 11:37:37,826 [INFO] PluginManage:359 - Loaded plugin ddr (category:tool,tabindex:6)
2024-05-15 11:37:37,826 [INFO] PluginManage:310 - Check plugin filemanager
2024-05-15 11:37:38,003 [INFO] PluginManage:359 - Loaded plugin filemanager (category:base,tabindex:10)
2024-05-15 11:37:38,003 [INFO] PluginManage:310 - Check plugin ipmanager
2024-05-15 11:37:38,013 [INFO] PluginManage:359 - Loaded plugin ipmanager (category:base,tabindex:5)
2024-05-15 11:37:38,013 [INFO] PluginManage:310 - Check plugin lpbam
2024-05-15 11:37:38,037 [INFO] PluginManage:359 - Loaded plugin lpbam (category:base,tabindex:0)
2024-05-15 11:37:38,037 [INFO] PluginManage:310 - Check plugin memorymap
2024-05-15 11:37:38,067 [INFO] PluginManage:359 - Loaded plugin memorymap (category:base,tabindex:4)
2024-05-15 11:37:38,068 [INFO] PluginManage:310 - Check plugin pinoutandconfiguration
2024-05-15 11:37:38,088 [INFO] PluginManage:359 - Loaded plugin pinoutandconfiguration (category:base,tabindex:1)
2024-05-15 11:37:38,088 [INFO] PluginManage:310 - Check plugin pinoutconfig
2024-05-15 11:37:38,290 [WARN] SupportedApi:132 - Cannot load RTOS API schema: s4s-elt-must-match.1: The content of 'definitions' must match (annotation?, (simpleType | complexType)?, (unique | key | keyref)*)). A problem was found starting at: attribute.
2024-05-15 11:37:38,539 [INFO] PluginManage:359 - Loaded plugin pinoutconfig (category:base,tabindex:0)
2024-05-15 11:37:38,539 [INFO] PluginManage:310 - Check plugin power
2024-05-15 11:37:38,568 [INFO] PluginManage:359 - Loaded plugin power (category:power,tabindex:4)
2024-05-15 11:37:38,568 [INFO] PluginManage:310 - Check plugin projectmanager
2024-05-15 11:37:38,590 [INFO] PluginManage:359 - Loaded plugin projectmanager (category:projectmanager,tabindex:3)
2024-05-15 11:37:38,590 [INFO] PluginManage:310 - Check plugin thirdparty
2024-05-15 11:37:38,997 [INFO] PluginManage:359 - Loaded plugin thirdparty (category:base,tabindex:-1)
2024-05-15 11:37:38,997 [INFO] PluginManage:310 - Check plugin tools
2024-05-15 11:37:38,997 [WARN] IntegrityCheckThread:84 - waiting for thirdparty lock release [integrity check]
2024-05-15 11:37:38,997 [INFO] IntegrityCheckThread:86 - entering critical section [integrity check]
2024-05-15 11:37:38,999 [INFO] ThirdPartyUpdaterWithRetryManager:70 - Updater plugin not ready yet. [1/15]
2024-05-15 11:37:39,045 [INFO] PluginManage:359 - Loaded plugin tools (category:base,tabindex:7)
2024-05-15 11:37:39,045 [INFO] PluginManage:310 - Check plugin tutovideos
2024-05-15 11:37:39,293 [INFO] PluginManage:359 - Loaded plugin tutovideos (category:base,tabindex:-1)
2024-05-15 11:37:39,293 [INFO] PluginManage:310 - Check plugin updater
2024-05-15 11:37:39,306 [INFO] PluginManage:359 - Loaded plugin updater (category:base,tabindex:12)
2024-05-15 11:37:39,307 [INFO] PluginManage:310 - Check plugin userauth
2024-05-15 11:37:39,313 [INFO] UserAuth:113 - Init User Auth plugin
2024-05-15 11:37:39,313 [INFO] PluginManage:359 - Loaded plugin userauth (category:base,tabindex:14)
2024-05-15 11:37:39,314 [INFO] PluginManage:283 - PluginManage : Loaded plugins [17]
2024-05-15 11:37:39,632 [INFO] PinOutPanel:1499 - setPackage(No Configuration,No Configuration)
2024-05-15 11:37:39,807 [INFO] CADModel:165 - CPN selected for project level
2024-05-15 11:37:39,807 [INFO] CADModel:114 - Register for checkConnection events
2024-05-15 11:37:39,845 [INFO] IPUIPlugin:80 - create IPUIPlugin
2024-05-15 11:37:39,845 [INFO] PluginManager:220 - loadIPPluginJar : add adc
2024-05-15 11:37:39,896 [INFO] IPUIPlugin:80 - create IPUIPlugin
2024-05-15 11:37:39,896 [INFO] PluginManager:220 - loadIPPluginJar : add aes
2024-05-15 11:37:39,954 [INFO] IPUIPlugin:80 - create IPUIPlugin
2024-05-15 11:37:39,954 [INFO] PluginManager:220 - loadIPPluginJar : add can
2024-05-15 11:37:39,985 [INFO] IPUIPlugin:80 - create IPUIPlugin
2024-05-15 11:37:39,985 [INFO] PluginManager:220 - loadIPPluginJar : add comp
2024-05-15 11:37:40,032 [INFO] IPUIPlugin:80 - create IPUIPlugin
2024-05-15 11:37:40,032 [INFO] PluginManager:220 - loadIPPluginJar : add cryp
2024-05-15 11:37:40,074 [INFO] IPUIPlugin:80 - create IPUIPlugin
2024-05-15 11:37:40,074 [INFO] PluginManager:220 - loadIPPluginJar : add dfsdm
2024-05-15 11:37:40,092 [INFO] IPUIPlugin:80 - create IPUIPlugin
2024-05-15 11:37:40,092 [INFO] PluginManager:220 - loadIPPluginJar : add dma
2024-05-15 11:37:40,151 [INFO] IPUIPlugin:80 - create IPUIPlugin
2024-05-15 11:37:40,152 [INFO] PluginManager:220 - loadIPPluginJar : add dma3
2024-05-15 11:37:40,178 [INFO] IPUIPlugin:80 - create IPUIPlugin
2024-05-15 11:37:40,178 [INFO] PluginManager:220 - loadIPPluginJar : add fatfs
2024-05-15 11:37:40,238 [INFO] IPUIPlugin:80 - create IPUIPlugin
2024-05-15 11:37:40,238 [INFO] PluginManager:220 - loadIPPluginJar : add fmc
2024-05-15 11:37:40,254 [INFO] IPUIPlugin:80 - create IPUIPlugin
2024-05-15 11:37:40,255 [INFO] PluginManager:220 - loadIPPluginJar : add freertos
2024-05-15 11:37:40,281 [INFO] IPUIPlugin:80 - create IPUIPlugin
2024-05-15 11:37:40,282 [INFO] PluginManager:220 - loadIPPluginJar : add genericplugin
2024-05-15 11:37:40,395 [INFO] IPUIPlugin:80 - create IPUIPlugin
2024-05-15 11:37:40,395 [INFO] PluginManager:220 - loadIPPluginJar : add gfxmmu
2024-05-15 11:37:40,550 [INFO] IPUIPlugin:80 - create IPUIPlugin
2024-05-15 11:37:40,550 [INFO] PluginManager:220 - loadIPPluginJar : add gic
2024-05-15 11:37:40,563 [INFO] IPUIPlugin:80 - create IPUIPlugin
2024-05-15 11:37:40,564 [INFO] PluginManager:220 - loadIPPluginJar : add gpio
2024-05-15 11:37:40,685 [INFO] IPUIPlugin:80 - create IPUIPlugin
2024-05-15 11:37:40,685 [INFO] PluginManager:220 - loadIPPluginJar : add gtzc
2024-05-15 11:37:40,732 [INFO] IPUIPlugin:80 - create IPUIPlugin
2024-05-15 11:37:40,732 [INFO] PluginManager:220 - loadIPPluginJar : add hash
2024-05-15 11:37:40,807 [INFO] IPUIPlugin:80 - create IPUIPlugin
2024-05-15 11:37:40,807 [INFO] PluginManager:220 - loadIPPluginJar : add i2c
2024-05-15 11:37:40,859 [INFO] IPUIPlugin:80 - create IPUIPlugin
2024-05-15 11:37:40,859 [INFO] PluginManager:220 - loadIPPluginJar : add i2s
2024-05-15 11:37:40,914 [INFO] IPUIPlugin:80 - create IPUIPlugin
2024-05-15 11:37:40,914 [INFO] PluginManager:220 - loadIPPluginJar : add i3c
2024-05-15 11:37:41,051 [INFO] IPUIPlugin:80 - create IPUIPlugin
2024-05-15 11:37:41,052 [INFO] PluginManager:220 - loadIPPluginJar : add ipddr
2024-05-15 11:37:41,170 [INFO] IPUIPlugin:80 - create IPUIPlugin
2024-05-15 11:37:41,170 [INFO] PluginManager:220 - loadIPPluginJar : add linkedlist
2024-05-15 11:37:41,223 [INFO] IPUIPlugin:80 - create IPUIPlugin
2024-05-15 11:37:41,223 [INFO] PluginManager:220 - loadIPPluginJar : add lorawan
2024-05-15 11:37:41,276 [INFO] IPUIPlugin:80 - create IPUIPlugin
2024-05-15 11:37:41,277 [INFO] PluginManager:220 - loadIPPluginJar : add ltdc
2024-05-15 11:37:41,304 [INFO] IPUIPlugin:80 - create IPUIPlugin
2024-05-15 11:37:41,304 [INFO] PluginManager:220 - loadIPPluginJar : add mdma
2024-05-15 11:37:41,326 [INFO] IPUIPlugin:80 - create IPUIPlugin
2024-05-15 11:37:41,326 [INFO] PluginManager:220 - loadIPPluginJar : add nvic
2024-05-15 11:37:41,390 [INFO] IPUIPlugin:80 - create IPUIPlugin
2024-05-15 11:37:41,390 [INFO] PluginManager:220 - loadIPPluginJar : add opamp
2024-05-15 11:37:41,474 [INFO] IPUIPlugin:80 - create IPUIPlugin
2024-05-15 11:37:41,475 [INFO] PluginManager:220 - loadIPPluginJar : add openamp
2024-05-15 11:37:41,535 [INFO] IPUIPlugin:80 - create IPUIPlugin
2024-05-15 11:37:41,535 [INFO] PluginManager:220 - loadIPPluginJar : add pdm2pcm
2024-05-15 11:37:41,554 [INFO] IPUIPlugin:80 - create IPUIPlugin
2024-05-15 11:37:41,558 [INFO] PluginManager:220 - loadIPPluginJar : add plateformsettings
2024-05-15 11:37:41,596 [INFO] IPUIPlugin:80 - create IPUIPlugin
2024-05-15 11:37:41,596 [INFO] PluginManager:220 - loadIPPluginJar : add quadspi
2024-05-15 11:37:41,612 [INFO] IPUIPlugin:80 - create IPUIPlugin
2024-05-15 11:37:41,613 [INFO] PluginManager:220 - loadIPPluginJar : add resmgrutility
2024-05-15 11:37:41,699 [INFO] IPUIPlugin:80 - create IPUIPlugin
2024-05-15 11:37:41,700 [INFO] PluginManager:220 - loadIPPluginJar : add sai
2024-05-15 11:37:41,750 [INFO] IPUIPlugin:80 - create IPUIPlugin
2024-05-15 11:37:41,750 [INFO] PluginManager:220 - loadIPPluginJar : add spi
2024-05-15 11:37:41,823 [INFO] IPUIPlugin:80 - create IPUIPlugin
2024-05-15 11:37:41,823 [INFO] PluginManager:220 - loadIPPluginJar : add stm32_wpan
2024-05-15 11:37:41,851 [INFO] IPUIPlugin:80 - create IPUIPlugin
2024-05-15 11:37:41,851 [INFO] PluginManager:220 - loadIPPluginJar : add tim
2024-05-15 11:37:41,921 [INFO] IPUIPlugin:80 - create IPUIPlugin
2024-05-15 11:37:41,921 [INFO] PluginManager:220 - loadIPPluginJar : add touchsensing
2024-05-15 11:37:41,948 [INFO] IPUIPlugin:80 - create IPUIPlugin
2024-05-15 11:37:41,948 [INFO] PluginManager:220 - loadIPPluginJar : add tracer_emb
2024-05-15 11:37:41,974 [INFO] IPUIPlugin:80 - create IPUIPlugin
2024-05-15 11:37:41,975 [INFO] PluginManager:220 - loadIPPluginJar : add ts
2024-05-15 11:37:41,999 [INFO] ThirdPartyUpdaterWithRetryManager:70 - Updater plugin not ready yet. [2/15]
2024-05-15 11:37:42,000 [INFO] IPUIPlugin:80 - create IPUIPlugin
2024-05-15 11:37:42,000 [INFO] PluginManager:220 - loadIPPluginJar : add tsc
2024-05-15 11:37:42,024 [INFO] IPUIPlugin:80 - create IPUIPlugin
2024-05-15 11:37:42,025 [INFO] PluginManager:220 - loadIPPluginJar : add ucpd
2024-05-15 11:37:42,077 [INFO] IPUIPlugin:80 - create IPUIPlugin
2024-05-15 11:37:42,077 [INFO] PluginManager:220 - loadIPPluginJar : add usart
2024-05-15 11:37:42,131 [INFO] IPUIPlugin:80 - create IPUIPlugin
2024-05-15 11:37:42,131 [INFO] PluginManager:220 - loadIPPluginJar : add usbx
2024-05-15 11:37:42,281 [INFO] CADModel:165 - CPN selected for project level
2024-05-15 11:37:42,281 [INFO] CADModel:114 - Register for checkConnection events
2024-05-15 11:37:42,281 [FATAL] Updater:308 - Updater called before beeing initialized
2024-05-15 11:37:42,282 [ERROR] CADModel:125 - Updater not yet initialized, retry later 
2024-05-15 11:37:42,476 [INFO] CADModel:165 - CPN selected for project level
2024-05-15 11:37:42,476 [INFO] CADModel:114 - Register for checkConnection events
2024-05-15 11:37:42,476 [FATAL] Updater:308 - Updater called before beeing initialized
2024-05-15 11:37:42,476 [ERROR] CADModel:125 - Updater not yet initialized, retry later 
2024-05-15 11:37:42,481 [FATAL] Updater:308 - Updater called before beeing initialized
2024-05-15 11:37:42,621 [FATAL] Updater:308 - Updater called before beeing initialized
2024-05-15 11:37:42,630 [INFO] DbMcusAds:53 - JSON generation date=Thu May 02 14:07:29 IST 2024 (1714639049318)
2024-05-15 11:37:42,630 [FATAL] Updater:308 - Updater called before beeing initialized
2024-05-15 11:37:42,728 [WARN] DetailPanel:346 - Failed to get advertising image, set to default
2024-05-15 11:37:42,850 [FATAL] Updater:308 - Updater called before beeing initialized
2024-05-15 11:37:42,852 [FATAL] Updater:308 - Updater called before beeing initialized
2024-05-15 11:37:42,852 [FATAL] Updater:308 - Updater called before beeing initialized
2024-05-15 11:37:42,852 [WARN] DetailPanel:346 - Failed to get advertising image, set to default
2024-05-15 11:37:42,853 [FATAL] Updater:308 - Updater called before beeing initialized
2024-05-15 11:37:42,936 [ERROR] Updater:1120 - MainUpdater not yet initialized. External WinMGr cannot be set.
2024-05-15 11:37:42,949 [INFO] Updater:1056 - Updater Version found : 6.9.2
2024-05-15 11:37:42,971 [INFO] ApplicationProperties:184 - Using Application install path: C:\ST\STM32CubeIDE_1.13.2\STM32CubeIDE\plugins\com.st.stm32cube.common.mx_6.9.2.202309101412
2024-05-15 11:37:43,920 [INFO] MainUpdater:2868 - connection check result : 10
2024-05-15 11:37:43,921 [INFO] MainUpdater:285 - Updater Check For Update Now.
2024-05-15 11:37:43,921 [INFO] MicroXplorer:498 - Change Database Version : DB.6.0.92
2024-05-15 11:37:43,952 [INFO] McuFinderGlobals:63 - Set McuFinder mode to 2 (CubeIDE integrated)
2024-05-15 11:37:44,246 [INFO] CheckServerUpdateThread:120 - End of CheckServer Thread
2024-05-15 11:37:45,415 [WARN] PackLoader:240 - Cannot read IP mode file for STMicroelectronics.FP-SNS-MOTENVWB1.1.4.0
2024-05-15 11:37:45,474 [WARN] PackLoader:240 - Cannot read IP mode file for STMicroelectronics.X-CUBE-SMBUS.2.1.0
2024-05-15 11:37:45,503 [WARN] PackLoader:240 - Cannot read IP mode file for STMicroelectronics.X-CUBE-TOUCHGFX.4.23.0
2024-05-15 11:37:45,542 [WARN] PackLoader:240 - Cannot read IP mode file for STMicroelectronics.X-CUBE-TOUCHGFX.4.23.2
2024-05-15 11:37:45,688 [WARN] PackLoader:240 - Cannot read IP mode file for STMicroelectronics.X-CUBE-AZRTOS-F7.1.1.0
2024-05-15 11:37:45,757 [WARN] PackLoader:240 - Cannot read IP mode file for STMicroelectronics.FP-SNS-MOTENV1.4.3.2
2024-05-15 11:37:45,807 [WARN] PackLoader:240 - Cannot read IP mode file for STMicroelectronics.FP-SNS-FLIGHT1.5.0.2
2024-05-15 11:37:45,878 [WARN] PackLoader:240 - Cannot read IP mode file for STMicroelectronics.X-CUBE-DISPLAY.3.0.0
2024-05-15 11:37:45,957 [WARN] PackLoader:240 - Cannot read IP mode file for STMicroelectronics.X-CUBE-BLE1.7.0.0
2024-05-15 11:37:46,000 [WARN] PackLoader:240 - Cannot read IP mode file for emotas.I-CUBE-CANOPEN.1.3.0
2024-05-15 11:37:46,067 [WARN] PackLoader:240 - Cannot read IP mode file for STMicroelectronics.X-CUBE-BLEMGR.3.1.0
2024-05-15 11:37:46,121 [WARN] PackLoader:240 - Cannot read IP mode file for STMicroelectronics.FP-SNS-SMARTAG2.1.2.0
2024-05-15 11:37:46,185 [INFO] LogOutputStream:77 - [STDOUT_REDIRECT] 1 : Invalid condition id : UX_CORESTACK_Condition cause : null
2024-05-15 11:37:46,187 [INFO] LogOutputStream:77 - [STDOUT_REDIRECT] 1 : Invalid condition id : UX_CORESTACK_Condition cause : null
2024-05-15 11:37:46,192 [INFO] LogOutputStream:77 - [STDOUT_REDIRECT] 1 : Invalid condition id : UX_CORESTACK_Condition cause : null
2024-05-15 11:37:46,198 [INFO] LogOutputStream:77 - [STDOUT_REDIRECT] 1 : Invalid condition id : UX_CORESTACK_Condition cause : null
2024-05-15 11:37:46,202 [INFO] LogOutputStream:77 - [STDOUT_REDIRECT] 1 : Invalid condition id : UX_CORESTACK_Condition cause : null
2024-05-15 11:37:46,216 [WARN] PackLoader:240 - Cannot read IP mode file for STMicroelectronics.X-CUBE-AZRTOS-WL.2.0.0
2024-05-15 11:37:46,255 [WARN] PackLoader:240 - Cannot read IP mode file for STMicroelectronics.FP-SNS-MOTENV1.5.0.0
2024-05-15 11:37:46,307 [WARN] PackLoader:240 - Cannot read IP mode file for WES.I-CUBE-Cesium.1.3.0
2024-05-15 11:37:46,349 [WARN] PackLoader:240 - Cannot read IP mode file for STMicroelectronics.X-CUBE-BLE2.3.3.0
2024-05-15 11:37:46,389 [WARN] PackLoader:240 - Cannot read IP mode file for STMicroelectronics.X-CUBE-TCPP.4.1.0
2024-05-15 11:37:46,426 [WARN] PackLoader:240 - Cannot read IP mode file for STMicroelectronics.X-CUBE-ALGOBUILD.1.3.0
2024-05-15 11:37:46,506 [WARN] PackLoader:240 - Cannot read IP mode file for STMicroelectronics.X-CUBE-AZRTOS-G0.1.1.0
2024-05-15 11:37:46,544 [WARN] PackLoader:240 - Cannot read IP mode file for STMicroelectronics.X-CUBE-SAFEA1.1.2.2
2024-05-15 11:37:46,581 [WARN] PackLoader:240 - Cannot read IP mode file for STMicroelectronics.X-CUBE-NFC4.3.0.0
2024-05-15 11:37:46,621 [WARN] PackLoader:240 - Cannot read IP mode file for STMicroelectronics.X-CUBE-BLEMGR.3.0.0
2024-05-15 11:37:46,660 [WARN] PackLoader:240 - Cannot read IP mode file for STMicroelectronics.FP-ATR-SIGFOX1.3.2.0
2024-05-15 11:37:46,696 [WARN] PackLoader:240 - Cannot read IP mode file for STMicroelectronics.X-CUBE-EEPRMA1.5.1.0
2024-05-15 11:37:46,820 [WARN] PackLoader:240 - Cannot read IP mode file for SEGGER.I-CUBE-embOS.1.3.1
2024-05-15 11:37:46,995 [WARN] PackLoader:240 - Cannot read IP mode file for STMicroelectronics.X-CUBE-ALGOBUILD.1.4.0
2024-05-15 11:37:47,029 [WARN] PackLoader:240 - Cannot read IP mode file for STMicroelectronics.X-CUBE-GNSS1.6.0.0
2024-05-15 11:37:47,139 [WARN] PackLoader:240 - Cannot read IP mode file for STMicroelectronics.X-CUBE-AZRTOS-F4.1.1.0
2024-05-15 11:37:47,201 [WARN] PackLoader:240 - Cannot read IP mode file for wolfSSL.I-CUBE-wolfSSL.5.6.4
2024-05-15 11:37:47,228 [WARN] PackLoader:240 - Cannot read IP mode file for STMicroelectronics.X-CUBE-FREERTOS.1.2.0
2024-05-15 11:37:47,297 [WARN] PackLoader:240 - Cannot read IP mode file for STMicroelectronics.X-CUBE-AZRTOS-L5.2.0.0
2024-05-15 11:37:47,332 [WARN] PackLoader:240 - Cannot read IP mode file for STMicroelectronics.X-CUBE-EEPRMA1.4.2.0
2024-05-15 11:37:47,367 [WARN] PackLoader:240 - Cannot read IP mode file for STMicroelectronics.X-CUBE-NFC6.3.1.0
2024-05-15 11:37:47,400 [WARN] PackLoader:240 - Cannot read IP mode file for ITTIA_DB.I-CUBE-ITTIADB.8.8.0
2024-05-15 11:37:47,426 [WARN] PackLoader:240 - Cannot read IP mode file for STMicroelectronics.X-CUBE-AI.9.0.0
2024-05-15 11:37:47,454 [WARN] PackLoader:240 - Cannot read IP mode file for STMicroelectronics.X-CUBE-NFC7.1.0.1
2024-05-15 11:37:47,492 [WARN] PackLoader:240 - Cannot read IP mode file for STMicroelectronics.X-CUBE-NFC6.3.0.0
2024-05-15 11:37:47,523 [WARN] PackLoader:240 - Cannot read IP mode file for STMicroelectronics.X-CUBE-AI.8.1.0
2024-05-15 11:37:47,594 [WARN] ConditionMgr:438 - getConditionDescription Invalid condition id : LAN8742 Phy interface Condition cause : null
2024-05-15 11:37:47,596 [WARN] PackLoader:240 - Cannot read IP mode file for STMicroelectronics.X-CUBE-AZRTOS-L4.2.0.0
2024-05-15 11:37:47,599 [WARN] ConditionMgr:1039 - genDependencies : Invalid condition id : LAN8742 Phy interface Condition cause : null
2024-05-15 11:37:47,600 [WARN] ConditionMgr:1039 - genDependencies : Invalid condition id : LAN8742 Phy interface Condition cause : null
2024-05-15 11:37:47,601 [WARN] ConditionMgr:1039 - genDependencies : Invalid condition id : LAN8742 Phy interface Condition cause : null
2024-05-15 11:37:47,634 [WARN] PackLoader:240 - Cannot read IP mode file for STMicroelectronics.X-CUBE-SFXS2LP1.4.0.0
2024-05-15 11:37:47,682 [WARN] ConditionMgr:438 - getConditionDescription Invalid condition id : UX DEVICE CLASS RTOS Condition cause : null
2024-05-15 11:37:47,683 [WARN] ConditionMgr:438 - getConditionDescription Invalid condition id : UX DEVICE CLASS RTOS Condition cause : null
2024-05-15 11:37:47,688 [WARN] PackLoader:240 - Cannot read IP mode file for STMicroelectronics.X-CUBE-AZRTOS-WB.2.0.0
2024-05-15 11:37:47,689 [WARN] ConditionMgr:1039 - genDependencies : Invalid condition id : UX DEVICE CLASS RTOS Condition cause : null
2024-05-15 11:37:47,690 [WARN] ConditionMgr:1039 - genDependencies : Invalid condition id : UX DEVICE CLASS RTOS Condition cause : null
2024-05-15 11:37:47,691 [WARN] ConditionMgr:1039 - genDependencies : Invalid condition id : UX DEVICE CLASS RTOS Condition cause : null
2024-05-15 11:37:47,691 [WARN] ConditionMgr:1039 - genDependencies : Invalid condition id : UX DEVICE CLASS RTOS Condition cause : null
2024-05-15 11:37:47,692 [WARN] ConditionMgr:1039 - genDependencies : Invalid condition id : UX DEVICE CLASS RTOS Condition cause : null
2024-05-15 11:37:47,732 [WARN] PackLoader:240 - Cannot read IP mode file for STMicroelectronics.X-CUBE-SUBG2.5.0.0
2024-05-15 11:37:47,794 [WARN] PackLoader:240 - Cannot read IP mode file for STMicroelectronics.X-CUBE-AZRTOS-G4.2.0.0
2024-05-15 11:37:47,841 [WARN] PackLoader:240 - Cannot read IP mode file for Infineon.AIROC-Wi-Fi-Bluetooth-STM32.1.5.1
2024-05-15 11:37:47,870 [WARN] PackLoader:240 - Cannot read IP mode file for STMicroelectronics.FP-SNS-MOTENVWB1.1.3.1
2024-05-15 11:37:47,893 [WARN] PackLoader:240 - Cannot read IP mode file for STMicroelectronics.X-CUBE-ISPU.2.0.0
2024-05-15 11:37:48,017 [WARN] PackLoader:240 - Cannot read IP mode file for STMicroelectronics.X-CUBE-MEMS1.10.0.0
2024-05-15 11:37:48,285 [WARN] PackLoader:240 - Cannot read IP mode file for STMicroelectronics.X-CUBE-FREERTOS.1.1.0
2024-05-15 11:37:48,314 [WARN] PackLoader:240 - Cannot read IP mode file for portGmbH.I-Cube-SoM-uGOAL.1.1.0
2024-05-15 11:37:48,338 [WARN] PackLoader:240 - Cannot read IP mode file for STMicroelectronics.X-CUBE-ALS.1.0.1
2024-05-15 11:37:48,401 [WARN] PackLoader:240 - Cannot read IP mode file for STMicroelectronics.X-CUBE-AZRTOS-H7RS.1.0.0
2024-05-15 11:37:48,431 [WARN] PackLoader:240 - Cannot read IP mode file for STMicroelectronics.FP-ATR-ASTRA1.2.0.0
2024-05-15 11:37:48,473 [WARN] PackLoader:240 - Cannot read IP mode file for STMicroelectronics.X-CUBE-TOF1.3.4.0
2024-05-15 11:37:48,538 [WARN] PackLoader:240 - Cannot read IP mode file for STMicroelectronics.X-CUBE-TOF1.3.4.1
2024-05-15 11:37:48,622 [WARN] PackLoader:240 - Cannot read IP mode file for STMicroelectronics.X-CUBE-AZRTOS-H7.3.2.0
2024-05-15 11:37:48,626 [INFO] ThirdParty:978 - Integrity check success = true
2024-05-15 11:37:48,627 [INFO] IntegrityCheckThread:100 - exiting critical section [integrity check]
2024-05-15 11:37:48,627 [INFO] IntegrityCheckThread:103 - End integrity checks thread
2024-05-15 11:38:05,350 [ERROR] LogOutputStream:75 - [STDERR_REDIRECT] SLF4J: Failed to load class "org.slf4j.impl.StaticLoggerBinder".
2024-05-15 11:38:05,351 [ERROR] LogOutputStream:75 - [STDERR_REDIRECT] SLF4J: Defaulting to no-operation (NOP) logger implementation
2024-05-15 11:38:05,355 [ERROR] LogOutputStream:75 - [STDERR_REDIRECT] SLF4J: See http://www.slf4j.org/codes.html#StaticLoggerBinder for further details.
