2024-05-13 18:24:15,123 [INFO] Activator:176 - 


2024-05-13 18:24:15,140 [INFO] Activator:177 - !SESSION log4j initialized
2024-05-13 18:24:36,377 [INFO] LogOutputStream:77 - [STDOUT_REDIRECT] 
2024-05-13 18:24:40,240 [INFO] ApplicationProperties:184 - Using Application install path: C:\ST\STM32CubeIDE_1.13.2\STM32CubeIDE\plugins\com.st.stm32cube.common.mx_6.9.2.202309101412
2024-05-13 18:24:40,261 [INFO] DbMcusXml:78 - Set database path to: C:\ST\STM32CubeIDE_1.13.2\STM32CubeIDE\plugins\com.st.stm32cube.common.mx_6.9.2.202309101412\\db\/mcu/
2024-05-13 18:24:40,261 [INFO] ApiDb:274 - Set plugin database path to: C:\ST\STM32CubeIDE_1.13.2\STM32CubeIDE\plugins\com.st.stm32cube.common.mx_6.9.2.202309101412\\db\/plugins/boardmanager/
2024-05-13 18:24:40,262 [WARN] ApiDb:259 - Overriding images path with different value:  => C:\ST\STM32CubeIDE_1.13.2\STM32CubeIDE\plugins\com.st.stm32cube.common.mx_6.9.2.202309101412\\db\/plugins/mcufinder/images/
2024-05-13 18:24:40,275 [INFO] ApiDb:250 - Set database path to: C:\Users\jammu\.stmcufinder\plugins\mcufinder//mcu/
2024-05-13 18:24:40,276 [INFO] DbMcusAds:125 - Set database path to: C:\Users\jammu\.stmcufinder\plugins\mcufinder//mcu/
2024-05-13 18:24:40,278 [INFO] CrossReferenceDbSqlite:203 - Set database path to: C:\Users\jammu\.stmcufinder\plugins\mcufinder//mcu/cs/
2024-05-13 18:24:40,443 [INFO] RulesReader:64 - Compatibility file has been processed (293 Rules)
2024-05-13 18:24:40,558 [INFO] DbMcusXml:78 - Set database path to: C:\ST\STM32CubeIDE_1.13.2\STM32CubeIDE\plugins\com.st.stm32cube.common.mx_6.9.2.202309101412\\db\/mcu/
2024-05-13 18:24:40,559 [INFO] ApiDb:274 - Set plugin database path to: C:\ST\STM32CubeIDE_1.13.2\STM32CubeIDE\plugins\com.st.stm32cube.common.mx_6.9.2.202309101412\\db\/plugins/boardmanager/
2024-05-13 18:24:40,559 [INFO] ApiDb:261 - Set plugin images path to: C:\ST\STM32CubeIDE_1.13.2\STM32CubeIDE\plugins\com.st.stm32cube.common.mx_6.9.2.202309101412\\db\/plugins/mcufinder/images/
2024-05-13 18:24:40,559 [WARN] DbFile:41 - Overriding database path with different value: C:\Users\jammu\.stmcufinder\plugins\mcufinder/ => C:\Users\jammu\.stmcufinder\plugins\mcufinder
2024-05-13 18:24:40,559 [INFO] ApiDb:250 - Set database path to: C:\Users\jammu\.stmcufinder\plugins\mcufinder//mcu/
2024-05-13 18:24:40,560 [WARN] DbFile:41 - Overriding database path with different value: C:\Users\jammu\.stmcufinder\plugins\mcufinder/ => C:\Users\jammu\.stmcufinder\plugins\mcufinder
2024-05-13 18:24:40,560 [INFO] DbMcusAds:125 - Set database path to: C:\Users\jammu\.stmcufinder\plugins\mcufinder//mcu/
2024-05-13 18:24:40,560 [WARN] DbFile:41 - Overriding database path with different value: C:\Users\jammu\.stmcufinder\plugins\mcufinder/ => C:\Users\jammu\.stmcufinder\plugins\mcufinder
2024-05-13 18:24:40,560 [WARN] DbFile:41 - Overriding database path with different value: C:\Users\jammu\.stmcufinder\plugins\mcufinder/ => C:\Users\jammu\.stmcufinder\plugins\mcufinder
2024-05-13 18:24:40,560 [INFO] CrossReferenceDbSqlite:203 - Set database path to: C:\Users\jammu\.stmcufinder\plugins\mcufinder//mcu/cs/
2024-05-13 18:24:40,671 [INFO] MainPanel:262 - HeapMemory: 268435456
2024-05-13 18:24:40,896 [INFO] DbMcusXml:78 - Set database path to: C:\ST\STM32CubeIDE_1.13.2\STM32CubeIDE\plugins\com.st.stm32cube.common.mx_6.9.2.202309101412\\db\/mcu/
2024-05-13 18:24:40,897 [INFO] ApiDb:274 - Set plugin database path to: C:\ST\STM32CubeIDE_1.13.2\STM32CubeIDE\plugins\com.st.stm32cube.common.mx_6.9.2.202309101412\\db\/plugins/boardmanager/
2024-05-13 18:24:40,897 [INFO] ApiDb:261 - Set plugin images path to: C:\ST\STM32CubeIDE_1.13.2\STM32CubeIDE\plugins\com.st.stm32cube.common.mx_6.9.2.202309101412\\db\/plugins/mcufinder/images/
2024-05-13 18:24:40,898 [WARN] DbFile:41 - Overriding database path with different value: C:\Users\jammu\.stmcufinder\plugins\mcufinder/ => C:\Users\jammu\.stmcufinder\plugins\mcufinder
2024-05-13 18:24:40,899 [INFO] ApiDb:250 - Set database path to: C:\Users\jammu\.stmcufinder\plugins\mcufinder//mcu/
2024-05-13 18:24:40,899 [WARN] DbFile:41 - Overriding database path with different value: C:\Users\jammu\.stmcufinder\plugins\mcufinder/ => C:\Users\jammu\.stmcufinder\plugins\mcufinder
2024-05-13 18:24:40,899 [INFO] DbMcusAds:125 - Set database path to: C:\Users\jammu\.stmcufinder\plugins\mcufinder//mcu/
2024-05-13 18:24:40,900 [WARN] DbFile:41 - Overriding database path with different value: C:\Users\jammu\.stmcufinder\plugins\mcufinder/ => C:\Users\jammu\.stmcufinder\plugins\mcufinder
2024-05-13 18:24:40,900 [WARN] DbFile:41 - Overriding database path with different value: C:\Users\jammu\.stmcufinder\plugins\mcufinder/ => C:\Users\jammu\.stmcufinder\plugins\mcufinder
2024-05-13 18:24:40,900 [INFO] CrossReferenceDbSqlite:203 - Set database path to: C:\Users\jammu\.stmcufinder\plugins\mcufinder//mcu/cs/
2024-05-13 18:24:40,948 [INFO] ApplicationProperties:184 - Using Application install path: C:\ST\STM32CubeIDE_1.13.2\STM32CubeIDE\plugins\com.st.stm32cube.common.mx_6.9.2.202309101412
2024-05-13 18:24:40,951 [INFO] PluginManage:196 - Search for loadable plugins [exclusion list=, ]
2024-05-13 18:24:40,954 [INFO] PluginManage:310 - Check plugin analytics
2024-05-13 18:24:41,284 [INFO] AnalyticsPlugin:253 - Accepted Software Licenses: 
2024-05-13 18:24:41,284 [INFO] AnalyticsPlugin:255 - Accepted CMSIS Pack Licenses: 
2024-05-13 18:24:41,284 [INFO] AnalyticsPlugin:257 - Accepted Firmware Licenses: FW.F4.1.27.0
2024-05-13 18:24:41,289 [INFO] PluginManage:359 - Loaded plugin analytics (category:tool,tabindex:-1)
2024-05-13 18:24:41,290 [INFO] PluginManage:310 - Check plugin cadmodel
2024-05-13 18:24:41,310 [INFO] CADModel:105 - Init CAD model plugin
2024-05-13 18:24:41,311 [INFO] PluginManage:359 - Loaded plugin cadmodel (category:power,tabindex:5)
2024-05-13 18:24:41,311 [INFO] PluginManage:310 - Check plugin clock
2024-05-13 18:24:41,342 [INFO] PluginManage:359 - Loaded plugin clock (category:base,tabindex:2)
2024-05-13 18:24:41,342 [INFO] PluginManage:310 - Check plugin ddr
2024-05-13 18:24:41,346 [INFO] PluginManage:359 - Loaded plugin ddr (category:tool,tabindex:6)
2024-05-13 18:24:41,346 [INFO] PluginManage:310 - Check plugin filemanager
2024-05-13 18:24:41,533 [INFO] PluginManage:359 - Loaded plugin filemanager (category:base,tabindex:10)
2024-05-13 18:24:41,533 [INFO] PluginManage:310 - Check plugin ipmanager
2024-05-13 18:24:41,543 [INFO] PluginManage:359 - Loaded plugin ipmanager (category:base,tabindex:5)
2024-05-13 18:24:41,544 [INFO] PluginManage:310 - Check plugin lpbam
2024-05-13 18:24:41,566 [INFO] PluginManage:359 - Loaded plugin lpbam (category:base,tabindex:0)
2024-05-13 18:24:41,566 [INFO] PluginManage:310 - Check plugin memorymap
2024-05-13 18:24:41,596 [INFO] PluginManage:359 - Loaded plugin memorymap (category:base,tabindex:4)
2024-05-13 18:24:41,596 [INFO] PluginManage:310 - Check plugin pinoutandconfiguration
2024-05-13 18:24:41,619 [INFO] PluginManage:359 - Loaded plugin pinoutandconfiguration (category:base,tabindex:1)
2024-05-13 18:24:41,619 [INFO] PluginManage:310 - Check plugin pinoutconfig
2024-05-13 18:24:41,768 [WARN] SupportedApi:132 - Cannot load RTOS API schema: s4s-elt-must-match.1: The content of 'definitions' must match (annotation?, (simpleType | complexType)?, (unique | key | keyref)*)). A problem was found starting at: attribute.
2024-05-13 18:24:41,964 [INFO] PluginManage:359 - Loaded plugin pinoutconfig (category:base,tabindex:0)
2024-05-13 18:24:41,964 [INFO] PluginManage:310 - Check plugin power
2024-05-13 18:24:41,989 [INFO] PluginManage:359 - Loaded plugin power (category:power,tabindex:4)
2024-05-13 18:24:41,989 [INFO] PluginManage:310 - Check plugin projectmanager
2024-05-13 18:24:42,010 [INFO] PluginManage:359 - Loaded plugin projectmanager (category:projectmanager,tabindex:3)
2024-05-13 18:24:42,010 [INFO] PluginManage:310 - Check plugin thirdparty
2024-05-13 18:24:42,661 [WARN] IntegrityCheckThread:84 - waiting for thirdparty lock release [integrity check]
2024-05-13 18:24:42,662 [INFO] IntegrityCheckThread:86 - entering critical section [integrity check]
2024-05-13 18:24:42,662 [INFO] PluginManage:359 - Loaded plugin thirdparty (category:base,tabindex:-1)
2024-05-13 18:24:42,663 [INFO] PluginManage:310 - Check plugin tools
2024-05-13 18:24:42,664 [INFO] ThirdPartyUpdaterWithRetryManager:70 - Updater plugin not ready yet. [1/15]
2024-05-13 18:24:42,754 [INFO] PluginManage:359 - Loaded plugin tools (category:base,tabindex:7)
2024-05-13 18:24:42,755 [INFO] PluginManage:310 - Check plugin tutovideos
2024-05-13 18:24:43,342 [INFO] PluginManage:359 - Loaded plugin tutovideos (category:base,tabindex:-1)
2024-05-13 18:24:43,342 [INFO] PluginManage:310 - Check plugin updater
2024-05-13 18:24:43,360 [INFO] PluginManage:359 - Loaded plugin updater (category:base,tabindex:12)
2024-05-13 18:24:43,361 [INFO] PluginManage:310 - Check plugin userauth
2024-05-13 18:24:43,370 [INFO] UserAuth:113 - Init User Auth plugin
2024-05-13 18:24:43,370 [INFO] PluginManage:359 - Loaded plugin userauth (category:base,tabindex:14)
2024-05-13 18:24:43,371 [INFO] PluginManage:283 - PluginManage : Loaded plugins [17]
2024-05-13 18:24:43,745 [INFO] PinOutPanel:1499 - setPackage(No Configuration,No Configuration)
2024-05-13 18:24:43,933 [INFO] CADModel:165 - CPN selected for project level
2024-05-13 18:24:43,934 [INFO] CADModel:114 - Register for checkConnection events
2024-05-13 18:24:43,996 [INFO] IPUIPlugin:80 - create IPUIPlugin
2024-05-13 18:24:43,997 [INFO] PluginManager:220 - loadIPPluginJar : add adc
2024-05-13 18:24:44,086 [INFO] IPUIPlugin:80 - create IPUIPlugin
2024-05-13 18:24:44,087 [INFO] PluginManager:220 - loadIPPluginJar : add aes
2024-05-13 18:24:44,180 [INFO] IPUIPlugin:80 - create IPUIPlugin
2024-05-13 18:24:44,180 [INFO] PluginManager:220 - loadIPPluginJar : add can
2024-05-13 18:24:44,249 [INFO] IPUIPlugin:80 - create IPUIPlugin
2024-05-13 18:24:44,250 [INFO] PluginManager:220 - loadIPPluginJar : add comp
2024-05-13 18:24:44,352 [INFO] IPUIPlugin:80 - create IPUIPlugin
2024-05-13 18:24:44,352 [INFO] PluginManager:220 - loadIPPluginJar : add cryp
2024-05-13 18:24:44,425 [INFO] IPUIPlugin:80 - create IPUIPlugin
2024-05-13 18:24:44,425 [INFO] PluginManager:220 - loadIPPluginJar : add dfsdm
2024-05-13 18:24:44,451 [INFO] IPUIPlugin:80 - create IPUIPlugin
2024-05-13 18:24:44,453 [INFO] PluginManager:220 - loadIPPluginJar : add dma
2024-05-13 18:24:44,548 [INFO] IPUIPlugin:80 - create IPUIPlugin
2024-05-13 18:24:44,548 [INFO] PluginManager:220 - loadIPPluginJar : add dma3
2024-05-13 18:24:44,609 [INFO] IPUIPlugin:80 - create IPUIPlugin
2024-05-13 18:24:44,610 [INFO] PluginManager:220 - loadIPPluginJar : add fatfs
2024-05-13 18:24:44,716 [INFO] IPUIPlugin:80 - create IPUIPlugin
2024-05-13 18:24:44,717 [INFO] PluginManager:220 - loadIPPluginJar : add fmc
2024-05-13 18:24:44,745 [INFO] IPUIPlugin:80 - create IPUIPlugin
2024-05-13 18:24:44,745 [INFO] PluginManager:220 - loadIPPluginJar : add freertos
2024-05-13 18:24:44,784 [INFO] IPUIPlugin:80 - create IPUIPlugin
2024-05-13 18:24:44,785 [INFO] PluginManager:220 - loadIPPluginJar : add genericplugin
2024-05-13 18:24:45,053 [INFO] IPUIPlugin:80 - create IPUIPlugin
2024-05-13 18:24:45,053 [INFO] PluginManager:220 - loadIPPluginJar : add gfxmmu
2024-05-13 18:24:45,530 [INFO] IPUIPlugin:80 - create IPUIPlugin
2024-05-13 18:24:45,530 [INFO] PluginManager:220 - loadIPPluginJar : add gic
2024-05-13 18:24:45,555 [INFO] IPUIPlugin:80 - create IPUIPlugin
2024-05-13 18:24:45,555 [INFO] PluginManager:220 - loadIPPluginJar : add gpio
2024-05-13 18:24:45,666 [INFO] ThirdPartyUpdaterWithRetryManager:70 - Updater plugin not ready yet. [2/15]
2024-05-13 18:24:45,744 [INFO] IPUIPlugin:80 - create IPUIPlugin
2024-05-13 18:24:45,745 [INFO] PluginManager:220 - loadIPPluginJar : add gtzc
2024-05-13 18:24:45,839 [INFO] IPUIPlugin:80 - create IPUIPlugin
2024-05-13 18:24:45,840 [INFO] PluginManager:220 - loadIPPluginJar : add hash
2024-05-13 18:24:45,995 [INFO] IPUIPlugin:80 - create IPUIPlugin
2024-05-13 18:24:45,996 [INFO] PluginManager:220 - loadIPPluginJar : add i2c
2024-05-13 18:24:46,131 [INFO] IPUIPlugin:80 - create IPUIPlugin
2024-05-13 18:24:46,131 [INFO] PluginManager:220 - loadIPPluginJar : add i2s
2024-05-13 18:24:46,224 [INFO] IPUIPlugin:80 - create IPUIPlugin
2024-05-13 18:24:46,224 [INFO] PluginManager:220 - loadIPPluginJar : add i3c
2024-05-13 18:24:46,568 [INFO] IPUIPlugin:80 - create IPUIPlugin
2024-05-13 18:24:46,568 [INFO] PluginManager:220 - loadIPPluginJar : add ipddr
2024-05-13 18:24:46,831 [INFO] IPUIPlugin:80 - create IPUIPlugin
2024-05-13 18:24:46,831 [INFO] PluginManager:220 - loadIPPluginJar : add linkedlist
2024-05-13 18:24:46,915 [INFO] IPUIPlugin:80 - create IPUIPlugin
2024-05-13 18:24:46,915 [INFO] PluginManager:220 - loadIPPluginJar : add lorawan
2024-05-13 18:24:46,981 [INFO] IPUIPlugin:80 - create IPUIPlugin
2024-05-13 18:24:46,981 [INFO] PluginManager:220 - loadIPPluginJar : add ltdc
2024-05-13 18:24:47,025 [INFO] IPUIPlugin:80 - create IPUIPlugin
2024-05-13 18:24:47,025 [INFO] PluginManager:220 - loadIPPluginJar : add mdma
2024-05-13 18:24:47,058 [INFO] IPUIPlugin:80 - create IPUIPlugin
2024-05-13 18:24:47,059 [INFO] PluginManager:220 - loadIPPluginJar : add nvic
2024-05-13 18:24:47,193 [INFO] IPUIPlugin:80 - create IPUIPlugin
2024-05-13 18:24:47,193 [INFO] PluginManager:220 - loadIPPluginJar : add opamp
2024-05-13 18:24:47,390 [INFO] IPUIPlugin:80 - create IPUIPlugin
2024-05-13 18:24:47,391 [INFO] PluginManager:220 - loadIPPluginJar : add openamp
2024-05-13 18:24:47,493 [INFO] IPUIPlugin:80 - create IPUIPlugin
2024-05-13 18:24:47,493 [INFO] PluginManager:220 - loadIPPluginJar : add pdm2pcm
2024-05-13 18:24:47,516 [INFO] IPUIPlugin:80 - create IPUIPlugin
2024-05-13 18:24:47,520 [INFO] PluginManager:220 - loadIPPluginJar : add plateformsettings
2024-05-13 18:24:47,551 [INFO] IPUIPlugin:80 - create IPUIPlugin
2024-05-13 18:24:47,551 [INFO] PluginManager:220 - loadIPPluginJar : add quadspi
2024-05-13 18:24:47,568 [INFO] IPUIPlugin:80 - create IPUIPlugin
2024-05-13 18:24:47,568 [INFO] PluginManager:220 - loadIPPluginJar : add resmgrutility
2024-05-13 18:24:47,667 [INFO] IPUIPlugin:80 - create IPUIPlugin
2024-05-13 18:24:47,667 [INFO] PluginManager:220 - loadIPPluginJar : add sai
2024-05-13 18:24:47,771 [INFO] IPUIPlugin:80 - create IPUIPlugin
2024-05-13 18:24:47,771 [INFO] PluginManager:220 - loadIPPluginJar : add spi
2024-05-13 18:24:47,898 [INFO] IPUIPlugin:80 - create IPUIPlugin
2024-05-13 18:24:47,898 [INFO] PluginManager:220 - loadIPPluginJar : add stm32_wpan
2024-05-13 18:24:47,949 [INFO] IPUIPlugin:80 - create IPUIPlugin
2024-05-13 18:24:47,949 [INFO] PluginManager:220 - loadIPPluginJar : add tim
2024-05-13 18:24:48,056 [INFO] IPUIPlugin:80 - create IPUIPlugin
2024-05-13 18:24:48,057 [INFO] PluginManager:220 - loadIPPluginJar : add touchsensing
2024-05-13 18:24:48,104 [INFO] IPUIPlugin:80 - create IPUIPlugin
2024-05-13 18:24:48,105 [INFO] PluginManager:220 - loadIPPluginJar : add tracer_emb
2024-05-13 18:24:48,172 [INFO] IPUIPlugin:80 - create IPUIPlugin
2024-05-13 18:24:48,172 [INFO] PluginManager:220 - loadIPPluginJar : add ts
2024-05-13 18:24:48,220 [INFO] IPUIPlugin:80 - create IPUIPlugin
2024-05-13 18:24:48,221 [INFO] PluginManager:220 - loadIPPluginJar : add tsc
2024-05-13 18:24:48,293 [INFO] IPUIPlugin:80 - create IPUIPlugin
2024-05-13 18:24:48,293 [INFO] PluginManager:220 - loadIPPluginJar : add ucpd
2024-05-13 18:24:48,401 [INFO] IPUIPlugin:80 - create IPUIPlugin
2024-05-13 18:24:48,401 [INFO] PluginManager:220 - loadIPPluginJar : add usart
2024-05-13 18:24:48,537 [INFO] IPUIPlugin:80 - create IPUIPlugin
2024-05-13 18:24:48,538 [INFO] PluginManager:220 - loadIPPluginJar : add usbx
2024-05-13 18:24:48,667 [INFO] ThirdPartyUpdaterWithRetryManager:70 - Updater plugin not ready yet. [3/15]
2024-05-13 18:24:48,720 [INFO] CADModel:165 - CPN selected for project level
2024-05-13 18:24:48,720 [INFO] CADModel:114 - Register for checkConnection events
2024-05-13 18:24:48,721 [FATAL] Updater:308 - Updater called before beeing initialized
2024-05-13 18:24:48,721 [ERROR] CADModel:125 - Updater not yet initialized, retry later 
2024-05-13 18:24:49,139 [INFO] CADModel:165 - CPN selected for project level
2024-05-13 18:24:49,140 [INFO] CADModel:114 - Register for checkConnection events
2024-05-13 18:24:49,140 [FATAL] Updater:308 - Updater called before beeing initialized
2024-05-13 18:24:49,140 [ERROR] CADModel:125 - Updater not yet initialized, retry later 
2024-05-13 18:24:49,150 [FATAL] Updater:308 - Updater called before beeing initialized
2024-05-13 18:24:49,460 [FATAL] Updater:308 - Updater called before beeing initialized
2024-05-13 18:24:49,490 [INFO] DbMcusAds:53 - JSON generation date=Thu May 02 14:07:29 IST 2024 (1714639049318)
2024-05-13 18:24:49,491 [FATAL] Updater:308 - Updater called before beeing initialized
2024-05-13 18:24:49,696 [WARN] DetailPanel:346 - Failed to get advertising image, set to default
2024-05-13 18:24:49,998 [FATAL] Updater:308 - Updater called before beeing initialized
2024-05-13 18:24:50,003 [FATAL] Updater:308 - Updater called before beeing initialized
2024-05-13 18:24:50,003 [FATAL] Updater:308 - Updater called before beeing initialized
2024-05-13 18:24:50,003 [WARN] DetailPanel:346 - Failed to get advertising image, set to default
2024-05-13 18:24:50,005 [FATAL] Updater:308 - Updater called before beeing initialized
2024-05-13 18:24:50,183 [ERROR] Updater:1120 - MainUpdater not yet initialized. External WinMGr cannot be set.
2024-05-13 18:24:50,204 [INFO] Updater:1056 - Updater Version found : 6.9.2
2024-05-13 18:24:50,256 [INFO] ApplicationProperties:184 - Using Application install path: C:\ST\STM32CubeIDE_1.13.2\STM32CubeIDE\plugins\com.st.stm32cube.common.mx_6.9.2.202309101412
2024-05-13 18:24:50,670 [INFO] MainUpdater:2868 - connection check result : 10
2024-05-13 18:24:50,671 [INFO] MainUpdater:285 - Updater Check For Update Now.
2024-05-13 18:24:50,672 [INFO] MicroXplorer:498 - Change Database Version : DB.6.0.92
2024-05-13 18:24:50,698 [INFO] McuFinderGlobals:63 - Set McuFinder mode to 2 (CubeIDE integrated)
2024-05-13 18:24:50,994 [INFO] CheckServerUpdateThread:120 - End of CheckServer Thread
2024-05-13 18:24:52,144 [WARN] PackLoader:240 - Cannot read IP mode file for STMicroelectronics.FP-SNS-MOTENVWB1.1.4.0
2024-05-13 18:24:52,187 [WARN] PackLoader:240 - Cannot read IP mode file for STMicroelectronics.X-CUBE-SMBUS.2.1.0
2024-05-13 18:24:52,219 [WARN] PackLoader:240 - Cannot read IP mode file for STMicroelectronics.X-CUBE-TOUCHGFX.4.23.0
2024-05-13 18:24:52,240 [WARN] PackLoader:240 - Cannot read IP mode file for STMicroelectronics.X-CUBE-TOUCHGFX.4.23.2
2024-05-13 18:24:52,368 [WARN] PackLoader:240 - Cannot read IP mode file for STMicroelectronics.X-CUBE-AZRTOS-F7.1.1.0
2024-05-13 18:24:52,418 [WARN] PackLoader:240 - Cannot read IP mode file for STMicroelectronics.FP-SNS-MOTENV1.4.3.2
2024-05-13 18:24:52,459 [WARN] PackLoader:240 - Cannot read IP mode file for STMicroelectronics.FP-SNS-FLIGHT1.5.0.2
2024-05-13 18:24:52,513 [WARN] PackLoader:240 - Cannot read IP mode file for STMicroelectronics.X-CUBE-DISPLAY.3.0.0
2024-05-13 18:24:52,621 [WARN] PackLoader:240 - Cannot read IP mode file for STMicroelectronics.X-CUBE-BLE1.7.0.0
2024-05-13 18:24:52,651 [WARN] PackLoader:240 - Cannot read IP mode file for emotas.I-CUBE-CANOPEN.1.3.0
2024-05-13 18:24:52,705 [WARN] PackLoader:240 - Cannot read IP mode file for STMicroelectronics.X-CUBE-BLEMGR.3.1.0
2024-05-13 18:24:52,742 [WARN] PackLoader:240 - Cannot read IP mode file for STMicroelectronics.FP-SNS-SMARTAG2.1.2.0
2024-05-13 18:24:52,792 [INFO] LogOutputStream:77 - [STDOUT_REDIRECT] 1 : Invalid condition id : UX_CORESTACK_Condition cause : null
2024-05-13 18:24:52,793 [INFO] LogOutputStream:77 - [STDOUT_REDIRECT] 1 : Invalid condition id : UX_CORESTACK_Condition cause : null
2024-05-13 18:24:52,795 [INFO] LogOutputStream:77 - [STDOUT_REDIRECT] 1 : Invalid condition id : UX_CORESTACK_Condition cause : null
2024-05-13 18:24:52,798 [INFO] LogOutputStream:77 - [STDOUT_REDIRECT] 1 : Invalid condition id : UX_CORESTACK_Condition cause : null
2024-05-13 18:24:52,801 [INFO] LogOutputStream:77 - [STDOUT_REDIRECT] 1 : Invalid condition id : UX_CORESTACK_Condition cause : null
2024-05-13 18:24:52,808 [WARN] PackLoader:240 - Cannot read IP mode file for STMicroelectronics.X-CUBE-AZRTOS-WL.2.0.0
2024-05-13 18:24:52,861 [WARN] PackLoader:240 - Cannot read IP mode file for STMicroelectronics.FP-SNS-MOTENV1.5.0.0
2024-05-13 18:24:52,907 [WARN] PackLoader:240 - Cannot read IP mode file for WES.I-CUBE-Cesium.1.3.0
2024-05-13 18:24:52,930 [WARN] PackLoader:240 - Cannot read IP mode file for STMicroelectronics.X-CUBE-BLE2.3.3.0
2024-05-13 18:24:52,959 [WARN] PackLoader:240 - Cannot read IP mode file for STMicroelectronics.X-CUBE-TCPP.4.1.0
2024-05-13 18:24:52,995 [WARN] PackLoader:240 - Cannot read IP mode file for STMicroelectronics.X-CUBE-ALGOBUILD.1.3.0
2024-05-13 18:24:53,074 [WARN] PackLoader:240 - Cannot read IP mode file for STMicroelectronics.X-CUBE-AZRTOS-G0.1.1.0
2024-05-13 18:24:53,141 [WARN] PackLoader:240 - Cannot read IP mode file for STMicroelectronics.X-CUBE-SAFEA1.1.2.2
2024-05-13 18:24:53,179 [WARN] PackLoader:240 - Cannot read IP mode file for STMicroelectronics.X-CUBE-NFC4.3.0.0
2024-05-13 18:24:53,245 [WARN] PackLoader:240 - Cannot read IP mode file for STMicroelectronics.X-CUBE-BLEMGR.3.0.0
2024-05-13 18:24:53,276 [WARN] PackLoader:240 - Cannot read IP mode file for STMicroelectronics.FP-ATR-SIGFOX1.3.2.0
2024-05-13 18:24:53,305 [WARN] PackLoader:240 - Cannot read IP mode file for STMicroelectronics.X-CUBE-EEPRMA1.5.1.0
2024-05-13 18:24:53,479 [WARN] PackLoader:240 - Cannot read IP mode file for SEGGER.I-CUBE-embOS.1.3.1
2024-05-13 18:24:53,698 [WARN] PackLoader:240 - Cannot read IP mode file for STMicroelectronics.X-CUBE-ALGOBUILD.1.4.0
2024-05-13 18:24:53,750 [WARN] PackLoader:240 - Cannot read IP mode file for STMicroelectronics.X-CUBE-GNSS1.6.0.0
2024-05-13 18:24:53,821 [WARN] PackLoader:240 - Cannot read IP mode file for STMicroelectronics.X-CUBE-AZRTOS-F4.1.1.0
2024-05-13 18:24:53,865 [WARN] PackLoader:240 - Cannot read IP mode file for wolfSSL.I-CUBE-wolfSSL.5.6.4
2024-05-13 18:24:53,919 [WARN] PackLoader:240 - Cannot read IP mode file for STMicroelectronics.X-CUBE-FREERTOS.1.2.0
2024-05-13 18:24:53,992 [WARN] PackLoader:240 - Cannot read IP mode file for STMicroelectronics.X-CUBE-AZRTOS-L5.2.0.0
2024-05-13 18:24:54,035 [WARN] PackLoader:240 - Cannot read IP mode file for STMicroelectronics.X-CUBE-EEPRMA1.4.2.0
2024-05-13 18:24:54,098 [WARN] PackLoader:240 - Cannot read IP mode file for STMicroelectronics.X-CUBE-NFC6.3.1.0
2024-05-13 18:24:54,134 [WARN] PackLoader:240 - Cannot read IP mode file for ITTIA_DB.I-CUBE-ITTIADB.8.8.0
2024-05-13 18:24:54,174 [WARN] PackLoader:240 - Cannot read IP mode file for STMicroelectronics.X-CUBE-AI.9.0.0
2024-05-13 18:24:54,235 [WARN] PackLoader:240 - Cannot read IP mode file for STMicroelectronics.X-CUBE-NFC7.1.0.1
2024-05-13 18:24:54,273 [WARN] PackLoader:240 - Cannot read IP mode file for STMicroelectronics.X-CUBE-NFC6.3.0.0
2024-05-13 18:24:54,305 [WARN] PackLoader:240 - Cannot read IP mode file for STMicroelectronics.X-CUBE-AI.8.1.0
2024-05-13 18:24:54,434 [WARN] ConditionMgr:438 - getConditionDescription Invalid condition id : LAN8742 Phy interface Condition cause : null
2024-05-13 18:24:54,436 [WARN] PackLoader:240 - Cannot read IP mode file for STMicroelectronics.X-CUBE-AZRTOS-L4.2.0.0
2024-05-13 18:24:54,439 [WARN] ConditionMgr:1039 - genDependencies : Invalid condition id : LAN8742 Phy interface Condition cause : null
2024-05-13 18:24:54,441 [WARN] ConditionMgr:1039 - genDependencies : Invalid condition id : LAN8742 Phy interface Condition cause : null
2024-05-13 18:24:54,442 [WARN] ConditionMgr:1039 - genDependencies : Invalid condition id : LAN8742 Phy interface Condition cause : null
2024-05-13 18:24:54,490 [WARN] PackLoader:240 - Cannot read IP mode file for STMicroelectronics.X-CUBE-SFXS2LP1.4.0.0
2024-05-13 18:24:54,557 [WARN] ConditionMgr:438 - getConditionDescription Invalid condition id : UX DEVICE CLASS RTOS Condition cause : null
2024-05-13 18:24:54,558 [WARN] ConditionMgr:438 - getConditionDescription Invalid condition id : UX DEVICE CLASS RTOS Condition cause : null
2024-05-13 18:24:54,566 [WARN] PackLoader:240 - Cannot read IP mode file for STMicroelectronics.X-CUBE-AZRTOS-WB.2.0.0
2024-05-13 18:24:54,572 [WARN] ConditionMgr:1039 - genDependencies : Invalid condition id : UX DEVICE CLASS RTOS Condition cause : null
2024-05-13 18:24:54,573 [WARN] ConditionMgr:1039 - genDependencies : Invalid condition id : UX DEVICE CLASS RTOS Condition cause : null
2024-05-13 18:24:54,576 [WARN] ConditionMgr:1039 - genDependencies : Invalid condition id : UX DEVICE CLASS RTOS Condition cause : null
2024-05-13 18:24:54,578 [WARN] ConditionMgr:1039 - genDependencies : Invalid condition id : UX DEVICE CLASS RTOS Condition cause : null
2024-05-13 18:24:54,579 [WARN] ConditionMgr:1039 - genDependencies : Invalid condition id : UX DEVICE CLASS RTOS Condition cause : null
2024-05-13 18:24:54,635 [WARN] PackLoader:240 - Cannot read IP mode file for STMicroelectronics.X-CUBE-SUBG2.5.0.0
2024-05-13 18:24:54,723 [WARN] PackLoader:240 - Cannot read IP mode file for STMicroelectronics.X-CUBE-AZRTOS-G4.2.0.0
2024-05-13 18:24:54,791 [WARN] PackLoader:240 - Cannot read IP mode file for Infineon.AIROC-Wi-Fi-Bluetooth-STM32.1.5.1
2024-05-13 18:24:54,836 [WARN] PackLoader:240 - Cannot read IP mode file for STMicroelectronics.FP-SNS-MOTENVWB1.1.3.1
2024-05-13 18:24:54,882 [WARN] PackLoader:240 - Cannot read IP mode file for STMicroelectronics.X-CUBE-ISPU.2.0.0
2024-05-13 18:24:55,055 [WARN] PackLoader:240 - Cannot read IP mode file for STMicroelectronics.X-CUBE-MEMS1.10.0.0
2024-05-13 18:24:55,448 [WARN] PackLoader:240 - Cannot read IP mode file for STMicroelectronics.X-CUBE-FREERTOS.1.1.0
2024-05-13 18:24:55,502 [WARN] PackLoader:240 - Cannot read IP mode file for portGmbH.I-Cube-SoM-uGOAL.1.1.0
2024-05-13 18:24:55,534 [WARN] PackLoader:240 - Cannot read IP mode file for STMicroelectronics.X-CUBE-ALS.1.0.1
2024-05-13 18:24:55,602 [WARN] PackLoader:240 - Cannot read IP mode file for STMicroelectronics.X-CUBE-AZRTOS-H7RS.1.0.0
2024-05-13 18:24:55,634 [WARN] PackLoader:240 - Cannot read IP mode file for STMicroelectronics.FP-ATR-ASTRA1.2.0.0
2024-05-13 18:24:55,686 [WARN] PackLoader:240 - Cannot read IP mode file for STMicroelectronics.X-CUBE-TOF1.3.4.0
2024-05-13 18:24:55,761 [WARN] PackLoader:240 - Cannot read IP mode file for STMicroelectronics.X-CUBE-TOF1.3.4.1
2024-05-13 18:24:55,957 [WARN] PackLoader:240 - Cannot read IP mode file for STMicroelectronics.X-CUBE-AZRTOS-H7.3.2.0
2024-05-13 18:24:55,972 [INFO] ThirdParty:978 - Integrity check success = true
2024-05-13 18:24:55,972 [INFO] IntegrityCheckThread:100 - exiting critical section [integrity check]
2024-05-13 18:24:55,972 [INFO] IntegrityCheckThread:103 - End integrity checks thread
2024-05-13 18:25:14,203 [ERROR] LogOutputStream:75 - [STDERR_REDIRECT] SLF4J: Failed to load class "org.slf4j.impl.StaticLoggerBinder".
2024-05-13 18:25:14,204 [ERROR] LogOutputStream:75 - [STDERR_REDIRECT] SLF4J: Defaulting to no-operation (NOP) logger implementation
2024-05-13 18:25:14,207 [ERROR] LogOutputStream:75 - [STDERR_REDIRECT] SLF4J: See http://www.slf4j.org/codes.html#StaticLoggerBinder for further details.
2024-05-13 18:46:54,216 [INFO] LogOutputStream:77 - [STDOUT_REDIRECT] StartTraceHandler.execute(), success : Collect=true
2024-05-13 18:46:56,581 [INFO] LogOutputStream:77 - [STDOUT_REDIRECT] StartTraceHandler.execute(), success : Collect=false
2024-05-13 18:46:59,026 [INFO] LogOutputStream:77 - [STDOUT_REDIRECT] StartTraceHandler.execute(), success : Collect=true
2024-05-13 19:49:46,609 [ERROR] ConfigurationRetriever:142 - IOException on connection: Read timed out
2024-05-13 19:51:46,311 [INFO] LogOutputStream:77 - [STDOUT_REDIRECT] StartTraceHandler.execute(), success : Collect=false
2024-05-13 19:51:49,240 [INFO] LogOutputStream:77 - [STDOUT_REDIRECT] StartTraceHandler.execute(), success : Collect=true
2024-05-13 20:21:29,943 [ERROR] ConfigurationRetriever:142 - IOException on connection: Read timed out
2024-05-13 20:23:20,048 [ERROR] ConfigurationRetriever:142 - IOException on connection: Connect timed out
