2024-05-18 19:13:37,962 [INFO] Activator:176 - 


2024-05-18 19:13:37,970 [INFO] Activator:177 - !SESSION log4j initialized
2024-05-18 19:13:45,263 [INFO] LogOutputStream:77 - [STDOUT_REDIRECT] 
2024-05-18 19:13:47,822 [INFO] ApplicationProperties:184 - Using Application install path: C:\ST\STM32CubeIDE_1.13.2\STM32CubeIDE\plugins\com.st.stm32cube.common.mx_6.9.2.202309101412
2024-05-18 19:13:47,854 [INFO] DbMcusXml:78 - Set database path to: C:\ST\STM32CubeIDE_1.13.2\STM32CubeIDE\plugins\com.st.stm32cube.common.mx_6.9.2.202309101412\\db\/mcu/
2024-05-18 19:13:47,854 [INFO] ApiDb:274 - Set plugin database path to: C:\ST\STM32CubeIDE_1.13.2\STM32CubeIDE\plugins\com.st.stm32cube.common.mx_6.9.2.202309101412\\db\/plugins/boardmanager/
2024-05-18 19:13:47,855 [WARN] ApiDb:259 - Overriding images path with different value:  => C:\ST\STM32CubeIDE_1.13.2\STM32CubeIDE\plugins\com.st.stm32cube.common.mx_6.9.2.202309101412\\db\/plugins/mcufinder/images/
2024-05-18 19:13:47,873 [INFO] ApiDb:250 - Set database path to: C:\Users\jammu\.stmcufinder\plugins\mcufinder//mcu/
2024-05-18 19:13:47,874 [INFO] DbMcusAds:125 - Set database path to: C:\Users\jammu\.stmcufinder\plugins\mcufinder//mcu/
2024-05-18 19:13:47,877 [INFO] CrossReferenceDbSqlite:203 - Set database path to: C:\Users\jammu\.stmcufinder\plugins\mcufinder//mcu/cs/
2024-05-18 19:13:48,058 [INFO] RulesReader:64 - Compatibility file has been processed (293 Rules)
2024-05-18 19:13:48,183 [INFO] DbMcusXml:78 - Set database path to: C:\ST\STM32CubeIDE_1.13.2\STM32CubeIDE\plugins\com.st.stm32cube.common.mx_6.9.2.202309101412\\db\/mcu/
2024-05-18 19:13:48,184 [INFO] ApiDb:274 - Set plugin database path to: C:\ST\STM32CubeIDE_1.13.2\STM32CubeIDE\plugins\com.st.stm32cube.common.mx_6.9.2.202309101412\\db\/plugins/boardmanager/
2024-05-18 19:13:48,184 [INFO] ApiDb:261 - Set plugin images path to: C:\ST\STM32CubeIDE_1.13.2\STM32CubeIDE\plugins\com.st.stm32cube.common.mx_6.9.2.202309101412\\db\/plugins/mcufinder/images/
2024-05-18 19:13:48,184 [WARN] DbFile:41 - Overriding database path with different value: C:\Users\jammu\.stmcufinder\plugins\mcufinder/ => C:\Users\jammu\.stmcufinder\plugins\mcufinder
2024-05-18 19:13:48,185 [INFO] ApiDb:250 - Set database path to: C:\Users\jammu\.stmcufinder\plugins\mcufinder//mcu/
2024-05-18 19:13:48,185 [WARN] DbFile:41 - Overriding database path with different value: C:\Users\jammu\.stmcufinder\plugins\mcufinder/ => C:\Users\jammu\.stmcufinder\plugins\mcufinder
2024-05-18 19:13:48,185 [INFO] DbMcusAds:125 - Set database path to: C:\Users\jammu\.stmcufinder\plugins\mcufinder//mcu/
2024-05-18 19:13:48,185 [WARN] DbFile:41 - Overriding database path with different value: C:\Users\jammu\.stmcufinder\plugins\mcufinder/ => C:\Users\jammu\.stmcufinder\plugins\mcufinder
2024-05-18 19:13:48,185 [WARN] DbFile:41 - Overriding database path with different value: C:\Users\jammu\.stmcufinder\plugins\mcufinder/ => C:\Users\jammu\.stmcufinder\plugins\mcufinder
2024-05-18 19:13:48,185 [INFO] CrossReferenceDbSqlite:203 - Set database path to: C:\Users\jammu\.stmcufinder\plugins\mcufinder//mcu/cs/
2024-05-18 19:13:48,286 [INFO] MainPanel:262 - HeapMemory: 268435456
2024-05-18 19:13:48,430 [INFO] DbMcusXml:78 - Set database path to: C:\ST\STM32CubeIDE_1.13.2\STM32CubeIDE\plugins\com.st.stm32cube.common.mx_6.9.2.202309101412\\db\/mcu/
2024-05-18 19:13:48,431 [INFO] ApiDb:274 - Set plugin database path to: C:\ST\STM32CubeIDE_1.13.2\STM32CubeIDE\plugins\com.st.stm32cube.common.mx_6.9.2.202309101412\\db\/plugins/boardmanager/
2024-05-18 19:13:48,431 [INFO] ApiDb:261 - Set plugin images path to: C:\ST\STM32CubeIDE_1.13.2\STM32CubeIDE\plugins\com.st.stm32cube.common.mx_6.9.2.202309101412\\db\/plugins/mcufinder/images/
2024-05-18 19:13:48,431 [WARN] DbFile:41 - Overriding database path with different value: C:\Users\jammu\.stmcufinder\plugins\mcufinder/ => C:\Users\jammu\.stmcufinder\plugins\mcufinder
2024-05-18 19:13:48,431 [INFO] ApiDb:250 - Set database path to: C:\Users\jammu\.stmcufinder\plugins\mcufinder//mcu/
2024-05-18 19:13:48,431 [WARN] DbFile:41 - Overriding database path with different value: C:\Users\jammu\.stmcufinder\plugins\mcufinder/ => C:\Users\jammu\.stmcufinder\plugins\mcufinder
2024-05-18 19:13:48,431 [INFO] DbMcusAds:125 - Set database path to: C:\Users\jammu\.stmcufinder\plugins\mcufinder//mcu/
2024-05-18 19:13:48,431 [WARN] DbFile:41 - Overriding database path with different value: C:\Users\jammu\.stmcufinder\plugins\mcufinder/ => C:\Users\jammu\.stmcufinder\plugins\mcufinder
2024-05-18 19:13:48,431 [WARN] DbFile:41 - Overriding database path with different value: C:\Users\jammu\.stmcufinder\plugins\mcufinder/ => C:\Users\jammu\.stmcufinder\plugins\mcufinder
2024-05-18 19:13:48,431 [INFO] CrossReferenceDbSqlite:203 - Set database path to: C:\Users\jammu\.stmcufinder\plugins\mcufinder//mcu/cs/
2024-05-18 19:13:48,451 [INFO] ApplicationProperties:184 - Using Application install path: C:\ST\STM32CubeIDE_1.13.2\STM32CubeIDE\plugins\com.st.stm32cube.common.mx_6.9.2.202309101412
2024-05-18 19:13:48,453 [INFO] PluginManage:196 - Search for loadable plugins [exclusion list=, ]
2024-05-18 19:13:48,455 [INFO] PluginManage:310 - Check plugin analytics
2024-05-18 19:13:48,694 [INFO] AnalyticsPlugin:253 - Accepted Software Licenses: 
2024-05-18 19:13:48,694 [INFO] AnalyticsPlugin:255 - Accepted CMSIS Pack Licenses: 
2024-05-18 19:13:48,694 [INFO] AnalyticsPlugin:257 - Accepted Firmware Licenses: FW.F4.1.27.0
2024-05-18 19:13:48,700 [INFO] PluginManage:359 - Loaded plugin analytics (category:tool,tabindex:-1)
2024-05-18 19:13:48,701 [INFO] PluginManage:310 - Check plugin cadmodel
2024-05-18 19:13:48,719 [INFO] CADModel:105 - Init CAD model plugin
2024-05-18 19:13:48,720 [INFO] PluginManage:359 - Loaded plugin cadmodel (category:power,tabindex:5)
2024-05-18 19:13:48,720 [INFO] PluginManage:310 - Check plugin clock
2024-05-18 19:13:48,746 [INFO] PluginManage:359 - Loaded plugin clock (category:base,tabindex:2)
2024-05-18 19:13:48,747 [INFO] PluginManage:310 - Check plugin ddr
2024-05-18 19:13:48,751 [INFO] PluginManage:359 - Loaded plugin ddr (category:tool,tabindex:6)
2024-05-18 19:13:48,751 [INFO] PluginManage:310 - Check plugin filemanager
2024-05-18 19:13:48,943 [INFO] PluginManage:359 - Loaded plugin filemanager (category:base,tabindex:10)
2024-05-18 19:13:48,944 [INFO] PluginManage:310 - Check plugin ipmanager
2024-05-18 19:13:48,952 [INFO] PluginManage:359 - Loaded plugin ipmanager (category:base,tabindex:5)
2024-05-18 19:13:48,953 [INFO] PluginManage:310 - Check plugin lpbam
2024-05-18 19:13:48,973 [INFO] PluginManage:359 - Loaded plugin lpbam (category:base,tabindex:0)
2024-05-18 19:13:48,973 [INFO] PluginManage:310 - Check plugin memorymap
2024-05-18 19:13:48,998 [INFO] PluginManage:359 - Loaded plugin memorymap (category:base,tabindex:4)
2024-05-18 19:13:48,998 [INFO] PluginManage:310 - Check plugin pinoutandconfiguration
2024-05-18 19:13:49,021 [INFO] PluginManage:359 - Loaded plugin pinoutandconfiguration (category:base,tabindex:1)
2024-05-18 19:13:49,021 [INFO] PluginManage:310 - Check plugin pinoutconfig
2024-05-18 19:13:49,149 [WARN] SupportedApi:132 - Cannot load RTOS API schema: s4s-elt-must-match.1: The content of 'definitions' must match (annotation?, (simpleType | complexType)?, (unique | key | keyref)*)). A problem was found starting at: attribute.
2024-05-18 19:13:49,336 [INFO] PluginManage:359 - Loaded plugin pinoutconfig (category:base,tabindex:0)
2024-05-18 19:13:49,336 [INFO] PluginManage:310 - Check plugin power
2024-05-18 19:13:49,363 [INFO] PluginManage:359 - Loaded plugin power (category:power,tabindex:4)
2024-05-18 19:13:49,363 [INFO] PluginManage:310 - Check plugin projectmanager
2024-05-18 19:13:49,389 [INFO] PluginManage:359 - Loaded plugin projectmanager (category:projectmanager,tabindex:3)
2024-05-18 19:13:49,389 [INFO] PluginManage:310 - Check plugin thirdparty
2024-05-18 19:13:49,767 [WARN] IntegrityCheckThread:84 - waiting for thirdparty lock release [integrity check]
2024-05-18 19:13:49,767 [INFO] PluginManage:359 - Loaded plugin thirdparty (category:base,tabindex:-1)
2024-05-18 19:13:49,767 [INFO] IntegrityCheckThread:86 - entering critical section [integrity check]
2024-05-18 19:13:49,768 [INFO] PluginManage:310 - Check plugin tools
2024-05-18 19:13:49,768 [INFO] ThirdPartyUpdaterWithRetryManager:70 - Updater plugin not ready yet. [1/15]
2024-05-18 19:13:49,806 [INFO] PluginManage:359 - Loaded plugin tools (category:base,tabindex:7)
2024-05-18 19:13:49,806 [INFO] PluginManage:310 - Check plugin tutovideos
2024-05-18 19:13:50,075 [INFO] PluginManage:359 - Loaded plugin tutovideos (category:base,tabindex:-1)
2024-05-18 19:13:50,076 [INFO] PluginManage:310 - Check plugin updater
2024-05-18 19:13:50,087 [INFO] PluginManage:359 - Loaded plugin updater (category:base,tabindex:12)
2024-05-18 19:13:50,087 [INFO] PluginManage:310 - Check plugin userauth
2024-05-18 19:13:50,094 [INFO] UserAuth:113 - Init User Auth plugin
2024-05-18 19:13:50,094 [INFO] PluginManage:359 - Loaded plugin userauth (category:base,tabindex:14)
2024-05-18 19:13:50,094 [INFO] PluginManage:283 - PluginManage : Loaded plugins [17]
2024-05-18 19:13:50,382 [INFO] PinOutPanel:1499 - setPackage(No Configuration,No Configuration)
2024-05-18 19:13:50,495 [INFO] CADModel:165 - CPN selected for project level
2024-05-18 19:13:50,496 [INFO] CADModel:114 - Register for checkConnection events
2024-05-18 19:13:50,524 [INFO] IPUIPlugin:80 - create IPUIPlugin
2024-05-18 19:13:50,525 [INFO] PluginManager:220 - loadIPPluginJar : add adc
2024-05-18 19:13:50,563 [INFO] IPUIPlugin:80 - create IPUIPlugin
2024-05-18 19:13:50,563 [INFO] PluginManager:220 - loadIPPluginJar : add aes
2024-05-18 19:13:50,606 [INFO] IPUIPlugin:80 - create IPUIPlugin
2024-05-18 19:13:50,606 [INFO] PluginManager:220 - loadIPPluginJar : add can
2024-05-18 19:13:50,628 [INFO] IPUIPlugin:80 - create IPUIPlugin
2024-05-18 19:13:50,629 [INFO] PluginManager:220 - loadIPPluginJar : add comp
2024-05-18 19:13:50,666 [INFO] IPUIPlugin:80 - create IPUIPlugin
2024-05-18 19:13:50,666 [INFO] PluginManager:220 - loadIPPluginJar : add cryp
2024-05-18 19:13:50,697 [INFO] IPUIPlugin:80 - create IPUIPlugin
2024-05-18 19:13:50,697 [INFO] PluginManager:220 - loadIPPluginJar : add dfsdm
2024-05-18 19:13:50,712 [INFO] IPUIPlugin:80 - create IPUIPlugin
2024-05-18 19:13:50,713 [INFO] PluginManager:220 - loadIPPluginJar : add dma
2024-05-18 19:13:50,760 [INFO] IPUIPlugin:80 - create IPUIPlugin
2024-05-18 19:13:50,760 [INFO] PluginManager:220 - loadIPPluginJar : add dma3
2024-05-18 19:13:50,784 [INFO] IPUIPlugin:80 - create IPUIPlugin
2024-05-18 19:13:50,784 [INFO] PluginManager:220 - loadIPPluginJar : add fatfs
2024-05-18 19:13:50,838 [INFO] IPUIPlugin:80 - create IPUIPlugin
2024-05-18 19:13:50,839 [INFO] PluginManager:220 - loadIPPluginJar : add fmc
2024-05-18 19:13:50,853 [INFO] IPUIPlugin:80 - create IPUIPlugin
2024-05-18 19:13:50,853 [INFO] PluginManager:220 - loadIPPluginJar : add freertos
2024-05-18 19:13:50,875 [INFO] IPUIPlugin:80 - create IPUIPlugin
2024-05-18 19:13:50,875 [INFO] PluginManager:220 - loadIPPluginJar : add genericplugin
2024-05-18 19:13:50,979 [INFO] IPUIPlugin:80 - create IPUIPlugin
2024-05-18 19:13:50,979 [INFO] PluginManager:220 - loadIPPluginJar : add gfxmmu
2024-05-18 19:13:51,159 [INFO] IPUIPlugin:80 - create IPUIPlugin
2024-05-18 19:13:51,159 [INFO] PluginManager:220 - loadIPPluginJar : add gic
2024-05-18 19:13:51,174 [INFO] IPUIPlugin:80 - create IPUIPlugin
2024-05-18 19:13:51,174 [INFO] PluginManager:220 - loadIPPluginJar : add gpio
2024-05-18 19:13:51,276 [INFO] IPUIPlugin:80 - create IPUIPlugin
2024-05-18 19:13:51,276 [INFO] PluginManager:220 - loadIPPluginJar : add gtzc
2024-05-18 19:13:51,312 [INFO] IPUIPlugin:80 - create IPUIPlugin
2024-05-18 19:13:51,312 [INFO] PluginManager:220 - loadIPPluginJar : add hash
2024-05-18 19:13:51,365 [INFO] IPUIPlugin:80 - create IPUIPlugin
2024-05-18 19:13:51,365 [INFO] PluginManager:220 - loadIPPluginJar : add i2c
2024-05-18 19:13:51,407 [INFO] IPUIPlugin:80 - create IPUIPlugin
2024-05-18 19:13:51,407 [INFO] PluginManager:220 - loadIPPluginJar : add i2s
2024-05-18 19:13:51,452 [INFO] IPUIPlugin:80 - create IPUIPlugin
2024-05-18 19:13:51,452 [INFO] PluginManager:220 - loadIPPluginJar : add i3c
2024-05-18 19:13:51,586 [INFO] IPUIPlugin:80 - create IPUIPlugin
2024-05-18 19:13:51,586 [INFO] PluginManager:220 - loadIPPluginJar : add ipddr
2024-05-18 19:13:51,706 [INFO] IPUIPlugin:80 - create IPUIPlugin
2024-05-18 19:13:51,707 [INFO] PluginManager:220 - loadIPPluginJar : add linkedlist
2024-05-18 19:13:51,757 [INFO] IPUIPlugin:80 - create IPUIPlugin
2024-05-18 19:13:51,757 [INFO] PluginManager:220 - loadIPPluginJar : add lorawan
2024-05-18 19:13:51,824 [INFO] IPUIPlugin:80 - create IPUIPlugin
2024-05-18 19:13:51,824 [INFO] PluginManager:220 - loadIPPluginJar : add ltdc
2024-05-18 19:13:51,851 [INFO] IPUIPlugin:80 - create IPUIPlugin
2024-05-18 19:13:51,851 [INFO] PluginManager:220 - loadIPPluginJar : add mdma
2024-05-18 19:13:51,865 [INFO] IPUIPlugin:80 - create IPUIPlugin
2024-05-18 19:13:51,865 [INFO] PluginManager:220 - loadIPPluginJar : add nvic
2024-05-18 19:13:51,900 [INFO] IPUIPlugin:80 - create IPUIPlugin
2024-05-18 19:13:51,900 [INFO] PluginManager:220 - loadIPPluginJar : add opamp
2024-05-18 19:13:51,967 [INFO] IPUIPlugin:80 - create IPUIPlugin
2024-05-18 19:13:51,968 [INFO] PluginManager:220 - loadIPPluginJar : add openamp
2024-05-18 19:13:52,015 [INFO] IPUIPlugin:80 - create IPUIPlugin
2024-05-18 19:13:52,015 [INFO] PluginManager:220 - loadIPPluginJar : add pdm2pcm
2024-05-18 19:13:52,028 [INFO] IPUIPlugin:80 - create IPUIPlugin
2024-05-18 19:13:52,031 [INFO] PluginManager:220 - loadIPPluginJar : add plateformsettings
2024-05-18 19:13:52,052 [INFO] IPUIPlugin:80 - create IPUIPlugin
2024-05-18 19:13:52,052 [INFO] PluginManager:220 - loadIPPluginJar : add quadspi
2024-05-18 19:13:52,066 [INFO] IPUIPlugin:80 - create IPUIPlugin
2024-05-18 19:13:52,066 [INFO] PluginManager:220 - loadIPPluginJar : add resmgrutility
2024-05-18 19:13:52,115 [INFO] IPUIPlugin:80 - create IPUIPlugin
2024-05-18 19:13:52,115 [INFO] PluginManager:220 - loadIPPluginJar : add sai
2024-05-18 19:13:52,158 [INFO] IPUIPlugin:80 - create IPUIPlugin
2024-05-18 19:13:52,158 [INFO] PluginManager:220 - loadIPPluginJar : add spi
2024-05-18 19:13:52,213 [INFO] IPUIPlugin:80 - create IPUIPlugin
2024-05-18 19:13:52,213 [INFO] PluginManager:220 - loadIPPluginJar : add stm32_wpan
2024-05-18 19:13:52,236 [INFO] IPUIPlugin:80 - create IPUIPlugin
2024-05-18 19:13:52,236 [INFO] PluginManager:220 - loadIPPluginJar : add tim
2024-05-18 19:13:52,300 [INFO] IPUIPlugin:80 - create IPUIPlugin
2024-05-18 19:13:52,301 [INFO] PluginManager:220 - loadIPPluginJar : add touchsensing
2024-05-18 19:13:52,329 [INFO] IPUIPlugin:80 - create IPUIPlugin
2024-05-18 19:13:52,329 [INFO] PluginManager:220 - loadIPPluginJar : add tracer_emb
2024-05-18 19:13:52,355 [INFO] IPUIPlugin:80 - create IPUIPlugin
2024-05-18 19:13:52,355 [INFO] PluginManager:220 - loadIPPluginJar : add ts
2024-05-18 19:13:52,382 [INFO] IPUIPlugin:80 - create IPUIPlugin
2024-05-18 19:13:52,382 [INFO] PluginManager:220 - loadIPPluginJar : add tsc
2024-05-18 19:13:52,404 [INFO] IPUIPlugin:80 - create IPUIPlugin
2024-05-18 19:13:52,404 [INFO] PluginManager:220 - loadIPPluginJar : add ucpd
2024-05-18 19:13:52,451 [INFO] IPUIPlugin:80 - create IPUIPlugin
2024-05-18 19:13:52,451 [INFO] PluginManager:220 - loadIPPluginJar : add usart
2024-05-18 19:13:52,501 [INFO] IPUIPlugin:80 - create IPUIPlugin
2024-05-18 19:13:52,501 [INFO] PluginManager:220 - loadIPPluginJar : add usbx
2024-05-18 19:13:52,646 [INFO] CADModel:165 - CPN selected for project level
2024-05-18 19:13:52,646 [INFO] CADModel:114 - Register for checkConnection events
2024-05-18 19:13:52,647 [FATAL] Updater:308 - Updater called before beeing initialized
2024-05-18 19:13:52,647 [ERROR] CADModel:125 - Updater not yet initialized, retry later 
2024-05-18 19:13:52,769 [INFO] ThirdPartyUpdaterWithRetryManager:70 - Updater plugin not ready yet. [2/15]
2024-05-18 19:13:52,898 [INFO] CADModel:165 - CPN selected for project level
2024-05-18 19:13:52,898 [INFO] CADModel:114 - Register for checkConnection events
2024-05-18 19:13:52,898 [FATAL] Updater:308 - Updater called before beeing initialized
2024-05-18 19:13:52,898 [ERROR] CADModel:125 - Updater not yet initialized, retry later 
2024-05-18 19:13:52,906 [FATAL] Updater:308 - Updater called before beeing initialized
2024-05-18 19:13:53,045 [FATAL] Updater:308 - Updater called before beeing initialized
2024-05-18 19:13:53,060 [INFO] DbMcusAds:53 - JSON generation date=Thu May 02 14:07:29 IST 2024 (1714639049318)
2024-05-18 19:13:53,060 [FATAL] Updater:308 - Updater called before beeing initialized
2024-05-18 19:13:53,147 [WARN] DetailPanel:346 - Failed to get advertising image, set to default
2024-05-18 19:13:53,245 [FATAL] Updater:308 - Updater called before beeing initialized
2024-05-18 19:13:53,247 [FATAL] Updater:308 - Updater called before beeing initialized
2024-05-18 19:13:53,247 [FATAL] Updater:308 - Updater called before beeing initialized
2024-05-18 19:13:53,247 [WARN] DetailPanel:346 - Failed to get advertising image, set to default
2024-05-18 19:13:53,248 [FATAL] Updater:308 - Updater called before beeing initialized
2024-05-18 19:13:53,343 [ERROR] Updater:1120 - MainUpdater not yet initialized. External WinMGr cannot be set.
2024-05-18 19:13:53,355 [INFO] Updater:1056 - Updater Version found : 6.9.2
2024-05-18 19:13:53,380 [INFO] ApplicationProperties:184 - Using Application install path: C:\ST\STM32CubeIDE_1.13.2\STM32CubeIDE\plugins\com.st.stm32cube.common.mx_6.9.2.202309101412
2024-05-18 19:13:53,565 [INFO] MainUpdater:2868 - connection check result : 10
2024-05-18 19:13:53,565 [INFO] MainUpdater:3562 - Updater definition file requires update
2024-05-18 19:13:53,567 [INFO] MainUpdater:285 - Updater Check For Update Now.
2024-05-18 19:13:53,567 [INFO] MicroXplorer:498 - Change Database Version : DB.6.0.92
2024-05-18 19:13:53,591 [INFO] McuFinderGlobals:63 - Set McuFinder mode to 2 (CubeIDE integrated)
2024-05-18 19:13:53,607 [INFO] ServerAccessManage:473 - Download File updaters.zip
2024-05-18 19:13:53,715 [INFO] FileExtend:240 - Unzip File : updaters.zip
2024-05-18 19:13:53,716 [INFO] FileExtend:255 - Standard Zip Deflate
2024-05-18 19:13:54,223 [INFO] ServerAccessManage:473 - Download File PacksControlFlags.xml
2024-05-18 19:13:54,333 [INFO] ServerAccessManage:473 - Download File cubemx.pidx
2024-05-18 19:13:54,533 [INFO] LoadServerUpdatesThread:373 - End of LoadServerUpdate Thread
2024-05-18 19:13:54,789 [INFO] CheckServerUpdateThread:120 - End of CheckServer Thread
2024-05-18 19:13:56,091 [WARN] PackLoader:240 - Cannot read IP mode file for STMicroelectronics.FP-SNS-MOTENVWB1.1.4.0
2024-05-18 19:13:56,109 [WARN] PackLoader:240 - Cannot read IP mode file for STMicroelectronics.X-CUBE-SMBUS.2.1.0
2024-05-18 19:13:56,122 [WARN] PackLoader:240 - Cannot read IP mode file for STMicroelectronics.X-CUBE-TOUCHGFX.4.23.0
2024-05-18 19:13:56,135 [WARN] PackLoader:240 - Cannot read IP mode file for STMicroelectronics.X-CUBE-TOUCHGFX.4.23.2
2024-05-18 19:13:56,224 [WARN] PackLoader:240 - Cannot read IP mode file for STMicroelectronics.X-CUBE-AZRTOS-F7.1.1.0
2024-05-18 19:13:56,266 [WARN] PackLoader:240 - Cannot read IP mode file for STMicroelectronics.FP-SNS-MOTENV1.4.3.2
2024-05-18 19:13:56,287 [WARN] PackLoader:240 - Cannot read IP mode file for STMicroelectronics.FP-SNS-FLIGHT1.5.0.2
2024-05-18 19:13:56,309 [WARN] PackLoader:240 - Cannot read IP mode file for STMicroelectronics.X-CUBE-DISPLAY.3.0.0
2024-05-18 19:13:56,329 [WARN] PackLoader:240 - Cannot read IP mode file for STMicroelectronics.X-CUBE-BLE1.7.0.0
2024-05-18 19:13:56,343 [WARN] PackLoader:240 - Cannot read IP mode file for emotas.I-CUBE-CANOPEN.1.3.0
2024-05-18 19:13:56,365 [WARN] PackLoader:240 - Cannot read IP mode file for STMicroelectronics.X-CUBE-BLEMGR.3.1.0
2024-05-18 19:13:56,380 [WARN] PackLoader:240 - Cannot read IP mode file for STMicroelectronics.FP-SNS-SMARTAG2.1.2.0
2024-05-18 19:13:56,401 [INFO] LogOutputStream:77 - [STDOUT_REDIRECT] 1 : Invalid condition id : UX_CORESTACK_Condition cause : null
2024-05-18 19:13:56,402 [INFO] LogOutputStream:77 - [STDOUT_REDIRECT] 1 : Invalid condition id : UX_CORESTACK_Condition cause : null
2024-05-18 19:13:56,403 [INFO] LogOutputStream:77 - [STDOUT_REDIRECT] 1 : Invalid condition id : UX_CORESTACK_Condition cause : null
2024-05-18 19:13:56,405 [INFO] LogOutputStream:77 - [STDOUT_REDIRECT] 1 : Invalid condition id : UX_CORESTACK_Condition cause : null
2024-05-18 19:13:56,406 [INFO] LogOutputStream:77 - [STDOUT_REDIRECT] 1 : Invalid condition id : UX_CORESTACK_Condition cause : null
2024-05-18 19:13:56,409 [WARN] PackLoader:240 - Cannot read IP mode file for STMicroelectronics.X-CUBE-AZRTOS-WL.2.0.0
2024-05-18 19:13:56,422 [WARN] PackLoader:240 - Cannot read IP mode file for STMicroelectronics.FP-SNS-MOTENV1.5.0.0
2024-05-18 19:13:56,436 [WARN] PackLoader:240 - Cannot read IP mode file for WES.I-CUBE-Cesium.1.3.0
2024-05-18 19:13:56,447 [WARN] PackLoader:240 - Cannot read IP mode file for STMicroelectronics.X-CUBE-BLE2.3.3.0
2024-05-18 19:13:56,460 [WARN] PackLoader:240 - Cannot read IP mode file for STMicroelectronics.X-CUBE-TCPP.4.1.0
2024-05-18 19:13:56,480 [WARN] PackLoader:240 - Cannot read IP mode file for STMicroelectronics.X-CUBE-ALGOBUILD.1.3.0
2024-05-18 19:13:56,512 [WARN] PackLoader:240 - Cannot read IP mode file for STMicroelectronics.X-CUBE-AZRTOS-G0.1.1.0
2024-05-18 19:13:56,536 [WARN] PackLoader:240 - Cannot read IP mode file for STMicroelectronics.X-CUBE-SAFEA1.1.2.2
2024-05-18 19:13:56,552 [WARN] PackLoader:240 - Cannot read IP mode file for STMicroelectronics.X-CUBE-NFC4.3.0.0
2024-05-18 19:13:56,576 [WARN] PackLoader:240 - Cannot read IP mode file for STMicroelectronics.X-CUBE-BLEMGR.3.0.0
2024-05-18 19:13:56,592 [WARN] PackLoader:240 - Cannot read IP mode file for STMicroelectronics.FP-ATR-SIGFOX1.3.2.0
2024-05-18 19:13:56,610 [WARN] PackLoader:240 - Cannot read IP mode file for STMicroelectronics.X-CUBE-EEPRMA1.5.1.0
2024-05-18 19:13:56,663 [WARN] PackLoader:240 - Cannot read IP mode file for SEGGER.I-CUBE-embOS.1.3.1
2024-05-18 19:13:56,717 [WARN] PackLoader:240 - Cannot read IP mode file for STMicroelectronics.X-CUBE-ALGOBUILD.1.4.0
2024-05-18 19:13:56,734 [WARN] PackLoader:240 - Cannot read IP mode file for STMicroelectronics.X-CUBE-GNSS1.6.0.0
2024-05-18 19:13:56,776 [WARN] PackLoader:240 - Cannot read IP mode file for STMicroelectronics.X-CUBE-AZRTOS-F4.1.1.0
2024-05-18 19:13:56,793 [WARN] PackLoader:240 - Cannot read IP mode file for wolfSSL.I-CUBE-wolfSSL.5.6.4
2024-05-18 19:13:56,807 [WARN] PackLoader:240 - Cannot read IP mode file for STMicroelectronics.X-CUBE-FREERTOS.1.2.0
2024-05-18 19:13:56,852 [WARN] PackLoader:240 - Cannot read IP mode file for STMicroelectronics.X-CUBE-AZRTOS-L5.2.0.0
2024-05-18 19:13:56,871 [WARN] PackLoader:240 - Cannot read IP mode file for STMicroelectronics.X-CUBE-EEPRMA1.4.2.0
2024-05-18 19:13:56,891 [WARN] PackLoader:240 - Cannot read IP mode file for STMicroelectronics.X-CUBE-NFC6.3.1.0
2024-05-18 19:13:56,912 [WARN] PackLoader:240 - Cannot read IP mode file for ITTIA_DB.I-CUBE-ITTIADB.8.8.0
2024-05-18 19:13:56,929 [WARN] PackLoader:240 - Cannot read IP mode file for STMicroelectronics.X-CUBE-AI.9.0.0
2024-05-18 19:13:56,947 [WARN] PackLoader:240 - Cannot read IP mode file for STMicroelectronics.X-CUBE-NFC7.1.0.1
2024-05-18 19:13:56,966 [WARN] PackLoader:240 - Cannot read IP mode file for STMicroelectronics.X-CUBE-NFC6.3.0.0
2024-05-18 19:13:56,984 [WARN] PackLoader:240 - Cannot read IP mode file for STMicroelectronics.X-CUBE-AI.8.1.0
2024-05-18 19:13:57,021 [WARN] ConditionMgr:438 - getConditionDescription Invalid condition id : LAN8742 Phy interface Condition cause : null
2024-05-18 19:13:57,022 [WARN] PackLoader:240 - Cannot read IP mode file for STMicroelectronics.X-CUBE-AZRTOS-L4.2.0.0
2024-05-18 19:13:57,024 [WARN] ConditionMgr:1039 - genDependencies : Invalid condition id : LAN8742 Phy interface Condition cause : null
2024-05-18 19:13:57,024 [WARN] ConditionMgr:1039 - genDependencies : Invalid condition id : LAN8742 Phy interface Condition cause : null
2024-05-18 19:13:57,025 [WARN] ConditionMgr:1039 - genDependencies : Invalid condition id : LAN8742 Phy interface Condition cause : null
2024-05-18 19:13:57,041 [WARN] PackLoader:240 - Cannot read IP mode file for STMicroelectronics.X-CUBE-SFXS2LP1.4.0.0
2024-05-18 19:13:57,065 [WARN] ConditionMgr:438 - getConditionDescription Invalid condition id : UX DEVICE CLASS RTOS Condition cause : null
2024-05-18 19:13:57,065 [WARN] ConditionMgr:438 - getConditionDescription Invalid condition id : UX DEVICE CLASS RTOS Condition cause : null
2024-05-18 19:13:57,067 [WARN] PackLoader:240 - Cannot read IP mode file for STMicroelectronics.X-CUBE-AZRTOS-WB.2.0.0
2024-05-18 19:13:57,068 [WARN] ConditionMgr:1039 - genDependencies : Invalid condition id : UX DEVICE CLASS RTOS Condition cause : null
2024-05-18 19:13:57,068 [WARN] ConditionMgr:1039 - genDependencies : Invalid condition id : UX DEVICE CLASS RTOS Condition cause : null
2024-05-18 19:13:57,068 [WARN] ConditionMgr:1039 - genDependencies : Invalid condition id : UX DEVICE CLASS RTOS Condition cause : null
2024-05-18 19:13:57,068 [WARN] ConditionMgr:1039 - genDependencies : Invalid condition id : UX DEVICE CLASS RTOS Condition cause : null
2024-05-18 19:13:57,068 [WARN] ConditionMgr:1039 - genDependencies : Invalid condition id : UX DEVICE CLASS RTOS Condition cause : null
2024-05-18 19:13:57,086 [WARN] PackLoader:240 - Cannot read IP mode file for STMicroelectronics.X-CUBE-SUBG2.5.0.0
2024-05-18 19:13:57,114 [WARN] PackLoader:240 - Cannot read IP mode file for STMicroelectronics.X-CUBE-AZRTOS-G4.2.0.0
2024-05-18 19:13:57,141 [WARN] PackLoader:240 - Cannot read IP mode file for Infineon.AIROC-Wi-Fi-Bluetooth-STM32.1.5.1
2024-05-18 19:13:57,158 [WARN] PackLoader:240 - Cannot read IP mode file for STMicroelectronics.FP-SNS-MOTENVWB1.1.3.1
2024-05-18 19:13:57,171 [WARN] PackLoader:240 - Cannot read IP mode file for STMicroelectronics.X-CUBE-ISPU.2.0.0
2024-05-18 19:13:57,219 [WARN] PackLoader:240 - Cannot read IP mode file for STMicroelectronics.X-CUBE-MEMS1.10.0.0
2024-05-18 19:13:57,327 [WARN] PackLoader:240 - Cannot read IP mode file for STMicroelectronics.X-CUBE-FREERTOS.1.1.0
2024-05-18 19:13:57,355 [WARN] PackLoader:240 - Cannot read IP mode file for portGmbH.I-Cube-SoM-uGOAL.1.1.0
2024-05-18 19:13:57,368 [WARN] PackLoader:240 - Cannot read IP mode file for STMicroelectronics.X-CUBE-ALS.1.0.1
2024-05-18 19:13:57,398 [WARN] PackLoader:240 - Cannot read IP mode file for STMicroelectronics.X-CUBE-AZRTOS-H7RS.1.0.0
2024-05-18 19:13:57,414 [WARN] PackLoader:240 - Cannot read IP mode file for STMicroelectronics.FP-ATR-ASTRA1.2.0.0
2024-05-18 19:13:57,434 [WARN] PackLoader:240 - Cannot read IP mode file for STMicroelectronics.X-CUBE-TOF1.3.4.0
2024-05-18 19:13:57,473 [WARN] PackLoader:240 - Cannot read IP mode file for STMicroelectronics.X-CUBE-TOF1.3.4.1
2024-05-18 19:13:57,513 [WARN] PackLoader:240 - Cannot read IP mode file for STMicroelectronics.X-CUBE-AZRTOS-H7.3.2.0
2024-05-18 19:13:57,516 [INFO] ThirdParty:978 - Integrity check success = true
2024-05-18 19:13:57,516 [INFO] IntegrityCheckThread:100 - exiting critical section [integrity check]
2024-05-18 19:13:57,516 [INFO] IntegrityCheckThread:103 - End integrity checks thread
2024-05-18 19:14:14,948 [ERROR] LogOutputStream:75 - [STDERR_REDIRECT] SLF4J: Failed to load class "org.slf4j.impl.StaticLoggerBinder".
2024-05-18 19:14:14,949 [ERROR] LogOutputStream:75 - [STDERR_REDIRECT] SLF4J: Defaulting to no-operation (NOP) logger implementation
2024-05-18 19:14:14,951 [ERROR] LogOutputStream:75 - [STDERR_REDIRECT] SLF4J: See http://www.slf4j.org/codes.html#StaticLoggerBinder for further details.
