2024-05-11 15:57:56,807 [INFO] Activator:176 - 


2024-05-11 15:57:56,807 [INFO] Activator:177 - !SESSION log4j initialized
2024-05-11 15:58:04,681 [INFO] LogOutputStream:77 - [STDOUT_REDIRECT] 
2024-05-11 15:58:07,981 [INFO] ApplicationProperties:184 - Using Application install path: C:\ST\STM32CubeIDE_1.13.2\STM32CubeIDE\plugins\com.st.stm32cube.common.mx_6.9.2.202309101412
2024-05-11 15:58:08,008 [INFO] DbMcusXml:78 - Set database path to: C:\ST\STM32CubeIDE_1.13.2\STM32CubeIDE\plugins\com.st.stm32cube.common.mx_6.9.2.202309101412\\db\/mcu/
2024-05-11 15:58:08,009 [INFO] ApiDb:274 - Set plugin database path to: C:\ST\STM32CubeIDE_1.13.2\STM32CubeIDE\plugins\com.st.stm32cube.common.mx_6.9.2.202309101412\\db\/plugins/boardmanager/
2024-05-11 15:58:08,010 [WARN] ApiDb:259 - Overriding images path with different value:  => C:\ST\STM32CubeIDE_1.13.2\STM32CubeIDE\plugins\com.st.stm32cube.common.mx_6.9.2.202309101412\\db\/plugins/mcufinder/images/
2024-05-11 15:58:08,028 [INFO] ApiDb:250 - Set database path to: C:\Users\jammu\.stmcufinder\plugins\mcufinder//mcu/
2024-05-11 15:58:08,030 [INFO] DbMcusAds:125 - Set database path to: C:\Users\jammu\.stmcufinder\plugins\mcufinder//mcu/
2024-05-11 15:58:08,033 [INFO] CrossReferenceDbSqlite:203 - Set database path to: C:\Users\jammu\.stmcufinder\plugins\mcufinder//mcu/cs/
2024-05-11 15:58:08,225 [INFO] RulesReader:64 - Compatibility file has been processed (293 Rules)
2024-05-11 15:58:08,355 [INFO] DbMcusXml:78 - Set database path to: C:\ST\STM32CubeIDE_1.13.2\STM32CubeIDE\plugins\com.st.stm32cube.common.mx_6.9.2.202309101412\\db\/mcu/
2024-05-11 15:58:08,356 [INFO] ApiDb:274 - Set plugin database path to: C:\ST\STM32CubeIDE_1.13.2\STM32CubeIDE\plugins\com.st.stm32cube.common.mx_6.9.2.202309101412\\db\/plugins/boardmanager/
2024-05-11 15:58:08,356 [INFO] ApiDb:261 - Set plugin images path to: C:\ST\STM32CubeIDE_1.13.2\STM32CubeIDE\plugins\com.st.stm32cube.common.mx_6.9.2.202309101412\\db\/plugins/mcufinder/images/
2024-05-11 15:58:08,356 [WARN] DbFile:41 - Overriding database path with different value: C:\Users\jammu\.stmcufinder\plugins\mcufinder/ => C:\Users\jammu\.stmcufinder\plugins\mcufinder
2024-05-11 15:58:08,357 [INFO] ApiDb:250 - Set database path to: C:\Users\jammu\.stmcufinder\plugins\mcufinder//mcu/
2024-05-11 15:58:08,357 [WARN] DbFile:41 - Overriding database path with different value: C:\Users\jammu\.stmcufinder\plugins\mcufinder/ => C:\Users\jammu\.stmcufinder\plugins\mcufinder
2024-05-11 15:58:08,357 [INFO] DbMcusAds:125 - Set database path to: C:\Users\jammu\.stmcufinder\plugins\mcufinder//mcu/
2024-05-11 15:58:08,357 [WARN] DbFile:41 - Overriding database path with different value: C:\Users\jammu\.stmcufinder\plugins\mcufinder/ => C:\Users\jammu\.stmcufinder\plugins\mcufinder
2024-05-11 15:58:08,357 [WARN] DbFile:41 - Overriding database path with different value: C:\Users\jammu\.stmcufinder\plugins\mcufinder/ => C:\Users\jammu\.stmcufinder\plugins\mcufinder
2024-05-11 15:58:08,357 [INFO] CrossReferenceDbSqlite:203 - Set database path to: C:\Users\jammu\.stmcufinder\plugins\mcufinder//mcu/cs/
2024-05-11 15:58:08,518 [INFO] MainPanel:262 - HeapMemory: 268435456
2024-05-11 15:58:08,696 [INFO] DbMcusXml:78 - Set database path to: C:\ST\STM32CubeIDE_1.13.2\STM32CubeIDE\plugins\com.st.stm32cube.common.mx_6.9.2.202309101412\\db\/mcu/
2024-05-11 15:58:08,696 [INFO] ApiDb:274 - Set plugin database path to: C:\ST\STM32CubeIDE_1.13.2\STM32CubeIDE\plugins\com.st.stm32cube.common.mx_6.9.2.202309101412\\db\/plugins/boardmanager/
2024-05-11 15:58:08,696 [INFO] ApiDb:261 - Set plugin images path to: C:\ST\STM32CubeIDE_1.13.2\STM32CubeIDE\plugins\com.st.stm32cube.common.mx_6.9.2.202309101412\\db\/plugins/mcufinder/images/
2024-05-11 15:58:08,697 [WARN] DbFile:41 - Overriding database path with different value: C:\Users\jammu\.stmcufinder\plugins\mcufinder/ => C:\Users\jammu\.stmcufinder\plugins\mcufinder
2024-05-11 15:58:08,697 [INFO] ApiDb:250 - Set database path to: C:\Users\jammu\.stmcufinder\plugins\mcufinder//mcu/
2024-05-11 15:58:08,697 [WARN] DbFile:41 - Overriding database path with different value: C:\Users\jammu\.stmcufinder\plugins\mcufinder/ => C:\Users\jammu\.stmcufinder\plugins\mcufinder
2024-05-11 15:58:08,697 [INFO] DbMcusAds:125 - Set database path to: C:\Users\jammu\.stmcufinder\plugins\mcufinder//mcu/
2024-05-11 15:58:08,698 [WARN] DbFile:41 - Overriding database path with different value: C:\Users\jammu\.stmcufinder\plugins\mcufinder/ => C:\Users\jammu\.stmcufinder\plugins\mcufinder
2024-05-11 15:58:08,698 [WARN] DbFile:41 - Overriding database path with different value: C:\Users\jammu\.stmcufinder\plugins\mcufinder/ => C:\Users\jammu\.stmcufinder\plugins\mcufinder
2024-05-11 15:58:08,698 [INFO] CrossReferenceDbSqlite:203 - Set database path to: C:\Users\jammu\.stmcufinder\plugins\mcufinder//mcu/cs/
2024-05-11 15:58:08,743 [INFO] ApplicationProperties:184 - Using Application install path: C:\ST\STM32CubeIDE_1.13.2\STM32CubeIDE\plugins\com.st.stm32cube.common.mx_6.9.2.202309101412
2024-05-11 15:58:08,745 [INFO] PluginManage:196 - Search for loadable plugins [exclusion list=, ]
2024-05-11 15:58:08,747 [INFO] PluginManage:310 - Check plugin analytics
2024-05-11 15:58:09,064 [INFO] AnalyticsPlugin:253 - Accepted Software Licenses: 
2024-05-11 15:58:09,065 [INFO] AnalyticsPlugin:255 - Accepted CMSIS Pack Licenses: 
2024-05-11 15:58:09,065 [INFO] AnalyticsPlugin:257 - Accepted Firmware Licenses: FW.F4.1.27.0
2024-05-11 15:58:09,070 [INFO] PluginManage:359 - Loaded plugin analytics (category:tool,tabindex:-1)
2024-05-11 15:58:09,071 [INFO] PluginManage:310 - Check plugin cadmodel
2024-05-11 15:58:09,100 [INFO] CADModel:105 - Init CAD model plugin
2024-05-11 15:58:09,101 [INFO] PluginManage:359 - Loaded plugin cadmodel (category:power,tabindex:5)
2024-05-11 15:58:09,101 [INFO] PluginManage:310 - Check plugin clock
2024-05-11 15:58:09,138 [INFO] PluginManage:359 - Loaded plugin clock (category:base,tabindex:2)
2024-05-11 15:58:09,139 [INFO] PluginManage:310 - Check plugin ddr
2024-05-11 15:58:09,143 [INFO] PluginManage:359 - Loaded plugin ddr (category:tool,tabindex:6)
2024-05-11 15:58:09,144 [INFO] PluginManage:310 - Check plugin filemanager
2024-05-11 15:58:09,423 [INFO] PluginManage:359 - Loaded plugin filemanager (category:base,tabindex:10)
2024-05-11 15:58:09,423 [INFO] PluginManage:310 - Check plugin ipmanager
2024-05-11 15:58:09,437 [INFO] PluginManage:359 - Loaded plugin ipmanager (category:base,tabindex:5)
2024-05-11 15:58:09,437 [INFO] PluginManage:310 - Check plugin lpbam
2024-05-11 15:58:09,467 [INFO] PluginManage:359 - Loaded plugin lpbam (category:base,tabindex:0)
2024-05-11 15:58:09,468 [INFO] PluginManage:310 - Check plugin memorymap
2024-05-11 15:58:09,513 [INFO] PluginManage:359 - Loaded plugin memorymap (category:base,tabindex:4)
2024-05-11 15:58:09,514 [INFO] PluginManage:310 - Check plugin pinoutandconfiguration
2024-05-11 15:58:09,553 [INFO] PluginManage:359 - Loaded plugin pinoutandconfiguration (category:base,tabindex:1)
2024-05-11 15:58:09,553 [INFO] PluginManage:310 - Check plugin pinoutconfig
2024-05-11 15:58:09,740 [WARN] SupportedApi:132 - Cannot load RTOS API schema: s4s-elt-must-match.1: The content of 'definitions' must match (annotation?, (simpleType | complexType)?, (unique | key | keyref)*)). A problem was found starting at: attribute.
2024-05-11 15:58:10,112 [INFO] PluginManage:359 - Loaded plugin pinoutconfig (category:base,tabindex:0)
2024-05-11 15:58:10,113 [INFO] PluginManage:310 - Check plugin power
2024-05-11 15:58:10,149 [INFO] PluginManage:359 - Loaded plugin power (category:power,tabindex:4)
2024-05-11 15:58:10,149 [INFO] PluginManage:310 - Check plugin projectmanager
2024-05-11 15:58:10,185 [INFO] PluginManage:359 - Loaded plugin projectmanager (category:projectmanager,tabindex:3)
2024-05-11 15:58:10,186 [INFO] PluginManage:310 - Check plugin thirdparty
2024-05-11 15:58:10,719 [INFO] PluginManage:359 - Loaded plugin thirdparty (category:base,tabindex:-1)
2024-05-11 15:58:10,719 [WARN] IntegrityCheckThread:84 - waiting for thirdparty lock release [integrity check]
2024-05-11 15:58:10,720 [INFO] PluginManage:310 - Check plugin tools
2024-05-11 15:58:10,720 [INFO] IntegrityCheckThread:86 - entering critical section [integrity check]
2024-05-11 15:58:10,721 [INFO] ThirdPartyUpdaterWithRetryManager:70 - Updater plugin not ready yet. [1/15]
2024-05-11 15:58:10,774 [INFO] PluginManage:359 - Loaded plugin tools (category:base,tabindex:7)
2024-05-11 15:58:10,774 [INFO] PluginManage:310 - Check plugin tutovideos
2024-05-11 15:58:11,079 [INFO] PluginManage:359 - Loaded plugin tutovideos (category:base,tabindex:-1)
2024-05-11 15:58:11,080 [INFO] PluginManage:310 - Check plugin updater
2024-05-11 15:58:11,097 [INFO] PluginManage:359 - Loaded plugin updater (category:base,tabindex:12)
2024-05-11 15:58:11,097 [INFO] PluginManage:310 - Check plugin userauth
2024-05-11 15:58:11,104 [INFO] UserAuth:113 - Init User Auth plugin
2024-05-11 15:58:11,104 [INFO] PluginManage:359 - Loaded plugin userauth (category:base,tabindex:14)
2024-05-11 15:58:11,105 [INFO] PluginManage:283 - PluginManage : Loaded plugins [17]
2024-05-11 15:58:11,428 [INFO] PinOutPanel:1499 - setPackage(No Configuration,No Configuration)
2024-05-11 15:58:11,607 [INFO] CADModel:165 - CPN selected for project level
2024-05-11 15:58:11,607 [INFO] CADModel:114 - Register for checkConnection events
2024-05-11 15:58:11,649 [INFO] IPUIPlugin:80 - create IPUIPlugin
2024-05-11 15:58:11,650 [INFO] PluginManager:220 - loadIPPluginJar : add adc
2024-05-11 15:58:11,717 [INFO] IPUIPlugin:80 - create IPUIPlugin
2024-05-11 15:58:11,718 [INFO] PluginManager:220 - loadIPPluginJar : add aes
2024-05-11 15:58:11,799 [INFO] IPUIPlugin:80 - create IPUIPlugin
2024-05-11 15:58:11,799 [INFO] PluginManager:220 - loadIPPluginJar : add can
2024-05-11 15:58:11,835 [INFO] IPUIPlugin:80 - create IPUIPlugin
2024-05-11 15:58:11,836 [INFO] PluginManager:220 - loadIPPluginJar : add comp
2024-05-11 15:58:11,888 [INFO] IPUIPlugin:80 - create IPUIPlugin
2024-05-11 15:58:11,888 [INFO] PluginManager:220 - loadIPPluginJar : add cryp
2024-05-11 15:58:11,948 [INFO] IPUIPlugin:80 - create IPUIPlugin
2024-05-11 15:58:11,948 [INFO] PluginManager:220 - loadIPPluginJar : add dfsdm
2024-05-11 15:58:11,967 [INFO] IPUIPlugin:80 - create IPUIPlugin
2024-05-11 15:58:11,967 [INFO] PluginManager:220 - loadIPPluginJar : add dma
2024-05-11 15:58:12,044 [INFO] IPUIPlugin:80 - create IPUIPlugin
2024-05-11 15:58:12,045 [INFO] PluginManager:220 - loadIPPluginJar : add dma3
2024-05-11 15:58:12,078 [INFO] IPUIPlugin:80 - create IPUIPlugin
2024-05-11 15:58:12,078 [INFO] PluginManager:220 - loadIPPluginJar : add fatfs
2024-05-11 15:58:12,149 [INFO] IPUIPlugin:80 - create IPUIPlugin
2024-05-11 15:58:12,151 [INFO] PluginManager:220 - loadIPPluginJar : add fmc
2024-05-11 15:58:12,170 [INFO] IPUIPlugin:80 - create IPUIPlugin
2024-05-11 15:58:12,170 [INFO] PluginManager:220 - loadIPPluginJar : add freertos
2024-05-11 15:58:12,197 [INFO] IPUIPlugin:80 - create IPUIPlugin
2024-05-11 15:58:12,199 [INFO] PluginManager:220 - loadIPPluginJar : add genericplugin
2024-05-11 15:58:12,325 [INFO] IPUIPlugin:80 - create IPUIPlugin
2024-05-11 15:58:12,325 [INFO] PluginManager:220 - loadIPPluginJar : add gfxmmu
2024-05-11 15:58:12,483 [INFO] IPUIPlugin:80 - create IPUIPlugin
2024-05-11 15:58:12,483 [INFO] PluginManager:220 - loadIPPluginJar : add gic
2024-05-11 15:58:12,496 [INFO] IPUIPlugin:80 - create IPUIPlugin
2024-05-11 15:58:12,496 [INFO] PluginManager:220 - loadIPPluginJar : add gpio
2024-05-11 15:58:12,596 [INFO] IPUIPlugin:80 - create IPUIPlugin
2024-05-11 15:58:12,596 [INFO] PluginManager:220 - loadIPPluginJar : add gtzc
2024-05-11 15:58:12,629 [INFO] IPUIPlugin:80 - create IPUIPlugin
2024-05-11 15:58:12,631 [INFO] PluginManager:220 - loadIPPluginJar : add hash
2024-05-11 15:58:12,685 [INFO] IPUIPlugin:80 - create IPUIPlugin
2024-05-11 15:58:12,685 [INFO] PluginManager:220 - loadIPPluginJar : add i2c
2024-05-11 15:58:12,725 [INFO] IPUIPlugin:80 - create IPUIPlugin
2024-05-11 15:58:12,725 [INFO] PluginManager:220 - loadIPPluginJar : add i2s
2024-05-11 15:58:12,766 [INFO] IPUIPlugin:80 - create IPUIPlugin
2024-05-11 15:58:12,767 [INFO] PluginManager:220 - loadIPPluginJar : add i3c
2024-05-11 15:58:12,874 [INFO] IPUIPlugin:80 - create IPUIPlugin
2024-05-11 15:58:12,874 [INFO] PluginManager:220 - loadIPPluginJar : add ipddr
2024-05-11 15:58:12,968 [INFO] IPUIPlugin:80 - create IPUIPlugin
2024-05-11 15:58:12,968 [INFO] PluginManager:220 - loadIPPluginJar : add linkedlist
2024-05-11 15:58:13,002 [INFO] IPUIPlugin:80 - create IPUIPlugin
2024-05-11 15:58:13,002 [INFO] PluginManager:220 - loadIPPluginJar : add lorawan
2024-05-11 15:58:13,036 [INFO] IPUIPlugin:80 - create IPUIPlugin
2024-05-11 15:58:13,037 [INFO] PluginManager:220 - loadIPPluginJar : add ltdc
2024-05-11 15:58:13,050 [INFO] IPUIPlugin:80 - create IPUIPlugin
2024-05-11 15:58:13,051 [INFO] PluginManager:220 - loadIPPluginJar : add mdma
2024-05-11 15:58:13,062 [INFO] IPUIPlugin:80 - create IPUIPlugin
2024-05-11 15:58:13,062 [INFO] PluginManager:220 - loadIPPluginJar : add nvic
2024-05-11 15:58:13,096 [INFO] IPUIPlugin:80 - create IPUIPlugin
2024-05-11 15:58:13,096 [INFO] PluginManager:220 - loadIPPluginJar : add opamp
2024-05-11 15:58:13,153 [INFO] IPUIPlugin:80 - create IPUIPlugin
2024-05-11 15:58:13,153 [INFO] PluginManager:220 - loadIPPluginJar : add openamp
2024-05-11 15:58:13,193 [INFO] IPUIPlugin:80 - create IPUIPlugin
2024-05-11 15:58:13,194 [INFO] PluginManager:220 - loadIPPluginJar : add pdm2pcm
2024-05-11 15:58:13,207 [INFO] IPUIPlugin:80 - create IPUIPlugin
2024-05-11 15:58:13,209 [INFO] PluginManager:220 - loadIPPluginJar : add plateformsettings
2024-05-11 15:58:13,230 [INFO] IPUIPlugin:80 - create IPUIPlugin
2024-05-11 15:58:13,231 [INFO] PluginManager:220 - loadIPPluginJar : add quadspi
2024-05-11 15:58:13,242 [INFO] IPUIPlugin:80 - create IPUIPlugin
2024-05-11 15:58:13,242 [INFO] PluginManager:220 - loadIPPluginJar : add resmgrutility
2024-05-11 15:58:13,291 [INFO] IPUIPlugin:80 - create IPUIPlugin
2024-05-11 15:58:13,291 [INFO] PluginManager:220 - loadIPPluginJar : add sai
2024-05-11 15:58:13,327 [INFO] IPUIPlugin:80 - create IPUIPlugin
2024-05-11 15:58:13,327 [INFO] PluginManager:220 - loadIPPluginJar : add spi
2024-05-11 15:58:13,389 [INFO] IPUIPlugin:80 - create IPUIPlugin
2024-05-11 15:58:13,389 [INFO] PluginManager:220 - loadIPPluginJar : add stm32_wpan
2024-05-11 15:58:13,412 [INFO] IPUIPlugin:80 - create IPUIPlugin
2024-05-11 15:58:13,412 [INFO] PluginManager:220 - loadIPPluginJar : add tim
2024-05-11 15:58:13,467 [INFO] IPUIPlugin:80 - create IPUIPlugin
2024-05-11 15:58:13,468 [INFO] PluginManager:220 - loadIPPluginJar : add touchsensing
2024-05-11 15:58:13,490 [INFO] IPUIPlugin:80 - create IPUIPlugin
2024-05-11 15:58:13,490 [INFO] PluginManager:220 - loadIPPluginJar : add tracer_emb
2024-05-11 15:58:13,512 [INFO] IPUIPlugin:80 - create IPUIPlugin
2024-05-11 15:58:13,512 [INFO] PluginManager:220 - loadIPPluginJar : add ts
2024-05-11 15:58:13,534 [INFO] IPUIPlugin:80 - create IPUIPlugin
2024-05-11 15:58:13,534 [INFO] PluginManager:220 - loadIPPluginJar : add tsc
2024-05-11 15:58:13,557 [INFO] IPUIPlugin:80 - create IPUIPlugin
2024-05-11 15:58:13,557 [INFO] PluginManager:220 - loadIPPluginJar : add ucpd
2024-05-11 15:58:13,601 [INFO] IPUIPlugin:80 - create IPUIPlugin
2024-05-11 15:58:13,602 [INFO] PluginManager:220 - loadIPPluginJar : add usart
2024-05-11 15:58:13,644 [INFO] IPUIPlugin:80 - create IPUIPlugin
2024-05-11 15:58:13,644 [INFO] PluginManager:220 - loadIPPluginJar : add usbx
2024-05-11 15:58:13,722 [INFO] ThirdPartyUpdaterWithRetryManager:70 - Updater plugin not ready yet. [2/15]
2024-05-11 15:58:13,779 [INFO] CADModel:165 - CPN selected for project level
2024-05-11 15:58:13,779 [INFO] CADModel:114 - Register for checkConnection events
2024-05-11 15:58:13,779 [FATAL] Updater:308 - Updater called before beeing initialized
2024-05-11 15:58:13,780 [ERROR] CADModel:125 - Updater not yet initialized, retry later 
2024-05-11 15:58:13,979 [INFO] CADModel:165 - CPN selected for project level
2024-05-11 15:58:13,979 [INFO] CADModel:114 - Register for checkConnection events
2024-05-11 15:58:13,979 [FATAL] Updater:308 - Updater called before beeing initialized
2024-05-11 15:58:13,979 [ERROR] CADModel:125 - Updater not yet initialized, retry later 
2024-05-11 15:58:13,984 [FATAL] Updater:308 - Updater called before beeing initialized
2024-05-11 15:58:14,130 [FATAL] Updater:308 - Updater called before beeing initialized
2024-05-11 15:58:14,147 [INFO] DbMcusAds:53 - JSON generation date=Thu May 02 14:07:29 IST 2024 (1714639049318)
2024-05-11 15:58:14,147 [FATAL] Updater:308 - Updater called before beeing initialized
2024-05-11 15:58:14,241 [WARN] DetailPanel:346 - Failed to get advertising image, set to default
2024-05-11 15:58:14,368 [FATAL] Updater:308 - Updater called before beeing initialized
2024-05-11 15:58:14,370 [FATAL] Updater:308 - Updater called before beeing initialized
2024-05-11 15:58:14,370 [FATAL] Updater:308 - Updater called before beeing initialized
2024-05-11 15:58:14,370 [WARN] DetailPanel:346 - Failed to get advertising image, set to default
2024-05-11 15:58:14,371 [FATAL] Updater:308 - Updater called before beeing initialized
2024-05-11 15:58:14,458 [ERROR] Updater:1120 - MainUpdater not yet initialized. External WinMGr cannot be set.
2024-05-11 15:58:14,471 [INFO] Updater:1056 - Updater Version found : 6.9.2
2024-05-11 15:58:14,494 [INFO] ApplicationProperties:184 - Using Application install path: C:\ST\STM32CubeIDE_1.13.2\STM32CubeIDE\plugins\com.st.stm32cube.common.mx_6.9.2.202309101412
2024-05-11 15:58:14,759 [INFO] MainUpdater:2868 - connection check result : 10
2024-05-11 15:58:14,760 [INFO] MainUpdater:285 - Updater Check For Update Now.
2024-05-11 15:58:14,760 [INFO] MicroXplorer:498 - Change Database Version : DB.6.0.92
2024-05-11 15:58:14,784 [INFO] McuFinderGlobals:63 - Set McuFinder mode to 2 (CubeIDE integrated)
2024-05-11 15:58:14,784 [INFO] UserAuth:179 - activating auth plugin
2024-05-11 15:58:14,787 [INFO] UserAuth:393 - Internet connection configuration mode: 1
2024-05-11 15:58:14,834 [INFO] JxBrowserEngine:151 - Initiate JxBrowser Engine with user profile folder
2024-05-11 15:58:15,012 [INFO] CheckServerUpdateThread:120 - End of CheckServer Thread
2024-05-11 15:58:17,042 [WARN] PackLoader:240 - Cannot read IP mode file for STMicroelectronics.FP-SNS-MOTENVWB1.1.4.0
2024-05-11 15:58:17,069 [WARN] PackLoader:240 - Cannot read IP mode file for STMicroelectronics.X-CUBE-SMBUS.2.1.0
2024-05-11 15:58:17,090 [WARN] PackLoader:240 - Cannot read IP mode file for STMicroelectronics.X-CUBE-TOUCHGFX.4.23.0
2024-05-11 15:58:17,109 [WARN] PackLoader:240 - Cannot read IP mode file for STMicroelectronics.X-CUBE-TOUCHGFX.4.23.2
2024-05-11 15:58:17,194 [WARN] PackLoader:240 - Cannot read IP mode file for STMicroelectronics.X-CUBE-AZRTOS-F7.1.1.0
2024-05-11 15:58:17,291 [WARN] PackLoader:240 - Cannot read IP mode file for STMicroelectronics.FP-SNS-MOTENV1.4.3.2
2024-05-11 15:58:17,361 [WARN] PackLoader:240 - Cannot read IP mode file for STMicroelectronics.FP-SNS-FLIGHT1.5.0.2
2024-05-11 15:58:17,401 [WARN] PackLoader:240 - Cannot read IP mode file for STMicroelectronics.X-CUBE-DISPLAY.3.0.0
2024-05-11 15:58:17,451 [WARN] PackLoader:240 - Cannot read IP mode file for STMicroelectronics.X-CUBE-BLE1.7.0.0
2024-05-11 15:58:17,481 [WARN] PackLoader:240 - Cannot read IP mode file for emotas.I-CUBE-CANOPEN.1.3.0
2024-05-11 15:58:17,527 [WARN] PackLoader:240 - Cannot read IP mode file for STMicroelectronics.X-CUBE-BLEMGR.3.1.0
2024-05-11 15:58:17,561 [WARN] PackLoader:240 - Cannot read IP mode file for STMicroelectronics.FP-SNS-SMARTAG2.1.2.0
2024-05-11 15:58:17,598 [INFO] LogOutputStream:77 - [STDOUT_REDIRECT] 1 : Invalid condition id : UX_CORESTACK_Condition cause : null
2024-05-11 15:58:17,599 [INFO] LogOutputStream:77 - [STDOUT_REDIRECT] 1 : Invalid condition id : UX_CORESTACK_Condition cause : null
2024-05-11 15:58:17,599 [INFO] WebApp:157 - Instantiating new browser for Auth
2024-05-11 15:58:17,602 [INFO] LogOutputStream:77 - [STDOUT_REDIRECT] 1 : Invalid condition id : UX_CORESTACK_Condition cause : null
2024-05-11 15:58:17,605 [INFO] LogOutputStream:77 - [STDOUT_REDIRECT] 1 : Invalid condition id : UX_CORESTACK_Condition cause : null
2024-05-11 15:58:17,608 [INFO] LogOutputStream:77 - [STDOUT_REDIRECT] 1 : Invalid condition id : UX_CORESTACK_Condition cause : null
2024-05-11 15:58:17,613 [WARN] PackLoader:240 - Cannot read IP mode file for STMicroelectronics.X-CUBE-AZRTOS-WL.2.0.0
2024-05-11 15:58:17,644 [WARN] PackLoader:240 - Cannot read IP mode file for STMicroelectronics.FP-SNS-MOTENV1.5.0.0
2024-05-11 15:58:17,709 [WARN] PackLoader:240 - Cannot read IP mode file for WES.I-CUBE-Cesium.1.3.0
2024-05-11 15:58:17,734 [WARN] PackLoader:240 - Cannot read IP mode file for STMicroelectronics.X-CUBE-BLE2.3.3.0
2024-05-11 15:58:17,758 [WARN] PackLoader:240 - Cannot read IP mode file for STMicroelectronics.X-CUBE-TCPP.4.1.0
2024-05-11 15:58:17,790 [WARN] PackLoader:240 - Cannot read IP mode file for STMicroelectronics.X-CUBE-ALGOBUILD.1.3.0
2024-05-11 15:58:17,873 [WARN] PackLoader:240 - Cannot read IP mode file for STMicroelectronics.X-CUBE-AZRTOS-G0.1.1.0
2024-05-11 15:58:17,907 [WARN] PackLoader:240 - Cannot read IP mode file for STMicroelectronics.X-CUBE-SAFEA1.1.2.2
2024-05-11 15:58:17,938 [WARN] PackLoader:240 - Cannot read IP mode file for STMicroelectronics.X-CUBE-NFC4.3.0.0
2024-05-11 15:58:17,966 [WARN] PackLoader:240 - Cannot read IP mode file for STMicroelectronics.X-CUBE-BLEMGR.3.0.0
2024-05-11 15:58:17,990 [WARN] PackLoader:240 - Cannot read IP mode file for STMicroelectronics.FP-ATR-SIGFOX1.3.2.0
2024-05-11 15:58:18,015 [WARN] PackLoader:240 - Cannot read IP mode file for STMicroelectronics.X-CUBE-EEPRMA1.5.1.0
2024-05-11 15:58:18,091 [WARN] PackLoader:240 - Cannot read IP mode file for SEGGER.I-CUBE-embOS.1.3.1
2024-05-11 15:58:18,180 [WARN] PackLoader:240 - Cannot read IP mode file for STMicroelectronics.X-CUBE-ALGOBUILD.1.4.0
2024-05-11 15:58:18,199 [WARN] PackLoader:240 - Cannot read IP mode file for STMicroelectronics.X-CUBE-GNSS1.6.0.0
2024-05-11 15:58:18,256 [WARN] PackLoader:240 - Cannot read IP mode file for STMicroelectronics.X-CUBE-AZRTOS-F4.1.1.0
2024-05-11 15:58:18,286 [WARN] PackLoader:240 - Cannot read IP mode file for wolfSSL.I-CUBE-wolfSSL.5.6.4
2024-05-11 15:58:18,307 [WARN] PackLoader:240 - Cannot read IP mode file for STMicroelectronics.X-CUBE-FREERTOS.1.2.0
2024-05-11 15:58:18,359 [WARN] PackLoader:240 - Cannot read IP mode file for STMicroelectronics.X-CUBE-AZRTOS-L5.2.0.0
2024-05-11 15:58:18,381 [WARN] PackLoader:240 - Cannot read IP mode file for STMicroelectronics.X-CUBE-EEPRMA1.4.2.0
2024-05-11 15:58:18,407 [WARN] PackLoader:240 - Cannot read IP mode file for STMicroelectronics.X-CUBE-NFC6.3.1.0
2024-05-11 15:58:18,433 [WARN] PackLoader:240 - Cannot read IP mode file for ITTIA_DB.I-CUBE-ITTIADB.8.8.0
2024-05-11 15:58:18,452 [WARN] PackLoader:240 - Cannot read IP mode file for STMicroelectronics.X-CUBE-AI.9.0.0
2024-05-11 15:58:18,473 [WARN] PackLoader:240 - Cannot read IP mode file for STMicroelectronics.X-CUBE-NFC7.1.0.1
2024-05-11 15:58:18,499 [WARN] PackLoader:240 - Cannot read IP mode file for STMicroelectronics.X-CUBE-NFC6.3.0.0
2024-05-11 15:58:18,526 [WARN] PackLoader:240 - Cannot read IP mode file for STMicroelectronics.X-CUBE-AI.8.1.0
2024-05-11 15:58:18,590 [WARN] ConditionMgr:438 - getConditionDescription Invalid condition id : LAN8742 Phy interface Condition cause : null
2024-05-11 15:58:18,591 [WARN] PackLoader:240 - Cannot read IP mode file for STMicroelectronics.X-CUBE-AZRTOS-L4.2.0.0
2024-05-11 15:58:18,612 [WARN] ConditionMgr:1039 - genDependencies : Invalid condition id : LAN8742 Phy interface Condition cause : null
2024-05-11 15:58:18,612 [WARN] ConditionMgr:1039 - genDependencies : Invalid condition id : LAN8742 Phy interface Condition cause : null
2024-05-11 15:58:18,613 [WARN] ConditionMgr:1039 - genDependencies : Invalid condition id : LAN8742 Phy interface Condition cause : null
2024-05-11 15:58:18,651 [WARN] PackLoader:240 - Cannot read IP mode file for STMicroelectronics.X-CUBE-SFXS2LP1.4.0.0
2024-05-11 15:58:18,712 [WARN] ConditionMgr:438 - getConditionDescription Invalid condition id : UX DEVICE CLASS RTOS Condition cause : null
2024-05-11 15:58:18,712 [WARN] ConditionMgr:438 - getConditionDescription Invalid condition id : UX DEVICE CLASS RTOS Condition cause : null
2024-05-11 15:58:18,717 [WARN] PackLoader:240 - Cannot read IP mode file for STMicroelectronics.X-CUBE-AZRTOS-WB.2.0.0
2024-05-11 15:58:18,719 [WARN] ConditionMgr:1039 - genDependencies : Invalid condition id : UX DEVICE CLASS RTOS Condition cause : null
2024-05-11 15:58:18,720 [WARN] ConditionMgr:1039 - genDependencies : Invalid condition id : UX DEVICE CLASS RTOS Condition cause : null
2024-05-11 15:58:18,721 [WARN] ConditionMgr:1039 - genDependencies : Invalid condition id : UX DEVICE CLASS RTOS Condition cause : null
2024-05-11 15:58:18,722 [WARN] ConditionMgr:1039 - genDependencies : Invalid condition id : UX DEVICE CLASS RTOS Condition cause : null
2024-05-11 15:58:18,722 [WARN] ConditionMgr:1039 - genDependencies : Invalid condition id : UX DEVICE CLASS RTOS Condition cause : null
2024-05-11 15:58:18,771 [WARN] PackLoader:240 - Cannot read IP mode file for STMicroelectronics.X-CUBE-SUBG2.5.0.0
2024-05-11 15:58:18,838 [WARN] PackLoader:240 - Cannot read IP mode file for STMicroelectronics.X-CUBE-AZRTOS-G4.2.0.0
2024-05-11 15:58:18,889 [WARN] PackLoader:240 - Cannot read IP mode file for Infineon.AIROC-Wi-Fi-Bluetooth-STM32.1.5.1
2024-05-11 15:58:18,916 [WARN] PackLoader:240 - Cannot read IP mode file for STMicroelectronics.FP-SNS-MOTENVWB1.1.3.1
2024-05-11 15:58:18,938 [WARN] PackLoader:240 - Cannot read IP mode file for STMicroelectronics.X-CUBE-ISPU.2.0.0
2024-05-11 15:58:19,032 [WARN] PackLoader:240 - Cannot read IP mode file for STMicroelectronics.X-CUBE-MEMS1.10.0.0
2024-05-11 15:58:19,144 [INFO] WebApp:753 - Register for checkConnection events
2024-05-11 15:58:19,144 [INFO] WebApp:390 - Apply proxy settings
2024-05-11 15:58:19,144 [INFO] WebApp:475 - Chromium requires no authentication
2024-05-11 15:58:19,160 [INFO] WebApp:418 - Direct internet connection detected
2024-05-11 15:58:19,281 [WARN] PackLoader:240 - Cannot read IP mode file for STMicroelectronics.X-CUBE-FREERTOS.1.1.0
2024-05-11 15:58:19,308 [WARN] PackLoader:240 - Cannot read IP mode file for portGmbH.I-Cube-SoM-uGOAL.1.1.0
2024-05-11 15:58:19,327 [WARN] PackLoader:240 - Cannot read IP mode file for STMicroelectronics.X-CUBE-ALS.1.0.1
2024-05-11 15:58:19,374 [WARN] PackLoader:240 - Cannot read IP mode file for STMicroelectronics.X-CUBE-AZRTOS-H7RS.1.0.0
2024-05-11 15:58:19,396 [WARN] PackLoader:240 - Cannot read IP mode file for STMicroelectronics.FP-ATR-ASTRA1.2.0.0
2024-05-11 15:58:19,428 [WARN] PackLoader:240 - Cannot read IP mode file for STMicroelectronics.X-CUBE-TOF1.3.4.0
2024-05-11 15:58:19,484 [WARN] PackLoader:240 - Cannot read IP mode file for STMicroelectronics.X-CUBE-TOF1.3.4.1
2024-05-11 15:58:19,555 [WARN] PackLoader:240 - Cannot read IP mode file for STMicroelectronics.X-CUBE-AZRTOS-H7.3.2.0
2024-05-11 15:58:19,561 [INFO] ThirdParty:978 - Integrity check success = true
2024-05-11 15:58:19,562 [INFO] IntegrityCheckThread:100 - exiting critical section [integrity check]
2024-05-11 15:58:19,562 [INFO] IntegrityCheckThread:103 - End integrity checks thread
2024-05-11 15:58:19,698 [INFO] WebApp:188 - Starting web application
2024-05-11 15:58:19,699 [INFO] WebApp:520 - Web application path used C:\ST\STM32CubeIDE_1.13.2\STM32CubeIDE\plugins\com.st.stm32cube.common.mx_6.9.2.202309101412\db\plugins\mcufinder\reactClient1\index.html
2024-05-11 15:58:40,957 [ERROR] LogOutputStream:75 - [STDERR_REDIRECT] SLF4J: Failed to load class "org.slf4j.impl.StaticLoggerBinder".
2024-05-11 15:58:40,958 [ERROR] LogOutputStream:75 - [STDERR_REDIRECT] SLF4J: Defaulting to no-operation (NOP) logger implementation
2024-05-11 15:58:40,959 [ERROR] LogOutputStream:75 - [STDERR_REDIRECT] SLF4J: See http://www.slf4j.org/codes.html#StaticLoggerBinder for further details.
2024-05-11 16:33:14,523 [ERROR] LogOutputStream:75 - [STDERR_REDIRECT] 
2024-05-11 16:33:24,756 [INFO] Activator:176 - 


2024-05-11 16:33:24,759 [INFO] Activator:177 - !SESSION log4j initialized
2024-05-11 16:33:28,956 [INFO] LogOutputStream:77 - [STDOUT_REDIRECT] 
2024-05-11 16:33:31,030 [INFO] ApplicationProperties:184 - Using Application install path: C:\ST\STM32CubeIDE_1.13.2\STM32CubeIDE\plugins\com.st.stm32cube.common.mx_6.9.2.202309101412
2024-05-11 16:33:31,068 [INFO] DbMcusXml:78 - Set database path to: C:\ST\STM32CubeIDE_1.13.2\STM32CubeIDE\plugins\com.st.stm32cube.common.mx_6.9.2.202309101412\\db\/mcu/
2024-05-11 16:33:31,070 [INFO] ApiDb:274 - Set plugin database path to: C:\ST\STM32CubeIDE_1.13.2\STM32CubeIDE\plugins\com.st.stm32cube.common.mx_6.9.2.202309101412\\db\/plugins/boardmanager/
2024-05-11 16:33:31,071 [WARN] ApiDb:259 - Overriding images path with different value:  => C:\ST\STM32CubeIDE_1.13.2\STM32CubeIDE\plugins\com.st.stm32cube.common.mx_6.9.2.202309101412\\db\/plugins/mcufinder/images/
2024-05-11 16:33:31,093 [INFO] ApiDb:250 - Set database path to: C:\Users\jammu\.stmcufinder\plugins\mcufinder//mcu/
2024-05-11 16:33:31,096 [INFO] DbMcusAds:125 - Set database path to: C:\Users\jammu\.stmcufinder\plugins\mcufinder//mcu/
2024-05-11 16:33:31,100 [INFO] CrossReferenceDbSqlite:203 - Set database path to: C:\Users\jammu\.stmcufinder\plugins\mcufinder//mcu/cs/
2024-05-11 16:33:31,339 [INFO] RulesReader:64 - Compatibility file has been processed (293 Rules)
2024-05-11 16:33:31,490 [INFO] DbMcusXml:78 - Set database path to: C:\ST\STM32CubeIDE_1.13.2\STM32CubeIDE\plugins\com.st.stm32cube.common.mx_6.9.2.202309101412\\db\/mcu/
2024-05-11 16:33:31,490 [INFO] ApiDb:274 - Set plugin database path to: C:\ST\STM32CubeIDE_1.13.2\STM32CubeIDE\plugins\com.st.stm32cube.common.mx_6.9.2.202309101412\\db\/plugins/boardmanager/
2024-05-11 16:33:31,491 [INFO] ApiDb:261 - Set plugin images path to: C:\ST\STM32CubeIDE_1.13.2\STM32CubeIDE\plugins\com.st.stm32cube.common.mx_6.9.2.202309101412\\db\/plugins/mcufinder/images/
2024-05-11 16:33:31,491 [WARN] DbFile:41 - Overriding database path with different value: C:\Users\jammu\.stmcufinder\plugins\mcufinder/ => C:\Users\jammu\.stmcufinder\plugins\mcufinder
2024-05-11 16:33:31,491 [INFO] ApiDb:250 - Set database path to: C:\Users\jammu\.stmcufinder\plugins\mcufinder//mcu/
2024-05-11 16:33:31,491 [WARN] DbFile:41 - Overriding database path with different value: C:\Users\jammu\.stmcufinder\plugins\mcufinder/ => C:\Users\jammu\.stmcufinder\plugins\mcufinder
2024-05-11 16:33:31,491 [INFO] DbMcusAds:125 - Set database path to: C:\Users\jammu\.stmcufinder\plugins\mcufinder//mcu/
2024-05-11 16:33:31,491 [WARN] DbFile:41 - Overriding database path with different value: C:\Users\jammu\.stmcufinder\plugins\mcufinder/ => C:\Users\jammu\.stmcufinder\plugins\mcufinder
2024-05-11 16:33:31,491 [WARN] DbFile:41 - Overriding database path with different value: C:\Users\jammu\.stmcufinder\plugins\mcufinder/ => C:\Users\jammu\.stmcufinder\plugins\mcufinder
2024-05-11 16:33:31,492 [INFO] CrossReferenceDbSqlite:203 - Set database path to: C:\Users\jammu\.stmcufinder\plugins\mcufinder//mcu/cs/
2024-05-11 16:33:31,590 [INFO] MainPanel:262 - HeapMemory: 268435456
2024-05-11 16:33:31,705 [INFO] DbMcusXml:78 - Set database path to: C:\ST\STM32CubeIDE_1.13.2\STM32CubeIDE\plugins\com.st.stm32cube.common.mx_6.9.2.202309101412\\db\/mcu/
2024-05-11 16:33:31,705 [INFO] ApiDb:274 - Set plugin database path to: C:\ST\STM32CubeIDE_1.13.2\STM32CubeIDE\plugins\com.st.stm32cube.common.mx_6.9.2.202309101412\\db\/plugins/boardmanager/
2024-05-11 16:33:31,705 [INFO] ApiDb:261 - Set plugin images path to: C:\ST\STM32CubeIDE_1.13.2\STM32CubeIDE\plugins\com.st.stm32cube.common.mx_6.9.2.202309101412\\db\/plugins/mcufinder/images/
2024-05-11 16:33:31,706 [WARN] DbFile:41 - Overriding database path with different value: C:\Users\jammu\.stmcufinder\plugins\mcufinder/ => C:\Users\jammu\.stmcufinder\plugins\mcufinder
2024-05-11 16:33:31,706 [INFO] ApiDb:250 - Set database path to: C:\Users\jammu\.stmcufinder\plugins\mcufinder//mcu/
2024-05-11 16:33:31,706 [WARN] DbFile:41 - Overriding database path with different value: C:\Users\jammu\.stmcufinder\plugins\mcufinder/ => C:\Users\jammu\.stmcufinder\plugins\mcufinder
2024-05-11 16:33:31,706 [INFO] DbMcusAds:125 - Set database path to: C:\Users\jammu\.stmcufinder\plugins\mcufinder//mcu/
2024-05-11 16:33:31,706 [WARN] DbFile:41 - Overriding database path with different value: C:\Users\jammu\.stmcufinder\plugins\mcufinder/ => C:\Users\jammu\.stmcufinder\plugins\mcufinder
2024-05-11 16:33:31,706 [WARN] DbFile:41 - Overriding database path with different value: C:\Users\jammu\.stmcufinder\plugins\mcufinder/ => C:\Users\jammu\.stmcufinder\plugins\mcufinder
2024-05-11 16:33:31,706 [INFO] CrossReferenceDbSqlite:203 - Set database path to: C:\Users\jammu\.stmcufinder\plugins\mcufinder//mcu/cs/
2024-05-11 16:33:31,731 [INFO] ApplicationProperties:184 - Using Application install path: C:\ST\STM32CubeIDE_1.13.2\STM32CubeIDE\plugins\com.st.stm32cube.common.mx_6.9.2.202309101412
2024-05-11 16:33:31,733 [INFO] PluginManage:196 - Search for loadable plugins [exclusion list=, ]
2024-05-11 16:33:31,735 [INFO] PluginManage:310 - Check plugin analytics
2024-05-11 16:33:31,985 [INFO] AnalyticsPlugin:253 - Accepted Software Licenses: 
2024-05-11 16:33:31,985 [INFO] AnalyticsPlugin:255 - Accepted CMSIS Pack Licenses: 
2024-05-11 16:33:31,986 [INFO] AnalyticsPlugin:257 - Accepted Firmware Licenses: FW.F4.1.27.0
2024-05-11 16:33:31,990 [INFO] PluginManage:359 - Loaded plugin analytics (category:tool,tabindex:-1)
2024-05-11 16:33:31,991 [INFO] PluginManage:310 - Check plugin cadmodel
2024-05-11 16:33:31,997 [INFO] CADModel:105 - Init CAD model plugin
2024-05-11 16:33:31,997 [INFO] PluginManage:359 - Loaded plugin cadmodel (category:power,tabindex:5)
2024-05-11 16:33:31,998 [INFO] PluginManage:310 - Check plugin clock
2024-05-11 16:33:32,011 [INFO] PluginManage:359 - Loaded plugin clock (category:base,tabindex:2)
2024-05-11 16:33:32,011 [INFO] PluginManage:310 - Check plugin ddr
2024-05-11 16:33:32,014 [INFO] PluginManage:359 - Loaded plugin ddr (category:tool,tabindex:6)
2024-05-11 16:33:32,015 [INFO] PluginManage:310 - Check plugin filemanager
2024-05-11 16:33:32,202 [INFO] PluginManage:359 - Loaded plugin filemanager (category:base,tabindex:10)
2024-05-11 16:33:32,202 [INFO] PluginManage:310 - Check plugin ipmanager
2024-05-11 16:33:32,220 [INFO] PluginManage:359 - Loaded plugin ipmanager (category:base,tabindex:5)
2024-05-11 16:33:32,220 [INFO] PluginManage:310 - Check plugin lpbam
2024-05-11 16:33:32,237 [INFO] PluginManage:359 - Loaded plugin lpbam (category:base,tabindex:0)
2024-05-11 16:33:32,237 [INFO] PluginManage:310 - Check plugin memorymap
2024-05-11 16:33:32,274 [INFO] PluginManage:359 - Loaded plugin memorymap (category:base,tabindex:4)
2024-05-11 16:33:32,274 [INFO] PluginManage:310 - Check plugin pinoutandconfiguration
2024-05-11 16:33:32,300 [INFO] PluginManage:359 - Loaded plugin pinoutandconfiguration (category:base,tabindex:1)
2024-05-11 16:33:32,300 [INFO] PluginManage:310 - Check plugin pinoutconfig
2024-05-11 16:33:32,529 [WARN] SupportedApi:132 - Cannot load RTOS API schema: s4s-elt-must-match.1: The content of 'definitions' must match (annotation?, (simpleType | complexType)?, (unique | key | keyref)*)). A problem was found starting at: attribute.
2024-05-11 16:33:32,752 [INFO] PluginManage:359 - Loaded plugin pinoutconfig (category:base,tabindex:0)
2024-05-11 16:33:32,752 [INFO] PluginManage:310 - Check plugin power
2024-05-11 16:33:32,763 [INFO] PluginManage:359 - Loaded plugin power (category:power,tabindex:4)
2024-05-11 16:33:32,763 [INFO] PluginManage:310 - Check plugin projectmanager
2024-05-11 16:33:32,784 [INFO] PluginManage:359 - Loaded plugin projectmanager (category:projectmanager,tabindex:3)
2024-05-11 16:33:32,784 [INFO] PluginManage:310 - Check plugin thirdparty
2024-05-11 16:33:32,943 [INFO] PluginManage:359 - Loaded plugin thirdparty (category:base,tabindex:-1)
2024-05-11 16:33:32,943 [WARN] IntegrityCheckThread:84 - waiting for thirdparty lock release [integrity check]
2024-05-11 16:33:32,943 [INFO] PluginManage:310 - Check plugin tools
2024-05-11 16:33:32,943 [INFO] IntegrityCheckThread:86 - entering critical section [integrity check]
2024-05-11 16:33:32,943 [INFO] ThirdPartyUpdaterWithRetryManager:70 - Updater plugin not ready yet. [1/15]
2024-05-11 16:33:32,946 [INFO] PluginManage:359 - Loaded plugin tools (category:base,tabindex:7)
2024-05-11 16:33:32,946 [INFO] PluginManage:310 - Check plugin tutovideos
2024-05-11 16:33:33,144 [INFO] PluginManage:359 - Loaded plugin tutovideos (category:base,tabindex:-1)
2024-05-11 16:33:33,144 [INFO] PluginManage:310 - Check plugin updater
2024-05-11 16:33:33,158 [INFO] PluginManage:359 - Loaded plugin updater (category:base,tabindex:12)
2024-05-11 16:33:33,158 [INFO] PluginManage:310 - Check plugin userauth
2024-05-11 16:33:33,165 [INFO] UserAuth:113 - Init User Auth plugin
2024-05-11 16:33:33,166 [INFO] PluginManage:359 - Loaded plugin userauth (category:base,tabindex:14)
2024-05-11 16:33:33,166 [INFO] PluginManage:283 - PluginManage : Loaded plugins [17]
2024-05-11 16:33:33,417 [INFO] PinOutPanel:1499 - setPackage(No Configuration,No Configuration)
2024-05-11 16:33:33,541 [INFO] CADModel:165 - CPN selected for project level
2024-05-11 16:33:33,541 [INFO] CADModel:114 - Register for checkConnection events
2024-05-11 16:33:33,558 [INFO] IPUIPlugin:80 - create IPUIPlugin
2024-05-11 16:33:33,558 [INFO] PluginManager:220 - loadIPPluginJar : add adc
2024-05-11 16:33:33,561 [INFO] IPUIPlugin:80 - create IPUIPlugin
2024-05-11 16:33:33,561 [INFO] PluginManager:220 - loadIPPluginJar : add aes
2024-05-11 16:33:33,564 [INFO] IPUIPlugin:80 - create IPUIPlugin
2024-05-11 16:33:33,564 [INFO] PluginManager:220 - loadIPPluginJar : add can
2024-05-11 16:33:33,568 [INFO] IPUIPlugin:80 - create IPUIPlugin
2024-05-11 16:33:33,568 [INFO] PluginManager:220 - loadIPPluginJar : add comp
2024-05-11 16:33:33,572 [INFO] IPUIPlugin:80 - create IPUIPlugin
2024-05-11 16:33:33,572 [INFO] PluginManager:220 - loadIPPluginJar : add cryp
2024-05-11 16:33:33,575 [INFO] IPUIPlugin:80 - create IPUIPlugin
2024-05-11 16:33:33,575 [INFO] PluginManager:220 - loadIPPluginJar : add dfsdm
2024-05-11 16:33:33,580 [INFO] IPUIPlugin:80 - create IPUIPlugin
2024-05-11 16:33:33,581 [INFO] PluginManager:220 - loadIPPluginJar : add dma
2024-05-11 16:33:33,583 [INFO] IPUIPlugin:80 - create IPUIPlugin
2024-05-11 16:33:33,584 [INFO] PluginManager:220 - loadIPPluginJar : add dma3
2024-05-11 16:33:33,585 [INFO] IPUIPlugin:80 - create IPUIPlugin
2024-05-11 16:33:33,585 [INFO] PluginManager:220 - loadIPPluginJar : add fatfs
2024-05-11 16:33:33,589 [INFO] IPUIPlugin:80 - create IPUIPlugin
2024-05-11 16:33:33,589 [INFO] PluginManager:220 - loadIPPluginJar : add fmc
2024-05-11 16:33:33,594 [INFO] IPUIPlugin:80 - create IPUIPlugin
2024-05-11 16:33:33,594 [INFO] PluginManager:220 - loadIPPluginJar : add freertos
2024-05-11 16:33:33,596 [INFO] IPUIPlugin:80 - create IPUIPlugin
2024-05-11 16:33:33,596 [INFO] PluginManager:220 - loadIPPluginJar : add genericplugin
2024-05-11 16:33:33,597 [INFO] IPUIPlugin:80 - create IPUIPlugin
2024-05-11 16:33:33,597 [INFO] PluginManager:220 - loadIPPluginJar : add gfxmmu
2024-05-11 16:33:33,602 [INFO] IPUIPlugin:80 - create IPUIPlugin
2024-05-11 16:33:33,602 [INFO] PluginManager:220 - loadIPPluginJar : add gic
2024-05-11 16:33:33,606 [INFO] IPUIPlugin:80 - create IPUIPlugin
2024-05-11 16:33:33,606 [INFO] PluginManager:220 - loadIPPluginJar : add gpio
2024-05-11 16:33:33,609 [INFO] IPUIPlugin:80 - create IPUIPlugin
2024-05-11 16:33:33,609 [INFO] PluginManager:220 - loadIPPluginJar : add gtzc
2024-05-11 16:33:33,613 [INFO] IPUIPlugin:80 - create IPUIPlugin
2024-05-11 16:33:33,613 [INFO] PluginManager:220 - loadIPPluginJar : add hash
2024-05-11 16:33:33,616 [INFO] IPUIPlugin:80 - create IPUIPlugin
2024-05-11 16:33:33,616 [INFO] PluginManager:220 - loadIPPluginJar : add i2c
2024-05-11 16:33:33,619 [INFO] IPUIPlugin:80 - create IPUIPlugin
2024-05-11 16:33:33,619 [INFO] PluginManager:220 - loadIPPluginJar : add i2s
2024-05-11 16:33:33,622 [INFO] IPUIPlugin:80 - create IPUIPlugin
2024-05-11 16:33:33,622 [INFO] PluginManager:220 - loadIPPluginJar : add i3c
2024-05-11 16:33:33,626 [INFO] IPUIPlugin:80 - create IPUIPlugin
2024-05-11 16:33:33,626 [INFO] PluginManager:220 - loadIPPluginJar : add ipddr
2024-05-11 16:33:33,634 [INFO] IPUIPlugin:80 - create IPUIPlugin
2024-05-11 16:33:33,634 [INFO] PluginManager:220 - loadIPPluginJar : add linkedlist
2024-05-11 16:33:33,637 [INFO] IPUIPlugin:80 - create IPUIPlugin
2024-05-11 16:33:33,638 [INFO] PluginManager:220 - loadIPPluginJar : add lorawan
2024-05-11 16:33:33,640 [INFO] IPUIPlugin:80 - create IPUIPlugin
2024-05-11 16:33:33,640 [INFO] PluginManager:220 - loadIPPluginJar : add ltdc
2024-05-11 16:33:33,648 [INFO] IPUIPlugin:80 - create IPUIPlugin
2024-05-11 16:33:33,648 [INFO] PluginManager:220 - loadIPPluginJar : add mdma
2024-05-11 16:33:33,654 [INFO] IPUIPlugin:80 - create IPUIPlugin
2024-05-11 16:33:33,654 [INFO] PluginManager:220 - loadIPPluginJar : add nvic
2024-05-11 16:33:33,657 [INFO] IPUIPlugin:80 - create IPUIPlugin
2024-05-11 16:33:33,657 [INFO] PluginManager:220 - loadIPPluginJar : add opamp
2024-05-11 16:33:33,662 [INFO] IPUIPlugin:80 - create IPUIPlugin
2024-05-11 16:33:33,663 [INFO] PluginManager:220 - loadIPPluginJar : add openamp
2024-05-11 16:33:33,667 [INFO] IPUIPlugin:80 - create IPUIPlugin
2024-05-11 16:33:33,667 [INFO] PluginManager:220 - loadIPPluginJar : add pdm2pcm
2024-05-11 16:33:33,677 [INFO] IPUIPlugin:80 - create IPUIPlugin
2024-05-11 16:33:33,681 [INFO] PluginManager:220 - loadIPPluginJar : add plateformsettings
2024-05-11 16:33:33,683 [INFO] IPUIPlugin:80 - create IPUIPlugin
2024-05-11 16:33:33,683 [INFO] PluginManager:220 - loadIPPluginJar : add quadspi
2024-05-11 16:33:33,687 [INFO] IPUIPlugin:80 - create IPUIPlugin
2024-05-11 16:33:33,687 [INFO] PluginManager:220 - loadIPPluginJar : add resmgrutility
2024-05-11 16:33:33,690 [INFO] IPUIPlugin:80 - create IPUIPlugin
2024-05-11 16:33:33,690 [INFO] PluginManager:220 - loadIPPluginJar : add sai
2024-05-11 16:33:33,694 [INFO] IPUIPlugin:80 - create IPUIPlugin
2024-05-11 16:33:33,694 [INFO] PluginManager:220 - loadIPPluginJar : add spi
2024-05-11 16:33:33,699 [INFO] IPUIPlugin:80 - create IPUIPlugin
2024-05-11 16:33:33,699 [INFO] PluginManager:220 - loadIPPluginJar : add stm32_wpan
2024-05-11 16:33:33,702 [INFO] IPUIPlugin:80 - create IPUIPlugin
2024-05-11 16:33:33,702 [INFO] PluginManager:220 - loadIPPluginJar : add tim
2024-05-11 16:33:33,705 [INFO] IPUIPlugin:80 - create IPUIPlugin
2024-05-11 16:33:33,705 [INFO] PluginManager:220 - loadIPPluginJar : add touchsensing
2024-05-11 16:33:33,707 [INFO] IPUIPlugin:80 - create IPUIPlugin
2024-05-11 16:33:33,707 [INFO] PluginManager:220 - loadIPPluginJar : add tracer_emb
2024-05-11 16:33:33,710 [INFO] IPUIPlugin:80 - create IPUIPlugin
2024-05-11 16:33:33,710 [INFO] PluginManager:220 - loadIPPluginJar : add ts
2024-05-11 16:33:33,712 [INFO] IPUIPlugin:80 - create IPUIPlugin
2024-05-11 16:33:33,712 [INFO] PluginManager:220 - loadIPPluginJar : add tsc
2024-05-11 16:33:33,715 [INFO] IPUIPlugin:80 - create IPUIPlugin
2024-05-11 16:33:33,715 [INFO] PluginManager:220 - loadIPPluginJar : add ucpd
2024-05-11 16:33:33,719 [INFO] IPUIPlugin:80 - create IPUIPlugin
2024-05-11 16:33:33,720 [INFO] PluginManager:220 - loadIPPluginJar : add usart
2024-05-11 16:33:33,723 [INFO] IPUIPlugin:80 - create IPUIPlugin
2024-05-11 16:33:33,723 [INFO] PluginManager:220 - loadIPPluginJar : add usbx
2024-05-11 16:33:33,855 [INFO] CADModel:165 - CPN selected for project level
2024-05-11 16:33:33,856 [INFO] CADModel:114 - Register for checkConnection events
2024-05-11 16:33:33,856 [FATAL] Updater:308 - Updater called before beeing initialized
2024-05-11 16:33:33,856 [ERROR] CADModel:125 - Updater not yet initialized, retry later 
2024-05-11 16:33:34,047 [INFO] CADModel:165 - CPN selected for project level
2024-05-11 16:33:34,047 [INFO] CADModel:114 - Register for checkConnection events
2024-05-11 16:33:34,047 [FATAL] Updater:308 - Updater called before beeing initialized
2024-05-11 16:33:34,047 [ERROR] CADModel:125 - Updater not yet initialized, retry later 
2024-05-11 16:33:34,052 [FATAL] Updater:308 - Updater called before beeing initialized
2024-05-11 16:33:34,170 [FATAL] Updater:308 - Updater called before beeing initialized
2024-05-11 16:33:34,176 [INFO] DbMcusAds:53 - JSON generation date=Thu May 02 14:07:29 IST 2024 (1714639049318)
2024-05-11 16:33:34,176 [FATAL] Updater:308 - Updater called before beeing initialized
2024-05-11 16:33:34,214 [WARN] DetailPanel:346 - Failed to get advertising image, set to default
2024-05-11 16:33:34,311 [FATAL] Updater:308 - Updater called before beeing initialized
2024-05-11 16:33:34,313 [FATAL] Updater:308 - Updater called before beeing initialized
2024-05-11 16:33:34,313 [FATAL] Updater:308 - Updater called before beeing initialized
2024-05-11 16:33:34,313 [WARN] DetailPanel:346 - Failed to get advertising image, set to default
2024-05-11 16:33:34,314 [FATAL] Updater:308 - Updater called before beeing initialized
2024-05-11 16:33:34,373 [ERROR] Updater:1120 - MainUpdater not yet initialized. External WinMGr cannot be set.
2024-05-11 16:33:34,376 [INFO] Updater:1056 - Updater Version found : 6.9.2
2024-05-11 16:33:34,404 [INFO] ApplicationProperties:184 - Using Application install path: C:\ST\STM32CubeIDE_1.13.2\STM32CubeIDE\plugins\com.st.stm32cube.common.mx_6.9.2.202309101412
2024-05-11 16:33:34,559 [INFO] MainUpdater:2868 - connection check result : 10
2024-05-11 16:33:34,560 [INFO] MainUpdater:285 - Updater Check For Update Now.
2024-05-11 16:33:34,560 [INFO] MicroXplorer:498 - Change Database Version : DB.6.0.92
2024-05-11 16:33:34,570 [INFO] McuFinderGlobals:63 - Set McuFinder mode to 2 (CubeIDE integrated)
2024-05-11 16:33:34,570 [INFO] UserAuth:179 - activating auth plugin
2024-05-11 16:33:34,579 [INFO] UserAuth:393 - Internet connection configuration mode: 1
2024-05-11 16:33:34,605 [INFO] JxBrowserEngine:151 - Initiate JxBrowser Engine with user profile folder
2024-05-11 16:33:34,767 [INFO] CheckServerUpdateThread:120 - End of CheckServer Thread
2024-05-11 16:33:35,478 [INFO] WebApp:157 - Instantiating new browser for Auth
2024-05-11 16:33:36,174 [WARN] PackLoader:240 - Cannot read IP mode file for STMicroelectronics.FP-SNS-MOTENVWB1.1.4.0
2024-05-11 16:33:36,188 [WARN] PackLoader:240 - Cannot read IP mode file for STMicroelectronics.X-CUBE-SMBUS.2.1.0
2024-05-11 16:33:36,194 [WARN] PackLoader:240 - Cannot read IP mode file for STMicroelectronics.X-CUBE-TOUCHGFX.4.23.0
2024-05-11 16:33:36,197 [WARN] PackLoader:240 - Cannot read IP mode file for STMicroelectronics.X-CUBE-TOUCHGFX.4.23.2
2024-05-11 16:33:36,241 [WARN] PackLoader:240 - Cannot read IP mode file for STMicroelectronics.X-CUBE-AZRTOS-F7.1.1.0
2024-05-11 16:33:36,257 [WARN] PackLoader:240 - Cannot read IP mode file for STMicroelectronics.FP-SNS-MOTENV1.4.3.2
2024-05-11 16:33:36,266 [WARN] PackLoader:240 - Cannot read IP mode file for STMicroelectronics.FP-SNS-FLIGHT1.5.0.2
2024-05-11 16:33:36,278 [WARN] PackLoader:240 - Cannot read IP mode file for STMicroelectronics.X-CUBE-DISPLAY.3.0.0
2024-05-11 16:33:36,295 [WARN] PackLoader:240 - Cannot read IP mode file for STMicroelectronics.X-CUBE-BLE1.7.0.0
2024-05-11 16:33:36,302 [WARN] PackLoader:240 - Cannot read IP mode file for emotas.I-CUBE-CANOPEN.1.3.0
2024-05-11 16:33:36,312 [INFO] WebApp:753 - Register for checkConnection events
2024-05-11 16:33:36,312 [INFO] WebApp:390 - Apply proxy settings
2024-05-11 16:33:36,312 [INFO] WebApp:475 - Chromium requires no authentication
2024-05-11 16:33:36,314 [WARN] PackLoader:240 - Cannot read IP mode file for STMicroelectronics.X-CUBE-BLEMGR.3.1.0
2024-05-11 16:33:36,326 [WARN] PackLoader:240 - Cannot read IP mode file for STMicroelectronics.FP-SNS-SMARTAG2.1.2.0
2024-05-11 16:33:36,328 [INFO] WebApp:418 - Direct internet connection detected
2024-05-11 16:33:36,341 [INFO] LogOutputStream:77 - [STDOUT_REDIRECT] 1 : Invalid condition id : UX_CORESTACK_Condition cause : null
2024-05-11 16:33:36,342 [INFO] LogOutputStream:77 - [STDOUT_REDIRECT] 1 : Invalid condition id : UX_CORESTACK_Condition cause : null
2024-05-11 16:33:36,344 [INFO] LogOutputStream:77 - [STDOUT_REDIRECT] 1 : Invalid condition id : UX_CORESTACK_Condition cause : null
2024-05-11 16:33:36,346 [INFO] LogOutputStream:77 - [STDOUT_REDIRECT] 1 : Invalid condition id : UX_CORESTACK_Condition cause : null
2024-05-11 16:33:36,348 [INFO] LogOutputStream:77 - [STDOUT_REDIRECT] 1 : Invalid condition id : UX_CORESTACK_Condition cause : null
2024-05-11 16:33:36,353 [WARN] PackLoader:240 - Cannot read IP mode file for STMicroelectronics.X-CUBE-AZRTOS-WL.2.0.0
2024-05-11 16:33:36,360 [WARN] PackLoader:240 - Cannot read IP mode file for STMicroelectronics.FP-SNS-MOTENV1.5.0.0
2024-05-11 16:33:36,375 [WARN] PackLoader:240 - Cannot read IP mode file for WES.I-CUBE-Cesium.1.3.0
2024-05-11 16:33:36,381 [WARN] PackLoader:240 - Cannot read IP mode file for STMicroelectronics.X-CUBE-BLE2.3.3.0
2024-05-11 16:33:36,389 [WARN] PackLoader:240 - Cannot read IP mode file for STMicroelectronics.X-CUBE-TCPP.4.1.0
2024-05-11 16:33:36,398 [WARN] PackLoader:240 - Cannot read IP mode file for STMicroelectronics.X-CUBE-ALGOBUILD.1.3.0
2024-05-11 16:33:36,420 [WARN] PackLoader:240 - Cannot read IP mode file for STMicroelectronics.X-CUBE-AZRTOS-G0.1.1.0
2024-05-11 16:33:36,430 [WARN] PackLoader:240 - Cannot read IP mode file for STMicroelectronics.X-CUBE-SAFEA1.1.2.2
2024-05-11 16:33:36,439 [WARN] PackLoader:240 - Cannot read IP mode file for STMicroelectronics.X-CUBE-NFC4.3.0.0
2024-05-11 16:33:36,451 [WARN] PackLoader:240 - Cannot read IP mode file for STMicroelectronics.X-CUBE-BLEMGR.3.0.0
2024-05-11 16:33:36,459 [WARN] PackLoader:240 - Cannot read IP mode file for STMicroelectronics.FP-ATR-SIGFOX1.3.2.0
2024-05-11 16:33:36,467 [WARN] PackLoader:240 - Cannot read IP mode file for STMicroelectronics.X-CUBE-EEPRMA1.5.1.0
2024-05-11 16:33:36,509 [WARN] PackLoader:240 - Cannot read IP mode file for SEGGER.I-CUBE-embOS.1.3.1
2024-05-11 16:33:36,582 [WARN] PackLoader:240 - Cannot read IP mode file for STMicroelectronics.X-CUBE-ALGOBUILD.1.4.0
2024-05-11 16:33:36,590 [WARN] PackLoader:240 - Cannot read IP mode file for STMicroelectronics.X-CUBE-GNSS1.6.0.0
2024-05-11 16:33:36,613 [WARN] PackLoader:240 - Cannot read IP mode file for STMicroelectronics.X-CUBE-AZRTOS-F4.1.1.0
2024-05-11 16:33:36,624 [WARN] PackLoader:240 - Cannot read IP mode file for wolfSSL.I-CUBE-wolfSSL.5.6.4
2024-05-11 16:33:36,631 [WARN] PackLoader:240 - Cannot read IP mode file for STMicroelectronics.X-CUBE-FREERTOS.1.2.0
2024-05-11 16:33:36,654 [WARN] PackLoader:240 - Cannot read IP mode file for STMicroelectronics.X-CUBE-AZRTOS-L5.2.0.0
2024-05-11 16:33:36,664 [WARN] PackLoader:240 - Cannot read IP mode file for STMicroelectronics.X-CUBE-EEPRMA1.4.2.0
2024-05-11 16:33:36,675 [WARN] PackLoader:240 - Cannot read IP mode file for STMicroelectronics.X-CUBE-NFC6.3.1.0
2024-05-11 16:33:36,686 [WARN] PackLoader:240 - Cannot read IP mode file for ITTIA_DB.I-CUBE-ITTIADB.8.8.0
2024-05-11 16:33:36,692 [WARN] PackLoader:240 - Cannot read IP mode file for STMicroelectronics.X-CUBE-AI.9.0.0
2024-05-11 16:33:36,700 [WARN] PackLoader:240 - Cannot read IP mode file for STMicroelectronics.X-CUBE-NFC7.1.0.1
2024-05-11 16:33:36,710 [WARN] PackLoader:240 - Cannot read IP mode file for STMicroelectronics.X-CUBE-NFC6.3.0.0
2024-05-11 16:33:36,718 [WARN] PackLoader:240 - Cannot read IP mode file for STMicroelectronics.X-CUBE-AI.8.1.0
2024-05-11 16:33:36,743 [WARN] ConditionMgr:438 - getConditionDescription Invalid condition id : LAN8742 Phy interface Condition cause : null
2024-05-11 16:33:36,744 [WARN] PackLoader:240 - Cannot read IP mode file for STMicroelectronics.X-CUBE-AZRTOS-L4.2.0.0
2024-05-11 16:33:36,747 [WARN] ConditionMgr:1039 - genDependencies : Invalid condition id : LAN8742 Phy interface Condition cause : null
2024-05-11 16:33:36,748 [WARN] ConditionMgr:1039 - genDependencies : Invalid condition id : LAN8742 Phy interface Condition cause : null
2024-05-11 16:33:36,749 [WARN] ConditionMgr:1039 - genDependencies : Invalid condition id : LAN8742 Phy interface Condition cause : null
2024-05-11 16:33:36,759 [WARN] PackLoader:240 - Cannot read IP mode file for STMicroelectronics.X-CUBE-SFXS2LP1.4.0.0
2024-05-11 16:33:36,773 [INFO] WebApp:188 - Starting web application
2024-05-11 16:33:36,773 [INFO] WebApp:520 - Web application path used C:\ST\STM32CubeIDE_1.13.2\STM32CubeIDE\plugins\com.st.stm32cube.common.mx_6.9.2.202309101412\db\plugins\mcufinder\reactClient1\index.html
2024-05-11 16:33:36,776 [WARN] ConditionMgr:438 - getConditionDescription Invalid condition id : UX DEVICE CLASS RTOS Condition cause : null
2024-05-11 16:33:36,776 [WARN] ConditionMgr:438 - getConditionDescription Invalid condition id : UX DEVICE CLASS RTOS Condition cause : null
2024-05-11 16:33:36,780 [WARN] PackLoader:240 - Cannot read IP mode file for STMicroelectronics.X-CUBE-AZRTOS-WB.2.0.0
2024-05-11 16:33:36,781 [WARN] ConditionMgr:1039 - genDependencies : Invalid condition id : UX DEVICE CLASS RTOS Condition cause : null
2024-05-11 16:33:36,781 [WARN] ConditionMgr:1039 - genDependencies : Invalid condition id : UX DEVICE CLASS RTOS Condition cause : null
2024-05-11 16:33:36,782 [WARN] ConditionMgr:1039 - genDependencies : Invalid condition id : UX DEVICE CLASS RTOS Condition cause : null
2024-05-11 16:33:36,782 [WARN] ConditionMgr:1039 - genDependencies : Invalid condition id : UX DEVICE CLASS RTOS Condition cause : null
2024-05-11 16:33:36,783 [WARN] ConditionMgr:1039 - genDependencies : Invalid condition id : UX DEVICE CLASS RTOS Condition cause : null
2024-05-11 16:33:36,799 [WARN] PackLoader:240 - Cannot read IP mode file for STMicroelectronics.X-CUBE-SUBG2.5.0.0
2024-05-11 16:33:36,827 [WARN] PackLoader:240 - Cannot read IP mode file for STMicroelectronics.X-CUBE-AZRTOS-G4.2.0.0
2024-05-11 16:33:36,844 [WARN] PackLoader:240 - Cannot read IP mode file for Infineon.AIROC-Wi-Fi-Bluetooth-STM32.1.5.1
2024-05-11 16:33:36,854 [WARN] PackLoader:240 - Cannot read IP mode file for STMicroelectronics.FP-SNS-MOTENVWB1.1.3.1
2024-05-11 16:33:36,860 [WARN] PackLoader:240 - Cannot read IP mode file for STMicroelectronics.X-CUBE-ISPU.2.0.0
2024-05-11 16:33:36,920 [WARN] PackLoader:240 - Cannot read IP mode file for STMicroelectronics.X-CUBE-MEMS1.10.0.0
2024-05-11 16:33:37,153 [WARN] PackLoader:240 - Cannot read IP mode file for STMicroelectronics.X-CUBE-FREERTOS.1.1.0
2024-05-11 16:33:37,161 [WARN] PackLoader:240 - Cannot read IP mode file for portGmbH.I-Cube-SoM-uGOAL.1.1.0
2024-05-11 16:33:37,166 [WARN] PackLoader:240 - Cannot read IP mode file for STMicroelectronics.X-CUBE-ALS.1.0.1
2024-05-11 16:33:37,189 [WARN] PackLoader:240 - Cannot read IP mode file for STMicroelectronics.X-CUBE-AZRTOS-H7RS.1.0.0
2024-05-11 16:33:37,197 [WARN] PackLoader:240 - Cannot read IP mode file for STMicroelectronics.FP-ATR-ASTRA1.2.0.0
2024-05-11 16:33:37,213 [WARN] PackLoader:240 - Cannot read IP mode file for STMicroelectronics.X-CUBE-TOF1.3.4.0
2024-05-11 16:33:37,250 [WARN] PackLoader:240 - Cannot read IP mode file for STMicroelectronics.X-CUBE-TOF1.3.4.1
2024-05-11 16:33:37,280 [WARN] PackLoader:240 - Cannot read IP mode file for STMicroelectronics.X-CUBE-AZRTOS-H7.3.2.0
2024-05-11 16:33:37,285 [INFO] ThirdParty:978 - Integrity check success = true
2024-05-11 16:33:37,285 [INFO] IntegrityCheckThread:100 - exiting critical section [integrity check]
2024-05-11 16:33:37,285 [INFO] IntegrityCheckThread:103 - End integrity checks thread
2024-05-11 16:33:57,717 [ERROR] LogOutputStream:75 - [STDERR_REDIRECT] SLF4J: Failed to load class "org.slf4j.impl.StaticLoggerBinder".
2024-05-11 16:33:57,718 [ERROR] LogOutputStream:75 - [STDERR_REDIRECT] SLF4J: Defaulting to no-operation (NOP) logger implementation
2024-05-11 16:33:57,720 [ERROR] LogOutputStream:75 - [STDERR_REDIRECT] SLF4J: See http://www.slf4j.org/codes.html#StaticLoggerBinder for further details.
2024-05-11 16:39:58,528 [ERROR] LogOutputStream:75 - [STDERR_REDIRECT] 
2024-05-11 17:08:03,494 [INFO] Activator:176 - 


2024-05-11 17:08:03,494 [INFO] Activator:177 - !SESSION log4j initialized
2024-05-11 17:08:07,020 [INFO] LogOutputStream:77 - [STDOUT_REDIRECT] 
2024-05-11 17:08:09,308 [INFO] ApplicationProperties:184 - Using Application install path: C:\ST\STM32CubeIDE_1.13.2\STM32CubeIDE\plugins\com.st.stm32cube.common.mx_6.9.2.202309101412
2024-05-11 17:08:09,331 [INFO] DbMcusXml:78 - Set database path to: C:\ST\STM32CubeIDE_1.13.2\STM32CubeIDE\plugins\com.st.stm32cube.common.mx_6.9.2.202309101412\\db\/mcu/
2024-05-11 17:08:09,331 [INFO] ApiDb:274 - Set plugin database path to: C:\ST\STM32CubeIDE_1.13.2\STM32CubeIDE\plugins\com.st.stm32cube.common.mx_6.9.2.202309101412\\db\/plugins/boardmanager/
2024-05-11 17:08:09,331 [WARN] ApiDb:259 - Overriding images path with different value:  => C:\ST\STM32CubeIDE_1.13.2\STM32CubeIDE\plugins\com.st.stm32cube.common.mx_6.9.2.202309101412\\db\/plugins/mcufinder/images/
2024-05-11 17:08:09,346 [INFO] ApiDb:250 - Set database path to: C:\Users\jammu\.stmcufinder\plugins\mcufinder//mcu/
2024-05-11 17:08:09,347 [INFO] DbMcusAds:125 - Set database path to: C:\Users\jammu\.stmcufinder\plugins\mcufinder//mcu/
2024-05-11 17:08:09,350 [INFO] CrossReferenceDbSqlite:203 - Set database path to: C:\Users\jammu\.stmcufinder\plugins\mcufinder//mcu/cs/
2024-05-11 17:08:09,476 [INFO] RulesReader:64 - Compatibility file has been processed (293 Rules)
2024-05-11 17:08:09,564 [INFO] DbMcusXml:78 - Set database path to: C:\ST\STM32CubeIDE_1.13.2\STM32CubeIDE\plugins\com.st.stm32cube.common.mx_6.9.2.202309101412\\db\/mcu/
2024-05-11 17:08:09,564 [INFO] ApiDb:274 - Set plugin database path to: C:\ST\STM32CubeIDE_1.13.2\STM32CubeIDE\plugins\com.st.stm32cube.common.mx_6.9.2.202309101412\\db\/plugins/boardmanager/
2024-05-11 17:08:09,564 [INFO] ApiDb:261 - Set plugin images path to: C:\ST\STM32CubeIDE_1.13.2\STM32CubeIDE\plugins\com.st.stm32cube.common.mx_6.9.2.202309101412\\db\/plugins/mcufinder/images/
2024-05-11 17:08:09,564 [WARN] DbFile:41 - Overriding database path with different value: C:\Users\jammu\.stmcufinder\plugins\mcufinder/ => C:\Users\jammu\.stmcufinder\plugins\mcufinder
2024-05-11 17:08:09,564 [INFO] ApiDb:250 - Set database path to: C:\Users\jammu\.stmcufinder\plugins\mcufinder//mcu/
2024-05-11 17:08:09,564 [WARN] DbFile:41 - Overriding database path with different value: C:\Users\jammu\.stmcufinder\plugins\mcufinder/ => C:\Users\jammu\.stmcufinder\plugins\mcufinder
2024-05-11 17:08:09,565 [INFO] DbMcusAds:125 - Set database path to: C:\Users\jammu\.stmcufinder\plugins\mcufinder//mcu/
2024-05-11 17:08:09,565 [WARN] DbFile:41 - Overriding database path with different value: C:\Users\jammu\.stmcufinder\plugins\mcufinder/ => C:\Users\jammu\.stmcufinder\plugins\mcufinder
2024-05-11 17:08:09,565 [WARN] DbFile:41 - Overriding database path with different value: C:\Users\jammu\.stmcufinder\plugins\mcufinder/ => C:\Users\jammu\.stmcufinder\plugins\mcufinder
2024-05-11 17:08:09,565 [INFO] CrossReferenceDbSqlite:203 - Set database path to: C:\Users\jammu\.stmcufinder\plugins\mcufinder//mcu/cs/
2024-05-11 17:08:09,709 [INFO] MainPanel:262 - HeapMemory: 268435456
2024-05-11 17:08:09,824 [INFO] DbMcusXml:78 - Set database path to: C:\ST\STM32CubeIDE_1.13.2\STM32CubeIDE\plugins\com.st.stm32cube.common.mx_6.9.2.202309101412\\db\/mcu/
2024-05-11 17:08:09,824 [INFO] ApiDb:274 - Set plugin database path to: C:\ST\STM32CubeIDE_1.13.2\STM32CubeIDE\plugins\com.st.stm32cube.common.mx_6.9.2.202309101412\\db\/plugins/boardmanager/
2024-05-11 17:08:09,824 [INFO] ApiDb:261 - Set plugin images path to: C:\ST\STM32CubeIDE_1.13.2\STM32CubeIDE\plugins\com.st.stm32cube.common.mx_6.9.2.202309101412\\db\/plugins/mcufinder/images/
2024-05-11 17:08:09,825 [WARN] DbFile:41 - Overriding database path with different value: C:\Users\jammu\.stmcufinder\plugins\mcufinder/ => C:\Users\jammu\.stmcufinder\plugins\mcufinder
2024-05-11 17:08:09,825 [INFO] ApiDb:250 - Set database path to: C:\Users\jammu\.stmcufinder\plugins\mcufinder//mcu/
2024-05-11 17:08:09,825 [WARN] DbFile:41 - Overriding database path with different value: C:\Users\jammu\.stmcufinder\plugins\mcufinder/ => C:\Users\jammu\.stmcufinder\plugins\mcufinder
2024-05-11 17:08:09,825 [INFO] DbMcusAds:125 - Set database path to: C:\Users\jammu\.stmcufinder\plugins\mcufinder//mcu/
2024-05-11 17:08:09,825 [WARN] DbFile:41 - Overriding database path with different value: C:\Users\jammu\.stmcufinder\plugins\mcufinder/ => C:\Users\jammu\.stmcufinder\plugins\mcufinder
2024-05-11 17:08:09,825 [WARN] DbFile:41 - Overriding database path with different value: C:\Users\jammu\.stmcufinder\plugins\mcufinder/ => C:\Users\jammu\.stmcufinder\plugins\mcufinder
2024-05-11 17:08:09,825 [INFO] CrossReferenceDbSqlite:203 - Set database path to: C:\Users\jammu\.stmcufinder\plugins\mcufinder//mcu/cs/
2024-05-11 17:08:09,845 [INFO] ApplicationProperties:184 - Using Application install path: C:\ST\STM32CubeIDE_1.13.2\STM32CubeIDE\plugins\com.st.stm32cube.common.mx_6.9.2.202309101412
2024-05-11 17:08:09,847 [INFO] PluginManage:196 - Search for loadable plugins [exclusion list=, ]
2024-05-11 17:08:09,849 [INFO] PluginManage:310 - Check plugin analytics
2024-05-11 17:08:10,049 [INFO] AnalyticsPlugin:253 - Accepted Software Licenses: 
2024-05-11 17:08:10,049 [INFO] AnalyticsPlugin:255 - Accepted CMSIS Pack Licenses: 
2024-05-11 17:08:10,049 [INFO] AnalyticsPlugin:257 - Accepted Firmware Licenses: FW.F4.1.27.0
2024-05-11 17:08:10,053 [INFO] PluginManage:359 - Loaded plugin analytics (category:tool,tabindex:-1)
2024-05-11 17:08:10,054 [INFO] PluginManage:310 - Check plugin cadmodel
2024-05-11 17:08:10,061 [INFO] CADModel:105 - Init CAD model plugin
2024-05-11 17:08:10,061 [INFO] PluginManage:359 - Loaded plugin cadmodel (category:power,tabindex:5)
2024-05-11 17:08:10,061 [INFO] PluginManage:310 - Check plugin clock
2024-05-11 17:08:10,072 [INFO] PluginManage:359 - Loaded plugin clock (category:base,tabindex:2)
2024-05-11 17:08:10,072 [INFO] PluginManage:310 - Check plugin ddr
2024-05-11 17:08:10,076 [INFO] PluginManage:359 - Loaded plugin ddr (category:tool,tabindex:6)
2024-05-11 17:08:10,076 [INFO] PluginManage:310 - Check plugin filemanager
2024-05-11 17:08:10,227 [INFO] PluginManage:359 - Loaded plugin filemanager (category:base,tabindex:10)
2024-05-11 17:08:10,227 [INFO] PluginManage:310 - Check plugin ipmanager
2024-05-11 17:08:10,236 [INFO] PluginManage:359 - Loaded plugin ipmanager (category:base,tabindex:5)
2024-05-11 17:08:10,236 [INFO] PluginManage:310 - Check plugin lpbam
2024-05-11 17:08:10,245 [INFO] PluginManage:359 - Loaded plugin lpbam (category:base,tabindex:0)
2024-05-11 17:08:10,245 [INFO] PluginManage:310 - Check plugin memorymap
2024-05-11 17:08:10,260 [INFO] PluginManage:359 - Loaded plugin memorymap (category:base,tabindex:4)
2024-05-11 17:08:10,260 [INFO] PluginManage:310 - Check plugin pinoutandconfiguration
2024-05-11 17:08:10,269 [INFO] PluginManage:359 - Loaded plugin pinoutandconfiguration (category:base,tabindex:1)
2024-05-11 17:08:10,269 [INFO] PluginManage:310 - Check plugin pinoutconfig
2024-05-11 17:08:10,368 [WARN] SupportedApi:132 - Cannot load RTOS API schema: s4s-elt-must-match.1: The content of 'definitions' must match (annotation?, (simpleType | complexType)?, (unique | key | keyref)*)). A problem was found starting at: attribute.
2024-05-11 17:08:10,529 [INFO] PluginManage:359 - Loaded plugin pinoutconfig (category:base,tabindex:0)
2024-05-11 17:08:10,529 [INFO] PluginManage:310 - Check plugin power
2024-05-11 17:08:10,544 [INFO] PluginManage:359 - Loaded plugin power (category:power,tabindex:4)
2024-05-11 17:08:10,544 [INFO] PluginManage:310 - Check plugin projectmanager
2024-05-11 17:08:10,564 [INFO] PluginManage:359 - Loaded plugin projectmanager (category:projectmanager,tabindex:3)
2024-05-11 17:08:10,564 [INFO] PluginManage:310 - Check plugin thirdparty
2024-05-11 17:08:10,716 [WARN] IntegrityCheckThread:84 - waiting for thirdparty lock release [integrity check]
2024-05-11 17:08:10,716 [INFO] IntegrityCheckThread:86 - entering critical section [integrity check]
2024-05-11 17:08:10,717 [INFO] PluginManage:359 - Loaded plugin thirdparty (category:base,tabindex:-1)
2024-05-11 17:08:10,717 [INFO] ThirdPartyUpdaterWithRetryManager:70 - Updater plugin not ready yet. [1/15]
2024-05-11 17:08:10,717 [INFO] PluginManage:310 - Check plugin tools
2024-05-11 17:08:10,720 [INFO] PluginManage:359 - Loaded plugin tools (category:base,tabindex:7)
2024-05-11 17:08:10,720 [INFO] PluginManage:310 - Check plugin tutovideos
2024-05-11 17:08:10,912 [INFO] PluginManage:359 - Loaded plugin tutovideos (category:base,tabindex:-1)
2024-05-11 17:08:10,913 [INFO] PluginManage:310 - Check plugin updater
2024-05-11 17:08:10,924 [INFO] PluginManage:359 - Loaded plugin updater (category:base,tabindex:12)
2024-05-11 17:08:10,924 [INFO] PluginManage:310 - Check plugin userauth
2024-05-11 17:08:10,933 [INFO] UserAuth:113 - Init User Auth plugin
2024-05-11 17:08:10,933 [INFO] PluginManage:359 - Loaded plugin userauth (category:base,tabindex:14)
2024-05-11 17:08:10,934 [INFO] PluginManage:283 - PluginManage : Loaded plugins [17]
2024-05-11 17:08:11,166 [INFO] PinOutPanel:1499 - setPackage(No Configuration,No Configuration)
2024-05-11 17:08:11,293 [INFO] CADModel:165 - CPN selected for project level
2024-05-11 17:08:11,293 [INFO] CADModel:114 - Register for checkConnection events
2024-05-11 17:08:11,311 [INFO] IPUIPlugin:80 - create IPUIPlugin
2024-05-11 17:08:11,311 [INFO] PluginManager:220 - loadIPPluginJar : add adc
2024-05-11 17:08:11,314 [INFO] IPUIPlugin:80 - create IPUIPlugin
2024-05-11 17:08:11,314 [INFO] PluginManager:220 - loadIPPluginJar : add aes
2024-05-11 17:08:11,317 [INFO] IPUIPlugin:80 - create IPUIPlugin
2024-05-11 17:08:11,317 [INFO] PluginManager:220 - loadIPPluginJar : add can
2024-05-11 17:08:11,319 [INFO] IPUIPlugin:80 - create IPUIPlugin
2024-05-11 17:08:11,319 [INFO] PluginManager:220 - loadIPPluginJar : add comp
2024-05-11 17:08:11,322 [INFO] IPUIPlugin:80 - create IPUIPlugin
2024-05-11 17:08:11,322 [INFO] PluginManager:220 - loadIPPluginJar : add cryp
2024-05-11 17:08:11,325 [INFO] IPUIPlugin:80 - create IPUIPlugin
2024-05-11 17:08:11,325 [INFO] PluginManager:220 - loadIPPluginJar : add dfsdm
2024-05-11 17:08:11,330 [INFO] IPUIPlugin:80 - create IPUIPlugin
2024-05-11 17:08:11,330 [INFO] PluginManager:220 - loadIPPluginJar : add dma
2024-05-11 17:08:11,333 [INFO] IPUIPlugin:80 - create IPUIPlugin
2024-05-11 17:08:11,333 [INFO] PluginManager:220 - loadIPPluginJar : add dma3
2024-05-11 17:08:11,335 [INFO] IPUIPlugin:80 - create IPUIPlugin
2024-05-11 17:08:11,335 [INFO] PluginManager:220 - loadIPPluginJar : add fatfs
2024-05-11 17:08:11,339 [INFO] IPUIPlugin:80 - create IPUIPlugin
2024-05-11 17:08:11,339 [INFO] PluginManager:220 - loadIPPluginJar : add fmc
2024-05-11 17:08:11,345 [INFO] IPUIPlugin:80 - create IPUIPlugin
2024-05-11 17:08:11,345 [INFO] PluginManager:220 - loadIPPluginJar : add freertos
2024-05-11 17:08:11,346 [INFO] IPUIPlugin:80 - create IPUIPlugin
2024-05-11 17:08:11,346 [INFO] PluginManager:220 - loadIPPluginJar : add genericplugin
2024-05-11 17:08:11,349 [INFO] IPUIPlugin:80 - create IPUIPlugin
2024-05-11 17:08:11,349 [INFO] PluginManager:220 - loadIPPluginJar : add gfxmmu
2024-05-11 17:08:11,353 [INFO] IPUIPlugin:80 - create IPUIPlugin
2024-05-11 17:08:11,354 [INFO] PluginManager:220 - loadIPPluginJar : add gic
2024-05-11 17:08:11,358 [INFO] IPUIPlugin:80 - create IPUIPlugin
2024-05-11 17:08:11,358 [INFO] PluginManager:220 - loadIPPluginJar : add gpio
2024-05-11 17:08:11,361 [INFO] IPUIPlugin:80 - create IPUIPlugin
2024-05-11 17:08:11,361 [INFO] PluginManager:220 - loadIPPluginJar : add gtzc
2024-05-11 17:08:11,364 [INFO] IPUIPlugin:80 - create IPUIPlugin
2024-05-11 17:08:11,364 [INFO] PluginManager:220 - loadIPPluginJar : add hash
2024-05-11 17:08:11,366 [INFO] IPUIPlugin:80 - create IPUIPlugin
2024-05-11 17:08:11,367 [INFO] PluginManager:220 - loadIPPluginJar : add i2c
2024-05-11 17:08:11,369 [INFO] IPUIPlugin:80 - create IPUIPlugin
2024-05-11 17:08:11,369 [INFO] PluginManager:220 - loadIPPluginJar : add i2s
2024-05-11 17:08:11,372 [INFO] IPUIPlugin:80 - create IPUIPlugin
2024-05-11 17:08:11,372 [INFO] PluginManager:220 - loadIPPluginJar : add i3c
2024-05-11 17:08:11,376 [INFO] IPUIPlugin:80 - create IPUIPlugin
2024-05-11 17:08:11,376 [INFO] PluginManager:220 - loadIPPluginJar : add ipddr
2024-05-11 17:08:11,384 [INFO] IPUIPlugin:80 - create IPUIPlugin
2024-05-11 17:08:11,384 [INFO] PluginManager:220 - loadIPPluginJar : add linkedlist
2024-05-11 17:08:11,387 [INFO] IPUIPlugin:80 - create IPUIPlugin
2024-05-11 17:08:11,387 [INFO] PluginManager:220 - loadIPPluginJar : add lorawan
2024-05-11 17:08:11,389 [INFO] IPUIPlugin:80 - create IPUIPlugin
2024-05-11 17:08:11,390 [INFO] PluginManager:220 - loadIPPluginJar : add ltdc
2024-05-11 17:08:11,396 [INFO] IPUIPlugin:80 - create IPUIPlugin
2024-05-11 17:08:11,396 [INFO] PluginManager:220 - loadIPPluginJar : add mdma
2024-05-11 17:08:11,400 [INFO] IPUIPlugin:80 - create IPUIPlugin
2024-05-11 17:08:11,401 [INFO] PluginManager:220 - loadIPPluginJar : add nvic
2024-05-11 17:08:11,404 [INFO] IPUIPlugin:80 - create IPUIPlugin
2024-05-11 17:08:11,404 [INFO] PluginManager:220 - loadIPPluginJar : add opamp
2024-05-11 17:08:11,407 [INFO] IPUIPlugin:80 - create IPUIPlugin
2024-05-11 17:08:11,407 [INFO] PluginManager:220 - loadIPPluginJar : add openamp
2024-05-11 17:08:11,412 [INFO] IPUIPlugin:80 - create IPUIPlugin
2024-05-11 17:08:11,412 [INFO] PluginManager:220 - loadIPPluginJar : add pdm2pcm
2024-05-11 17:08:11,420 [INFO] IPUIPlugin:80 - create IPUIPlugin
2024-05-11 17:08:11,422 [INFO] PluginManager:220 - loadIPPluginJar : add plateformsettings
2024-05-11 17:08:11,424 [INFO] IPUIPlugin:80 - create IPUIPlugin
2024-05-11 17:08:11,424 [INFO] PluginManager:220 - loadIPPluginJar : add quadspi
2024-05-11 17:08:11,428 [INFO] IPUIPlugin:80 - create IPUIPlugin
2024-05-11 17:08:11,428 [INFO] PluginManager:220 - loadIPPluginJar : add resmgrutility
2024-05-11 17:08:11,431 [INFO] IPUIPlugin:80 - create IPUIPlugin
2024-05-11 17:08:11,432 [INFO] PluginManager:220 - loadIPPluginJar : add sai
2024-05-11 17:08:11,434 [INFO] IPUIPlugin:80 - create IPUIPlugin
2024-05-11 17:08:11,434 [INFO] PluginManager:220 - loadIPPluginJar : add spi
2024-05-11 17:08:11,440 [INFO] IPUIPlugin:80 - create IPUIPlugin
2024-05-11 17:08:11,440 [INFO] PluginManager:220 - loadIPPluginJar : add stm32_wpan
2024-05-11 17:08:11,442 [INFO] IPUIPlugin:80 - create IPUIPlugin
2024-05-11 17:08:11,442 [INFO] PluginManager:220 - loadIPPluginJar : add tim
2024-05-11 17:08:11,445 [INFO] IPUIPlugin:80 - create IPUIPlugin
2024-05-11 17:08:11,445 [INFO] PluginManager:220 - loadIPPluginJar : add touchsensing
2024-05-11 17:08:11,447 [INFO] IPUIPlugin:80 - create IPUIPlugin
2024-05-11 17:08:11,448 [INFO] PluginManager:220 - loadIPPluginJar : add tracer_emb
2024-05-11 17:08:11,450 [INFO] IPUIPlugin:80 - create IPUIPlugin
2024-05-11 17:08:11,450 [INFO] PluginManager:220 - loadIPPluginJar : add ts
2024-05-11 17:08:11,452 [INFO] IPUIPlugin:80 - create IPUIPlugin
2024-05-11 17:08:11,452 [INFO] PluginManager:220 - loadIPPluginJar : add tsc
2024-05-11 17:08:11,454 [INFO] IPUIPlugin:80 - create IPUIPlugin
2024-05-11 17:08:11,455 [INFO] PluginManager:220 - loadIPPluginJar : add ucpd
2024-05-11 17:08:11,458 [INFO] IPUIPlugin:80 - create IPUIPlugin
2024-05-11 17:08:11,458 [INFO] PluginManager:220 - loadIPPluginJar : add usart
2024-05-11 17:08:11,461 [INFO] IPUIPlugin:80 - create IPUIPlugin
2024-05-11 17:08:11,461 [INFO] PluginManager:220 - loadIPPluginJar : add usbx
2024-05-11 17:08:11,589 [INFO] CADModel:165 - CPN selected for project level
2024-05-11 17:08:11,589 [INFO] CADModel:114 - Register for checkConnection events
2024-05-11 17:08:11,590 [FATAL] Updater:308 - Updater called before beeing initialized
2024-05-11 17:08:11,590 [ERROR] CADModel:125 - Updater not yet initialized, retry later 
2024-05-11 17:08:11,765 [INFO] CADModel:165 - CPN selected for project level
2024-05-11 17:08:11,765 [INFO] CADModel:114 - Register for checkConnection events
2024-05-11 17:08:11,765 [FATAL] Updater:308 - Updater called before beeing initialized
2024-05-11 17:08:11,765 [ERROR] CADModel:125 - Updater not yet initialized, retry later 
2024-05-11 17:08:11,769 [FATAL] Updater:308 - Updater called before beeing initialized
2024-05-11 17:08:11,886 [FATAL] Updater:308 - Updater called before beeing initialized
2024-05-11 17:08:11,893 [INFO] DbMcusAds:53 - JSON generation date=Thu May 02 14:07:29 IST 2024 (1714639049318)
2024-05-11 17:08:11,894 [FATAL] Updater:308 - Updater called before beeing initialized
2024-05-11 17:08:11,938 [WARN] DetailPanel:346 - Failed to get advertising image, set to default
2024-05-11 17:08:12,057 [FATAL] Updater:308 - Updater called before beeing initialized
2024-05-11 17:08:12,059 [FATAL] Updater:308 - Updater called before beeing initialized
2024-05-11 17:08:12,059 [FATAL] Updater:308 - Updater called before beeing initialized
2024-05-11 17:08:12,060 [WARN] DetailPanel:346 - Failed to get advertising image, set to default
2024-05-11 17:08:12,060 [FATAL] Updater:308 - Updater called before beeing initialized
2024-05-11 17:08:12,127 [ERROR] Updater:1120 - MainUpdater not yet initialized. External WinMGr cannot be set.
2024-05-11 17:08:12,129 [INFO] Updater:1056 - Updater Version found : 6.9.2
2024-05-11 17:08:12,151 [INFO] ApplicationProperties:184 - Using Application install path: C:\ST\STM32CubeIDE_1.13.2\STM32CubeIDE\plugins\com.st.stm32cube.common.mx_6.9.2.202309101412
2024-05-11 17:08:12,306 [INFO] MainUpdater:2868 - connection check result : 10
2024-05-11 17:08:12,307 [INFO] MainUpdater:285 - Updater Check For Update Now.
2024-05-11 17:08:12,308 [INFO] MicroXplorer:498 - Change Database Version : DB.6.0.92
2024-05-11 17:08:12,316 [INFO] McuFinderGlobals:63 - Set McuFinder mode to 2 (CubeIDE integrated)
2024-05-11 17:08:12,317 [INFO] UserAuth:179 - activating auth plugin
2024-05-11 17:08:12,321 [INFO] UserAuth:393 - Internet connection configuration mode: 1
2024-05-11 17:08:12,352 [INFO] JxBrowserEngine:151 - Initiate JxBrowser Engine with user profile folder
2024-05-11 17:08:12,504 [INFO] CheckServerUpdateThread:120 - End of CheckServer Thread
2024-05-11 17:08:13,344 [INFO] WebApp:157 - Instantiating new browser for Auth
2024-05-11 17:08:14,071 [WARN] PackLoader:240 - Cannot read IP mode file for STMicroelectronics.FP-SNS-MOTENVWB1.1.4.0
2024-05-11 17:08:14,091 [WARN] PackLoader:240 - Cannot read IP mode file for STMicroelectronics.X-CUBE-SMBUS.2.1.0
2024-05-11 17:08:14,100 [WARN] PackLoader:240 - Cannot read IP mode file for STMicroelectronics.X-CUBE-TOUCHGFX.4.23.0
2024-05-11 17:08:14,106 [WARN] PackLoader:240 - Cannot read IP mode file for STMicroelectronics.X-CUBE-TOUCHGFX.4.23.2
2024-05-11 17:08:14,169 [WARN] PackLoader:240 - Cannot read IP mode file for STMicroelectronics.X-CUBE-AZRTOS-F7.1.1.0
2024-05-11 17:08:14,191 [WARN] PackLoader:240 - Cannot read IP mode file for STMicroelectronics.FP-SNS-MOTENV1.4.3.2
2024-05-11 17:08:14,202 [WARN] PackLoader:240 - Cannot read IP mode file for STMicroelectronics.FP-SNS-FLIGHT1.5.0.2
2024-05-11 17:08:14,212 [WARN] PackLoader:240 - Cannot read IP mode file for STMicroelectronics.X-CUBE-DISPLAY.3.0.0
2024-05-11 17:08:14,227 [WARN] PackLoader:240 - Cannot read IP mode file for STMicroelectronics.X-CUBE-BLE1.7.0.0
2024-05-11 17:08:14,232 [WARN] PackLoader:240 - Cannot read IP mode file for emotas.I-CUBE-CANOPEN.1.3.0
2024-05-11 17:08:14,244 [WARN] PackLoader:240 - Cannot read IP mode file for STMicroelectronics.X-CUBE-BLEMGR.3.1.0
2024-05-11 17:08:14,252 [WARN] PackLoader:240 - Cannot read IP mode file for STMicroelectronics.FP-SNS-SMARTAG2.1.2.0
2024-05-11 17:08:14,263 [INFO] LogOutputStream:77 - [STDOUT_REDIRECT] 1 : Invalid condition id : UX_CORESTACK_Condition cause : null
2024-05-11 17:08:14,263 [INFO] LogOutputStream:77 - [STDOUT_REDIRECT] 1 : Invalid condition id : UX_CORESTACK_Condition cause : null
2024-05-11 17:08:14,265 [INFO] LogOutputStream:77 - [STDOUT_REDIRECT] 1 : Invalid condition id : UX_CORESTACK_Condition cause : null
2024-05-11 17:08:14,267 [INFO] LogOutputStream:77 - [STDOUT_REDIRECT] 1 : Invalid condition id : UX_CORESTACK_Condition cause : null
2024-05-11 17:08:14,268 [INFO] LogOutputStream:77 - [STDOUT_REDIRECT] 1 : Invalid condition id : UX_CORESTACK_Condition cause : null
2024-05-11 17:08:14,277 [WARN] PackLoader:240 - Cannot read IP mode file for STMicroelectronics.X-CUBE-AZRTOS-WL.2.0.0
2024-05-11 17:08:14,285 [WARN] PackLoader:240 - Cannot read IP mode file for STMicroelectronics.FP-SNS-MOTENV1.5.0.0
2024-05-11 17:08:14,297 [WARN] PackLoader:240 - Cannot read IP mode file for WES.I-CUBE-Cesium.1.3.0
2024-05-11 17:08:14,304 [WARN] PackLoader:240 - Cannot read IP mode file for STMicroelectronics.X-CUBE-BLE2.3.3.0
2024-05-11 17:08:14,312 [WARN] PackLoader:240 - Cannot read IP mode file for STMicroelectronics.X-CUBE-TCPP.4.1.0
2024-05-11 17:08:14,322 [WARN] PackLoader:240 - Cannot read IP mode file for STMicroelectronics.X-CUBE-ALGOBUILD.1.3.0
2024-05-11 17:08:14,344 [WARN] PackLoader:240 - Cannot read IP mode file for STMicroelectronics.X-CUBE-AZRTOS-G0.1.1.0
2024-05-11 17:08:14,354 [WARN] PackLoader:240 - Cannot read IP mode file for STMicroelectronics.X-CUBE-SAFEA1.1.2.2
2024-05-11 17:08:14,362 [WARN] PackLoader:240 - Cannot read IP mode file for STMicroelectronics.X-CUBE-NFC4.3.0.0
2024-05-11 17:08:14,372 [WARN] PackLoader:240 - Cannot read IP mode file for STMicroelectronics.X-CUBE-BLEMGR.3.0.0
2024-05-11 17:08:14,379 [WARN] PackLoader:240 - Cannot read IP mode file for STMicroelectronics.FP-ATR-SIGFOX1.3.2.0
2024-05-11 17:08:14,386 [WARN] PackLoader:240 - Cannot read IP mode file for STMicroelectronics.X-CUBE-EEPRMA1.5.1.0
2024-05-11 17:08:14,453 [WARN] PackLoader:240 - Cannot read IP mode file for SEGGER.I-CUBE-embOS.1.3.1
2024-05-11 17:08:14,549 [INFO] WebApp:753 - Register for checkConnection events
2024-05-11 17:08:14,549 [INFO] WebApp:390 - Apply proxy settings
2024-05-11 17:08:14,550 [INFO] WebApp:475 - Chromium requires no authentication
2024-05-11 17:08:14,556 [WARN] PackLoader:240 - Cannot read IP mode file for STMicroelectronics.X-CUBE-ALGOBUILD.1.4.0
2024-05-11 17:08:14,580 [WARN] PackLoader:240 - Cannot read IP mode file for STMicroelectronics.X-CUBE-GNSS1.6.0.0
2024-05-11 17:08:14,585 [INFO] WebApp:418 - Direct internet connection detected
2024-05-11 17:08:14,597 [WARN] PackLoader:240 - Cannot read IP mode file for STMicroelectronics.X-CUBE-AZRTOS-F4.1.1.0
2024-05-11 17:08:14,605 [WARN] PackLoader:240 - Cannot read IP mode file for wolfSSL.I-CUBE-wolfSSL.5.6.4
2024-05-11 17:08:14,611 [WARN] PackLoader:240 - Cannot read IP mode file for STMicroelectronics.X-CUBE-FREERTOS.1.2.0
2024-05-11 17:08:14,634 [WARN] PackLoader:240 - Cannot read IP mode file for STMicroelectronics.X-CUBE-AZRTOS-L5.2.0.0
2024-05-11 17:08:14,642 [WARN] PackLoader:240 - Cannot read IP mode file for STMicroelectronics.X-CUBE-EEPRMA1.4.2.0
2024-05-11 17:08:14,651 [WARN] PackLoader:240 - Cannot read IP mode file for STMicroelectronics.X-CUBE-NFC6.3.1.0
2024-05-11 17:08:14,659 [WARN] PackLoader:240 - Cannot read IP mode file for ITTIA_DB.I-CUBE-ITTIADB.8.8.0
2024-05-11 17:08:14,664 [WARN] PackLoader:240 - Cannot read IP mode file for STMicroelectronics.X-CUBE-AI.9.0.0
2024-05-11 17:08:14,670 [WARN] PackLoader:240 - Cannot read IP mode file for STMicroelectronics.X-CUBE-NFC7.1.0.1
2024-05-11 17:08:14,678 [WARN] PackLoader:240 - Cannot read IP mode file for STMicroelectronics.X-CUBE-NFC6.3.0.0
2024-05-11 17:08:14,684 [WARN] PackLoader:240 - Cannot read IP mode file for STMicroelectronics.X-CUBE-AI.8.1.0
2024-05-11 17:08:14,702 [WARN] ConditionMgr:438 - getConditionDescription Invalid condition id : LAN8742 Phy interface Condition cause : null
2024-05-11 17:08:14,703 [WARN] PackLoader:240 - Cannot read IP mode file for STMicroelectronics.X-CUBE-AZRTOS-L4.2.0.0
2024-05-11 17:08:14,705 [WARN] ConditionMgr:1039 - genDependencies : Invalid condition id : LAN8742 Phy interface Condition cause : null
2024-05-11 17:08:14,706 [WARN] ConditionMgr:1039 - genDependencies : Invalid condition id : LAN8742 Phy interface Condition cause : null
2024-05-11 17:08:14,706 [WARN] ConditionMgr:1039 - genDependencies : Invalid condition id : LAN8742 Phy interface Condition cause : null
2024-05-11 17:08:14,717 [WARN] PackLoader:240 - Cannot read IP mode file for STMicroelectronics.X-CUBE-SFXS2LP1.4.0.0
2024-05-11 17:08:14,731 [WARN] ConditionMgr:438 - getConditionDescription Invalid condition id : UX DEVICE CLASS RTOS Condition cause : null
2024-05-11 17:08:14,731 [WARN] ConditionMgr:438 - getConditionDescription Invalid condition id : UX DEVICE CLASS RTOS Condition cause : null
2024-05-11 17:08:14,734 [WARN] PackLoader:240 - Cannot read IP mode file for STMicroelectronics.X-CUBE-AZRTOS-WB.2.0.0
2024-05-11 17:08:14,735 [WARN] ConditionMgr:1039 - genDependencies : Invalid condition id : UX DEVICE CLASS RTOS Condition cause : null
2024-05-11 17:08:14,736 [WARN] ConditionMgr:1039 - genDependencies : Invalid condition id : UX DEVICE CLASS RTOS Condition cause : null
2024-05-11 17:08:14,736 [WARN] ConditionMgr:1039 - genDependencies : Invalid condition id : UX DEVICE CLASS RTOS Condition cause : null
2024-05-11 17:08:14,737 [WARN] ConditionMgr:1039 - genDependencies : Invalid condition id : UX DEVICE CLASS RTOS Condition cause : null
2024-05-11 17:08:14,737 [WARN] ConditionMgr:1039 - genDependencies : Invalid condition id : UX DEVICE CLASS RTOS Condition cause : null
2024-05-11 17:08:14,748 [WARN] PackLoader:240 - Cannot read IP mode file for STMicroelectronics.X-CUBE-SUBG2.5.0.0
2024-05-11 17:08:14,765 [WARN] PackLoader:240 - Cannot read IP mode file for STMicroelectronics.X-CUBE-AZRTOS-G4.2.0.0
2024-05-11 17:08:14,777 [WARN] PackLoader:240 - Cannot read IP mode file for Infineon.AIROC-Wi-Fi-Bluetooth-STM32.1.5.1
2024-05-11 17:08:14,791 [WARN] PackLoader:240 - Cannot read IP mode file for STMicroelectronics.FP-SNS-MOTENVWB1.1.3.1
2024-05-11 17:08:14,795 [WARN] PackLoader:240 - Cannot read IP mode file for STMicroelectronics.X-CUBE-ISPU.2.0.0
2024-05-11 17:08:14,839 [WARN] PackLoader:240 - Cannot read IP mode file for STMicroelectronics.X-CUBE-MEMS1.10.0.0
2024-05-11 17:08:14,969 [WARN] PackLoader:240 - Cannot read IP mode file for STMicroelectronics.X-CUBE-FREERTOS.1.1.0
2024-05-11 17:08:14,976 [WARN] PackLoader:240 - Cannot read IP mode file for portGmbH.I-Cube-SoM-uGOAL.1.1.0
2024-05-11 17:08:14,982 [WARN] PackLoader:240 - Cannot read IP mode file for STMicroelectronics.X-CUBE-ALS.1.0.1
2024-05-11 17:08:14,984 [INFO] WebApp:188 - Starting web application
2024-05-11 17:08:14,984 [INFO] WebApp:520 - Web application path used C:\ST\STM32CubeIDE_1.13.2\STM32CubeIDE\plugins\com.st.stm32cube.common.mx_6.9.2.202309101412\db\plugins\mcufinder\reactClient1\index.html
2024-05-11 17:08:15,008 [WARN] PackLoader:240 - Cannot read IP mode file for STMicroelectronics.X-CUBE-AZRTOS-H7RS.1.0.0
2024-05-11 17:08:15,014 [WARN] PackLoader:240 - Cannot read IP mode file for STMicroelectronics.FP-ATR-ASTRA1.2.0.0
2024-05-11 17:08:15,024 [WARN] PackLoader:240 - Cannot read IP mode file for STMicroelectronics.X-CUBE-TOF1.3.4.0
2024-05-11 17:08:15,042 [WARN] PackLoader:240 - Cannot read IP mode file for STMicroelectronics.X-CUBE-TOF1.3.4.1
2024-05-11 17:08:15,075 [WARN] PackLoader:240 - Cannot read IP mode file for STMicroelectronics.X-CUBE-AZRTOS-H7.3.2.0
2024-05-11 17:08:15,079 [INFO] ThirdParty:978 - Integrity check success = true
2024-05-11 17:08:15,080 [INFO] IntegrityCheckThread:100 - exiting critical section [integrity check]
2024-05-11 17:08:15,080 [INFO] IntegrityCheckThread:103 - End integrity checks thread
2024-05-11 17:08:35,741 [ERROR] LogOutputStream:75 - [STDERR_REDIRECT] SLF4J: Failed to load class "org.slf4j.impl.StaticLoggerBinder".
2024-05-11 17:08:35,741 [ERROR] LogOutputStream:75 - [STDERR_REDIRECT] SLF4J: Defaulting to no-operation (NOP) logger implementation
2024-05-11 17:08:35,743 [ERROR] LogOutputStream:75 - [STDERR_REDIRECT] SLF4J: See http://www.slf4j.org/codes.html#StaticLoggerBinder for further details.
